Building DAG of jobs...
Your conda installation is not configured to use strict channel priorities. This is however crucial for having robust and correct environments (for details, see https://conda-forge.org/docs/user/tipsandtricks.html). Please consider to configure strict priorities by executing 'conda config --set channel_priority strict'.
Creating conda environment envs/preprocessing.yml...
Downloading and installing remote packages.
Environment for /home/LC/kollad01/gray_fox_east_structure/rules/../envs/preprocessing.yml created (location: .snakemake/conda/f35050a180b8eb90f5a3405fd5c4a645_)
Creating conda environment envs/align_reads_to_ref.yml...
Downloading and installing remote packages.
Environment for /home/LC/kollad01/gray_fox_east_structure/rules/../envs/align_reads_to_ref.yml created (location: .snakemake/conda/c0bc1a7fa0e5ebaa590c1dd6f39ad3f8_)
Using shell: /bin/bash
Provided cores: 35
Rules claiming more threads will be scaled down.
Job stats:
job                      count
---------------------  -------
align_reads_to_ref         912
all                          1
build_bam_index_files      456
call_genotypes               1
convert_sams_to_bams       456
make_list_of_bams            1
merge_sams                 456
total                     2283

Select jobs to execute...

[Fri Jun  7 19:05:24 2024]
rule align_reads_to_ref:
    input: data/ref_genome/UCinero_ref.1.bt2, data/ref_genome/UCinero_ref.2.bt2, data/ref_genome/UCinero_ref.3.bt2, data/ref_genome/UCinero_ref.4.bt2, data/ref_genome/UCinero_ref.rev.1.bt2, data/ref_genome/UCinero_ref.rev.2.bt2, data/lane2/deduped/ucin077z.dedup
    output: data/lane2/sams/ucin077z.sam
    jobid: 1061
    reason: Missing output files: data/lane2/sams/ucin077z.sam; Software environment definition has changed since last execution
    wildcards: lane=2, sample=ucin077z
    resources: tmpdir=/tmp


Activating conda environment: .snakemake/conda/c0bc1a7fa0e5ebaa590c1dd6f39ad3f8_
[Fri Jun  7 19:05:24 2024]
rule align_reads_to_ref:
    input: data/ref_genome/UCinero_ref.1.bt2, data/ref_genome/UCinero_ref.2.bt2, data/ref_genome/UCinero_ref.3.bt2, data/ref_genome/UCinero_ref.4.bt2, data/ref_genome/UCinero_ref.rev.1.bt2, data/ref_genome/UCinero_ref.rev.2.bt2, data/lane2/deduped/ucin362z.dedup
    output: data/lane2/sams/ucin362z.sam
    jobid: 2186
    reason: Missing output files: data/lane2/sams/ucin362z.sam; Software environment definition has changed since last execution
    wildcards: lane=2, sample=ucin362z
    resources: tmpdir=/tmp


Activating conda environment: .snakemake/conda/c0bc1a7fa0e5ebaa590c1dd6f39ad3f8_
[Fri Jun  7 19:05:24 2024]
rule align_reads_to_ref:
    input: data/ref_genome/UCinero_ref.1.bt2, data/ref_genome/UCinero_ref.2.bt2, data/ref_genome/UCinero_ref.3.bt2, data/ref_genome/UCinero_ref.4.bt2, data/ref_genome/UCinero_ref.rev.1.bt2, data/ref_genome/UCinero_ref.rev.2.bt2, data/lane2/deduped/ucin267.dedup
    output: data/lane2/sams/ucin267.sam
    jobid: 1811
    reason: Missing output files: data/lane2/sams/ucin267.sam; Software environment definition has changed since last execution
    wildcards: lane=2, sample=ucin267
    resources: tmpdir=/tmp


Activating conda environment: .snakemake/conda/c0bc1a7fa0e5ebaa590c1dd6f39ad3f8_
[Fri Jun  7 19:05:24 2024]
rule align_reads_to_ref:
    input: data/ref_genome/UCinero_ref.1.bt2, data/ref_genome/UCinero_ref.2.bt2, data/ref_genome/UCinero_ref.3.bt2, data/ref_genome/UCinero_ref.4.bt2, data/ref_genome/UCinero_ref.rev.1.bt2, data/ref_genome/UCinero_ref.rev.2.bt2, data/lane2/deduped/ucin219.dedup
    output: data/lane2/sams/ucin219.sam
    jobid: 1586
    reason: Missing output files: data/lane2/sams/ucin219.sam; Software environment definition has changed since last execution
    wildcards: lane=2, sample=ucin219
    resources: tmpdir=/tmp


[Fri Jun  7 19:05:24 2024]
Activating conda environment: .snakemake/conda/c0bc1a7fa0e5ebaa590c1dd6f39ad3f8_
rule align_reads_to_ref:
    input: data/ref_genome/UCinero_ref.1.bt2, data/ref_genome/UCinero_ref.2.bt2, data/ref_genome/UCinero_ref.3.bt2, data/ref_genome/UCinero_ref.4.bt2, data/ref_genome/UCinero_ref.rev.1.bt2, data/ref_genome/UCinero_ref.rev.2.bt2, data/lane2/deduped/ucin422.dedup
    output: data/lane2/sams/ucin422.sam
    jobid: 2361
    reason: Missing output files: data/lane2/sams/ucin422.sam; Software environment definition has changed since last execution
    wildcards: lane=2, sample=ucin422
    resources: tmpdir=/tmp


Activating conda environment: .snakemake/conda/c0bc1a7fa0e5ebaa590c1dd6f39ad3f8_
[Fri Jun  7 19:05:24 2024]
rule align_reads_to_ref:
    input: data/ref_genome/UCinero_ref.1.bt2, data/ref_genome/UCinero_ref.2.bt2, data/ref_genome/UCinero_ref.3.bt2, data/ref_genome/UCinero_ref.4.bt2, data/ref_genome/UCinero_ref.rev.1.bt2, data/ref_genome/UCinero_ref.rev.2.bt2, data/lane2/deduped/131LC.dedup
    output: data/lane2/sams/131LC.sam
    jobid: 511
    reason: Missing output files: data/lane2/sams/131LC.sam; Software environment definition has changed since last execution
    wildcards: lane=2, sample=131LC
    resources: tmpdir=/tmp


Activating conda environment: .snakemake/conda/c0bc1a7fa0e5ebaa590c1dd6f39ad3f8_
[Fri Jun  7 19:05:24 2024]
rule align_reads_to_ref:
    input: data/ref_genome/UCinero_ref.1.bt2, data/ref_genome/UCinero_ref.2.bt2, data/ref_genome/UCinero_ref.3.bt2, data/ref_genome/UCinero_ref.4.bt2, data/ref_genome/UCinero_ref.rev.1.bt2, data/ref_genome/UCinero_ref.rev.2.bt2, data/lane1/deduped/F07LC.dedup
    output: data/lane1/sams/F07LC.sam
    jobid: 720
    reason: Missing output files: data/lane1/sams/F07LC.sam; Software environment definition has changed since last execution
    wildcards: lane=1, sample=F07LC
    resources: tmpdir=/tmp

Activating conda environment: .snakemake/conda/c0bc1a7fa0e5ebaa590c1dd6f39ad3f8_

[Fri Jun  7 19:05:24 2024]
rule align_reads_to_ref:
    input: data/ref_genome/UCinero_ref.1.bt2, data/ref_genome/UCinero_ref.2.bt2, data/ref_genome/UCinero_ref.3.bt2, data/ref_genome/UCinero_ref.4.bt2, data/ref_genome/UCinero_ref.rev.1.bt2, data/ref_genome/UCinero_ref.rev.2.bt2, data/lane2/deduped/ucin227conc.dedup
    output: data/lane2/sams/ucin227conc.sam
    jobid: 1626
    reason: Missing output files: data/lane2/sams/ucin227conc.sam; Software environment definition has changed since last execution
    wildcards: lane=2, sample=ucin227conc
    resources: tmpdir=/tmp


Activating conda environment: .snakemake/conda/c0bc1a7fa0e5ebaa590c1dd6f39ad3f8_
[Fri Jun  7 19:05:24 2024]
rule align_reads_to_ref:
    input: data/ref_genome/UCinero_ref.1.bt2, data/ref_genome/UCinero_ref.2.bt2, data/ref_genome/UCinero_ref.3.bt2, data/ref_genome/UCinero_ref.4.bt2, data/ref_genome/UCinero_ref.rev.1.bt2, data/ref_genome/UCinero_ref.rev.2.bt2, data/lane2/deduped/859RE.dedup
    output: data/lane2/sams/859RE.sam
    jobid: 676
    reason: Missing output files: data/lane2/sams/859RE.sam; Software environment definition has changed since last execution
    wildcards: lane=2, sample=859RE
    resources: tmpdir=/tmp

Activating conda environment: .snakemake/conda/c0bc1a7fa0e5ebaa590c1dd6f39ad3f8_

[Fri Jun  7 19:05:24 2024]
rule align_reads_to_ref:
    input: data/ref_genome/UCinero_ref.1.bt2, data/ref_genome/UCinero_ref.2.bt2, data/ref_genome/UCinero_ref.3.bt2, data/ref_genome/UCinero_ref.4.bt2, data/ref_genome/UCinero_ref.rev.1.bt2, data/ref_genome/UCinero_ref.rev.2.bt2, data/lane2/deduped/856.dedup
    output: data/lane2/sams/856.sam
    jobid: 376
    reason: Missing output files: data/lane2/sams/856.sam; Software environment definition has changed since last execution
    wildcards: lane=2, sample=856
    resources: tmpdir=/tmp


Activating conda environment: .snakemake/conda/c0bc1a7fa0e5ebaa590c1dd6f39ad3f8_
[Fri Jun  7 19:05:25 2024]
rule align_reads_to_ref:
    input: data/ref_genome/UCinero_ref.1.bt2, data/ref_genome/UCinero_ref.2.bt2, data/ref_genome/UCinero_ref.3.bt2, data/ref_genome/UCinero_ref.4.bt2, data/ref_genome/UCinero_ref.rev.1.bt2, data/ref_genome/UCinero_ref.rev.2.bt2, data/lane1/deduped/ucin129z.dedup
    output: data/lane1/sams/ucin129z.sam
    jobid: 1285
    reason: Missing output files: data/lane1/sams/ucin129z.sam; Software environment definition has changed since last execution
    wildcards: lane=1, sample=ucin129z
    resources: tmpdir=/tmp


Activating conda environment: .snakemake/conda/c0bc1a7fa0e5ebaa590c1dd6f39ad3f8_
[Fri Jun  7 19:05:25 2024]
rule align_reads_to_ref:
    input: data/ref_genome/UCinero_ref.1.bt2, data/ref_genome/UCinero_ref.2.bt2, data/ref_genome/UCinero_ref.3.bt2, data/ref_genome/UCinero_ref.4.bt2, data/ref_genome/UCinero_ref.rev.1.bt2, data/ref_genome/UCinero_ref.rev.2.bt2, data/lane1/deduped/ucin166z.dedup
    output: data/lane1/sams/ucin166z.sam
    jobid: 1460
    reason: Missing output files: data/lane1/sams/ucin166z.sam; Software environment definition has changed since last execution
    wildcards: lane=1, sample=ucin166z
    resources: tmpdir=/tmp

Activating conda environment: .snakemake/conda/c0bc1a7fa0e5ebaa590c1dd6f39ad3f8_

[Fri Jun  7 19:05:25 2024]
rule align_reads_to_ref:
    input: data/ref_genome/UCinero_ref.1.bt2, data/ref_genome/UCinero_ref.2.bt2, data/ref_genome/UCinero_ref.3.bt2, data/ref_genome/UCinero_ref.4.bt2, data/ref_genome/UCinero_ref.rev.1.bt2, data/ref_genome/UCinero_ref.rev.2.bt2, data/lane1/deduped/ucin098.dedup
    output: data/lane1/sams/ucin098.sam
    jobid: 1135
    reason: Forced execution
    wildcards: lane=1, sample=ucin098
    resources: tmpdir=/tmp

Activating conda environment: .snakemake/conda/c0bc1a7fa0e5ebaa590c1dd6f39ad3f8_

[Fri Jun  7 19:05:25 2024]
rule align_reads_to_ref:
    input: data/ref_genome/UCinero_ref.1.bt2, data/ref_genome/UCinero_ref.2.bt2, data/ref_genome/UCinero_ref.3.bt2, data/ref_genome/UCinero_ref.4.bt2, data/ref_genome/UCinero_ref.rev.1.bt2, data/ref_genome/UCinero_ref.rev.2.bt2, data/lane2/deduped/935.dedup
    output: data/lane2/sams/935.sam
    jobid: 416
    reason: Forced execution
    wildcards: lane=2, sample=935
    resources: tmpdir=/tmp


Activating conda environment: .snakemake/conda/c0bc1a7fa0e5ebaa590c1dd6f39ad3f8_
[Fri Jun  7 19:05:25 2024]
rule align_reads_to_ref:
    input: data/ref_genome/UCinero_ref.1.bt2, data/ref_genome/UCinero_ref.2.bt2, data/ref_genome/UCinero_ref.3.bt2, data/ref_genome/UCinero_ref.4.bt2, data/ref_genome/UCinero_ref.rev.1.bt2, data/ref_genome/UCinero_ref.rev.2.bt2, data/lane2/deduped/ucin353z.dedup
    output: data/lane2/sams/ucin353z.sam
    jobid: 2141
    reason: Missing output files: data/lane2/sams/ucin353z.sam; Software environment definition has changed since last execution
    wildcards: lane=2, sample=ucin353z
    resources: tmpdir=/tmp


Activating conda environment: .snakemake/conda/c0bc1a7fa0e5ebaa590c1dd6f39ad3f8_
[Fri Jun  7 19:05:25 2024]
rule align_reads_to_ref:
    input: data/ref_genome/UCinero_ref.1.bt2, data/ref_genome/UCinero_ref.2.bt2, data/ref_genome/UCinero_ref.3.bt2, data/ref_genome/UCinero_ref.4.bt2, data/ref_genome/UCinero_ref.rev.1.bt2, data/ref_genome/UCinero_ref.rev.2.bt2, data/lane2/deduped/ucin413replicate.dedup
    output: data/lane2/sams/ucin413replicate.sam
    jobid: 2316
    reason: Missing output files: data/lane2/sams/ucin413replicate.sam; Software environment definition has changed since last execution
    wildcards: lane=2, sample=ucin413replicate
    resources: tmpdir=/tmp

Activating conda environment: .snakemake/conda/c0bc1a7fa0e5ebaa590c1dd6f39ad3f8_

[Fri Jun  7 19:05:25 2024]
rule align_reads_to_ref:
    input: data/ref_genome/UCinero_ref.1.bt2, data/ref_genome/UCinero_ref.2.bt2, data/ref_genome/UCinero_ref.3.bt2, data/ref_genome/UCinero_ref.4.bt2, data/ref_genome/UCinero_ref.rev.1.bt2, data/ref_genome/UCinero_ref.rev.2.bt2, data/lane2/deduped/ucin244.dedup
    output: data/lane2/sams/ucin244.sam
    jobid: 1716
    reason: Forced execution
    wildcards: lane=2, sample=ucin244
    resources: tmpdir=/tmp

Activating conda environment: .snakemake/conda/c0bc1a7fa0e5ebaa590c1dd6f39ad3f8_

[Fri Jun  7 19:05:25 2024]
rule align_reads_to_ref:
    input: data/ref_genome/UCinero_ref.1.bt2, data/ref_genome/UCinero_ref.2.bt2, data/ref_genome/UCinero_ref.3.bt2, data/ref_genome/UCinero_ref.4.bt2, data/ref_genome/UCinero_ref.rev.1.bt2, data/ref_genome/UCinero_ref.rev.2.bt2, data/lane2/deduped/ucin017.dedup
    output: data/lane2/sams/ucin017.sam
    jobid: 816
    reason: Missing output files: data/lane2/sams/ucin017.sam; Software environment definition has changed since last execution
    wildcards: lane=2, sample=ucin017
    resources: tmpdir=/tmp

Activating conda environment: .snakemake/conda/c0bc1a7fa0e5ebaa590c1dd6f39ad3f8_

[Fri Jun  7 19:05:25 2024]
rule align_reads_to_ref:
    input: data/ref_genome/UCinero_ref.1.bt2, data/ref_genome/UCinero_ref.2.bt2, data/ref_genome/UCinero_ref.3.bt2, data/ref_genome/UCinero_ref.4.bt2, data/ref_genome/UCinero_ref.rev.1.bt2, data/ref_genome/UCinero_ref.rev.2.bt2, data/lane2/deduped/ucin259.dedup
    output: data/lane2/sams/ucin259.sam
    jobid: 1766
    reason: Missing output files: data/lane2/sams/ucin259.sam
    wildcards: lane=2, sample=ucin259
    resources: tmpdir=/tmp

Activating conda environment: .snakemake/conda/c0bc1a7fa0e5ebaa590c1dd6f39ad3f8_

[Fri Jun  7 19:05:25 2024]
rule align_reads_to_ref:
    input: data/ref_genome/UCinero_ref.1.bt2, data/ref_genome/UCinero_ref.2.bt2, data/ref_genome/UCinero_ref.3.bt2, data/ref_genome/UCinero_ref.4.bt2, data/ref_genome/UCinero_ref.rev.1.bt2, data/ref_genome/UCinero_ref.rev.2.bt2, data/lane1/deduped/ucin241.dedup
    output: data/lane1/sams/ucin241.sam
    jobid: 1700
    reason: Missing output files: data/lane1/sams/ucin241.sam; Software environment definition has changed since last execution
    wildcards: lane=1, sample=ucin241
    resources: tmpdir=/tmp

Activating conda environment: .snakemake/conda/c0bc1a7fa0e5ebaa590c1dd6f39ad3f8_

[Fri Jun  7 19:05:25 2024]
rule align_reads_to_ref:
    input: data/ref_genome/UCinero_ref.1.bt2, data/ref_genome/UCinero_ref.2.bt2, data/ref_genome/UCinero_ref.3.bt2, data/ref_genome/UCinero_ref.4.bt2, data/ref_genome/UCinero_ref.rev.1.bt2, data/ref_genome/UCinero_ref.rev.2.bt2, data/lane1/deduped/812RE.dedup
    output: data/lane1/sams/812RE.sam
    jobid: 600
    reason: Missing output files: data/lane1/sams/812RE.sam; Software environment definition has changed since last execution
    wildcards: lane=1, sample=812RE
    resources: tmpdir=/tmp

Activating conda environment: .snakemake/conda/c0bc1a7fa0e5ebaa590c1dd6f39ad3f8_

[Fri Jun  7 19:05:25 2024]
rule align_reads_to_ref:
    input: data/ref_genome/UCinero_ref.1.bt2, data/ref_genome/UCinero_ref.2.bt2, data/ref_genome/UCinero_ref.3.bt2, data/ref_genome/UCinero_ref.4.bt2, data/ref_genome/UCinero_ref.rev.1.bt2, data/ref_genome/UCinero_ref.rev.2.bt2, data/lane1/deduped/111LC.dedup
    output: data/lane1/sams/111LC.sam
    jobid: 475
    reason: Missing output files: data/lane1/sams/111LC.sam; Software environment definition has changed since last execution
    wildcards: lane=1, sample=111LC
    resources: tmpdir=/tmp

Activating conda environment: .snakemake/conda/c0bc1a7fa0e5ebaa590c1dd6f39ad3f8_

[Fri Jun  7 19:05:25 2024]
rule align_reads_to_ref:
    input: data/ref_genome/UCinero_ref.1.bt2, data/ref_genome/UCinero_ref.2.bt2, data/ref_genome/UCinero_ref.3.bt2, data/ref_genome/UCinero_ref.4.bt2, data/ref_genome/UCinero_ref.rev.1.bt2, data/ref_genome/UCinero_ref.rev.2.bt2, data/lane1/deduped/ucin122re.dedup
    output: data/lane1/sams/ucin122re.sam
    jobid: 1250
    reason: Missing output files: data/lane1/sams/ucin122re.sam; Software environment definition has changed since last execution
    wildcards: lane=1, sample=ucin122re
    resources: tmpdir=/tmp

Activating conda environment: .snakemake/conda/c0bc1a7fa0e5ebaa590c1dd6f39ad3f8_

[Fri Jun  7 19:05:25 2024]
rule align_reads_to_ref:
    input: data/ref_genome/UCinero_ref.1.bt2, data/ref_genome/UCinero_ref.2.bt2, data/ref_genome/UCinero_ref.3.bt2, data/ref_genome/UCinero_ref.4.bt2, data/ref_genome/UCinero_ref.rev.1.bt2, data/ref_genome/UCinero_ref.rev.2.bt2, data/lane2/deduped/862RE.dedup
    output: data/lane2/sams/862RE.sam
    jobid: 681
    reason: Missing output files: data/lane2/sams/862RE.sam; Software environment definition has changed since last execution
    wildcards: lane=2, sample=862RE
    resources: tmpdir=/tmp

Activating conda environment: .snakemake/conda/c0bc1a7fa0e5ebaa590c1dd6f39ad3f8_

[Fri Jun  7 19:05:25 2024]
rule align_reads_to_ref:
    input: data/ref_genome/UCinero_ref.1.bt2, data/ref_genome/UCinero_ref.2.bt2, data/ref_genome/UCinero_ref.3.bt2, data/ref_genome/UCinero_ref.4.bt2, data/ref_genome/UCinero_ref.rev.1.bt2, data/ref_genome/UCinero_ref.rev.2.bt2, data/lane2/deduped/ucin228z.dedup
    output: data/lane2/sams/ucin228z.sam
    jobid: 1631
    reason: Missing output files: data/lane2/sams/ucin228z.sam; Software environment definition has changed since last execution
    wildcards: lane=2, sample=ucin228z
    resources: tmpdir=/tmp

Activating conda environment: .snakemake/conda/c0bc1a7fa0e5ebaa590c1dd6f39ad3f8_

[Fri Jun  7 19:05:25 2024]
rule align_reads_to_ref:
    input: data/ref_genome/UCinero_ref.1.bt2, data/ref_genome/UCinero_ref.2.bt2, data/ref_genome/UCinero_ref.3.bt2, data/ref_genome/UCinero_ref.4.bt2, data/ref_genome/UCinero_ref.rev.1.bt2, data/ref_genome/UCinero_ref.rev.2.bt2, data/lane2/deduped/ucin261replicate.dedup
    output: data/lane2/sams/ucin261replicate.sam
    jobid: 1781
    reason: Forced execution
    wildcards: lane=2, sample=ucin261replicate
    resources: tmpdir=/tmp

Activating conda environment: .snakemake/conda/c0bc1a7fa0e5ebaa590c1dd6f39ad3f8_

[Fri Jun  7 19:05:25 2024]
rule align_reads_to_ref:
    input: data/ref_genome/UCinero_ref.1.bt2, data/ref_genome/UCinero_ref.2.bt2, data/ref_genome/UCinero_ref.3.bt2, data/ref_genome/UCinero_ref.4.bt2, data/ref_genome/UCinero_ref.rev.1.bt2, data/ref_genome/UCinero_ref.rev.2.bt2, data/lane2/deduped/ucin405.dedup
    output: data/lane2/sams/ucin405.sam
    jobid: 2271
    reason: Missing output files: data/lane2/sams/ucin405.sam; Software environment definition has changed since last execution
    wildcards: lane=2, sample=ucin405
    resources: tmpdir=/tmp

Activating conda environment: .snakemake/conda/c0bc1a7fa0e5ebaa590c1dd6f39ad3f8_

[Fri Jun  7 19:05:25 2024]
rule align_reads_to_ref:
    input: data/ref_genome/UCinero_ref.1.bt2, data/ref_genome/UCinero_ref.2.bt2, data/ref_genome/UCinero_ref.3.bt2, data/ref_genome/UCinero_ref.4.bt2, data/ref_genome/UCinero_ref.rev.1.bt2, data/ref_genome/UCinero_ref.rev.2.bt2, data/lane2/deduped/ucin275.dedup
    output: data/lane2/sams/ucin275.sam
    jobid: 1846
    reason: Missing output files: data/lane2/sams/ucin275.sam; Software environment definition has changed since last execution
    wildcards: lane=2, sample=ucin275
    resources: tmpdir=/tmp

Activating conda environment: .snakemake/conda/c0bc1a7fa0e5ebaa590c1dd6f39ad3f8_

[Fri Jun  7 19:05:25 2024]
rule align_reads_to_ref:
    input: data/ref_genome/UCinero_ref.1.bt2, data/ref_genome/UCinero_ref.2.bt2, data/ref_genome/UCinero_ref.3.bt2, data/ref_genome/UCinero_ref.4.bt2, data/ref_genome/UCinero_ref.rev.1.bt2, data/ref_genome/UCinero_ref.rev.2.bt2, data/lane2/deduped/ucin035.dedup
    output: data/lane2/sams/ucin035.sam
    jobid: 896
    reason: Missing output files: data/lane2/sams/ucin035.sam; Software environment definition has changed since last execution
    wildcards: lane=2, sample=ucin035
    resources: tmpdir=/tmp

Activating conda environment: .snakemake/conda/c0bc1a7fa0e5ebaa590c1dd6f39ad3f8_

[Fri Jun  7 19:05:25 2024]
rule align_reads_to_ref:
    input: data/ref_genome/UCinero_ref.1.bt2, data/ref_genome/UCinero_ref.2.bt2, data/ref_genome/UCinero_ref.3.bt2, data/ref_genome/UCinero_ref.4.bt2, data/ref_genome/UCinero_ref.rev.1.bt2, data/ref_genome/UCinero_ref.rev.2.bt2, data/lane2/deduped/ucin354.dedup
    output: data/lane2/sams/ucin354.sam
    jobid: 2146
    reason: Missing output files: data/lane2/sams/ucin354.sam; Software environment definition has changed since last execution
    wildcards: lane=2, sample=ucin354
    resources: tmpdir=/tmp

Activating conda environment: .snakemake/conda/c0bc1a7fa0e5ebaa590c1dd6f39ad3f8_

[Fri Jun  7 19:05:25 2024]
rule align_reads_to_ref:
    input: data/ref_genome/UCinero_ref.1.bt2, data/ref_genome/UCinero_ref.2.bt2, data/ref_genome/UCinero_ref.3.bt2, data/ref_genome/UCinero_ref.4.bt2, data/ref_genome/UCinero_ref.rev.1.bt2, data/ref_genome/UCinero_ref.rev.2.bt2, data/lane2/deduped/936.dedup
    output: data/lane2/sams/936.sam
    jobid: 421
    reason: Missing output files: data/lane2/sams/936.sam; Software environment definition has changed since last execution
    wildcards: lane=2, sample=936
    resources: tmpdir=/tmp

Activating conda environment: .snakemake/conda/c0bc1a7fa0e5ebaa590c1dd6f39ad3f8_

[Fri Jun  7 19:05:25 2024]
rule align_reads_to_ref:
    input: data/ref_genome/UCinero_ref.1.bt2, data/ref_genome/UCinero_ref.2.bt2, data/ref_genome/UCinero_ref.3.bt2, data/ref_genome/UCinero_ref.4.bt2, data/ref_genome/UCinero_ref.rev.1.bt2, data/ref_genome/UCinero_ref.rev.2.bt2, data/lane1/deduped/ucin346.dedup
    output: data/lane1/sams/ucin346.sam
    jobid: 2105
    reason: Missing output files: data/lane1/sams/ucin346.sam; Software environment definition has changed since last execution
    wildcards: lane=1, sample=ucin346
    resources: tmpdir=/tmp

Activating conda environment: .snakemake/conda/c0bc1a7fa0e5ebaa590c1dd6f39ad3f8_

[Fri Jun  7 19:05:25 2024]
rule align_reads_to_ref:
    input: data/ref_genome/UCinero_ref.1.bt2, data/ref_genome/UCinero_ref.2.bt2, data/ref_genome/UCinero_ref.3.bt2, data/ref_genome/UCinero_ref.4.bt2, data/ref_genome/UCinero_ref.rev.1.bt2, data/ref_genome/UCinero_ref.rev.2.bt2, data/lane1/deduped/ucin138.dedup
    output: data/lane1/sams/ucin138.sam
    jobid: 1330
    reason: Missing output files: data/lane1/sams/ucin138.sam; Software environment definition has changed since last execution
    wildcards: lane=1, sample=ucin138
    resources: tmpdir=/tmp

Activating conda environment: .snakemake/conda/c0bc1a7fa0e5ebaa590c1dd6f39ad3f8_

[Fri Jun  7 19:05:25 2024]
rule align_reads_to_ref:
    input: data/ref_genome/UCinero_ref.1.bt2, data/ref_genome/UCinero_ref.2.bt2, data/ref_genome/UCinero_ref.3.bt2, data/ref_genome/UCinero_ref.4.bt2, data/ref_genome/UCinero_ref.rev.1.bt2, data/ref_genome/UCinero_ref.rev.2.bt2, data/lane1/deduped/ucin266reconc.dedup
    output: data/lane1/sams/ucin266reconc.sam
    jobid: 1805
    reason: Missing output files: data/lane1/sams/ucin266reconc.sam; Software environment definition has changed since last execution
    wildcards: lane=1, sample=ucin266reconc
    resources: tmpdir=/tmp

Activating conda environment: .snakemake/conda/c0bc1a7fa0e5ebaa590c1dd6f39ad3f8_

[Fri Jun  7 19:05:25 2024]
rule align_reads_to_ref:
    input: data/ref_genome/UCinero_ref.1.bt2, data/ref_genome/UCinero_ref.2.bt2, data/ref_genome/UCinero_ref.3.bt2, data/ref_genome/UCinero_ref.4.bt2, data/ref_genome/UCinero_ref.rev.1.bt2, data/ref_genome/UCinero_ref.rev.2.bt2, data/lane1/deduped/ucin063RE.dedup
    output: data/lane1/sams/ucin063RE.sam
    jobid: 1030
    reason: Missing output files: data/lane1/sams/ucin063RE.sam; Software environment definition has changed since last execution
    wildcards: lane=1, sample=ucin063RE
    resources: tmpdir=/tmp

Activating conda environment: .snakemake/conda/c0bc1a7fa0e5ebaa590c1dd6f39ad3f8_
[Fri Jun  7 19:05:36 2024]
Finished job 2186.
1 of 2283 steps (0.0%) done
Select jobs to execute...

[Fri Jun  7 19:05:37 2024]
rule align_reads_to_ref:
    input: data/ref_genome/UCinero_ref.1.bt2, data/ref_genome/UCinero_ref.2.bt2, data/ref_genome/UCinero_ref.3.bt2, data/ref_genome/UCinero_ref.4.bt2, data/ref_genome/UCinero_ref.rev.1.bt2, data/ref_genome/UCinero_ref.rev.2.bt2, data/lane2/deduped/206LC.dedup
    output: data/lane2/sams/206LC.sam
    jobid: 576
    reason: Missing output files: data/lane2/sams/206LC.sam; Software environment definition has changed since last execution
    wildcards: lane=2, sample=206LC
    resources: tmpdir=/tmp

Activating conda environment: .snakemake/conda/c0bc1a7fa0e5ebaa590c1dd6f39ad3f8_
[Fri Jun  7 19:05:43 2024]
Finished job 2141.
2 of 2283 steps (0.1%) done
Select jobs to execute...

[Fri Jun  7 19:05:43 2024]
rule align_reads_to_ref:
    input: data/ref_genome/UCinero_ref.1.bt2, data/ref_genome/UCinero_ref.2.bt2, data/ref_genome/UCinero_ref.3.bt2, data/ref_genome/UCinero_ref.4.bt2, data/ref_genome/UCinero_ref.rev.1.bt2, data/ref_genome/UCinero_ref.rev.2.bt2, data/lane1/deduped/101.dedup
    output: data/lane1/sams/101.sam
    jobid: 5
    reason: Missing output files: data/lane1/sams/101.sam; Software environment definition has changed since last execution
    wildcards: lane=1, sample=101
    resources: tmpdir=/tmp

Activating conda environment: .snakemake/conda/c0bc1a7fa0e5ebaa590c1dd6f39ad3f8_
[Fri Jun  7 19:05:49 2024]
Finished job 1781.
3 of 2283 steps (0.1%) done
Select jobs to execute...

[Fri Jun  7 19:05:50 2024]
rule align_reads_to_ref:
    input: data/ref_genome/UCinero_ref.1.bt2, data/ref_genome/UCinero_ref.2.bt2, data/ref_genome/UCinero_ref.3.bt2, data/ref_genome/UCinero_ref.4.bt2, data/ref_genome/UCinero_ref.rev.1.bt2, data/ref_genome/UCinero_ref.rev.2.bt2, data/lane1/deduped/ucin412.dedup
    output: data/lane1/sams/ucin412.sam
    jobid: 2305
    reason: Missing output files: data/lane1/sams/ucin412.sam; Software environment definition has changed since last execution
    wildcards: lane=1, sample=ucin412
    resources: tmpdir=/tmp

Activating conda environment: .snakemake/conda/c0bc1a7fa0e5ebaa590c1dd6f39ad3f8_
[Fri Jun  7 19:05:58 2024]
Finished job 1250.
4 of 2283 steps (0.2%) done
Select jobs to execute...

[Fri Jun  7 19:05:59 2024]
rule align_reads_to_ref:
    input: data/ref_genome/UCinero_ref.1.bt2, data/ref_genome/UCinero_ref.2.bt2, data/ref_genome/UCinero_ref.3.bt2, data/ref_genome/UCinero_ref.4.bt2, data/ref_genome/UCinero_ref.rev.1.bt2, data/ref_genome/UCinero_ref.rev.2.bt2, data/lane1/deduped/ucin002.dedup
    output: data/lane1/sams/ucin002.sam
    jobid: 750
    reason: Missing output files: data/lane1/sams/ucin002.sam
    wildcards: lane=1, sample=ucin002
    resources: tmpdir=/tmp

Activating conda environment: .snakemake/conda/c0bc1a7fa0e5ebaa590c1dd6f39ad3f8_
[Fri Jun  7 19:06:00 2024]
Finished job 2361.
5 of 2283 steps (0.2%) done
Select jobs to execute...

[Fri Jun  7 19:06:00 2024]
rule align_reads_to_ref:
    input: data/ref_genome/UCinero_ref.1.bt2, data/ref_genome/UCinero_ref.2.bt2, data/ref_genome/UCinero_ref.3.bt2, data/ref_genome/UCinero_ref.4.bt2, data/ref_genome/UCinero_ref.rev.1.bt2, data/ref_genome/UCinero_ref.rev.2.bt2, data/lane1/deduped/139LC.dedup
    output: data/lane1/sams/139LC.sam
    jobid: 530
    reason: Missing output files: data/lane1/sams/139LC.sam; Software environment definition has changed since last execution
    wildcards: lane=1, sample=139LC
    resources: tmpdir=/tmp

Activating conda environment: .snakemake/conda/c0bc1a7fa0e5ebaa590c1dd6f39ad3f8_
[Fri Jun  7 19:06:02 2024]
Finished job 1586.
6 of 2283 steps (0.3%) done
Select jobs to execute...

[Fri Jun  7 19:06:03 2024]
rule align_reads_to_ref:
    input: data/ref_genome/UCinero_ref.1.bt2, data/ref_genome/UCinero_ref.2.bt2, data/ref_genome/UCinero_ref.3.bt2, data/ref_genome/UCinero_ref.4.bt2, data/ref_genome/UCinero_ref.rev.1.bt2, data/ref_genome/UCinero_ref.rev.2.bt2, data/lane1/deduped/ucin041.dedup
    output: data/lane1/sams/ucin041.sam
    jobid: 925
    reason: Missing output files: data/lane1/sams/ucin041.sam
    wildcards: lane=1, sample=ucin041
    resources: tmpdir=/tmp

Activating conda environment: .snakemake/conda/c0bc1a7fa0e5ebaa590c1dd6f39ad3f8_
[Fri Jun  7 19:06:04 2024]
Finished job 1460.
7 of 2283 steps (0.3%) done
Select jobs to execute...

[Fri Jun  7 19:06:04 2024]
rule align_reads_to_ref:
    input: data/ref_genome/UCinero_ref.1.bt2, data/ref_genome/UCinero_ref.2.bt2, data/ref_genome/UCinero_ref.3.bt2, data/ref_genome/UCinero_ref.4.bt2, data/ref_genome/UCinero_ref.rev.1.bt2, data/ref_genome/UCinero_ref.rev.2.bt2, data/lane2/deduped/ucin359.dedup
    output: data/lane2/sams/ucin359.sam
    jobid: 2171
    reason: Missing output files: data/lane2/sams/ucin359.sam; Software environment definition has changed since last execution
    wildcards: lane=2, sample=ucin359
    resources: tmpdir=/tmp

Activating conda environment: .snakemake/conda/c0bc1a7fa0e5ebaa590c1dd6f39ad3f8_
Terminating processes on user request, this might take some time.
[Fri Jun  7 19:06:27 2024]
[Fri Jun  7 19:06:27 2024]
[Fri Jun  7 19:06:27 2024]
[Fri Jun  7 19:06:27 2024]
Error in rule align_reads_to_ref:
    jobid: 1700
    input: data/ref_genome/UCinero_ref.1.bt2, data/ref_genome/UCinero_ref.2.bt2, data/ref_genome/UCinero_ref.3.bt2, data/ref_genome/UCinero_ref.4.bt2, data/ref_genome/UCinero_ref.rev.1.bt2, data/ref_genome/UCinero_ref.rev.2.bt2, data/lane1/deduped/ucin241.dedup
    output: data/lane1/sams/ucin241.sam
    conda-env: /home/LC/kollad01/gray_fox_east_structure/.snakemake/conda/c0bc1a7fa0e5ebaa590c1dd6f39ad3f8_
    shell:
        
        bowtie2 --no-unal --score-min L,16,1 --local -L 16 -x data/ref_genome/UCinero_ref -U data/lane1/deduped/ucin241.dedup -S data/lane1/sams/ucin241.sam
        
        (one of the commands exited with non-zero exit code; note that snakemake uses bash strict mode!)

[Fri Jun  7 19:06:27 2024]
[Fri Jun  7 19:06:27 2024]
[Fri Jun  7 19:06:27 2024]
[Fri Jun  7 19:06:27 2024]
[Fri Jun  7 19:06:27 2024]
[Fri Jun  7 19:06:27 2024]
[Fri Jun  7 19:06:27 2024]
Error in rule align_reads_to_ref:
    jobid: 1805
    input: data/ref_genome/UCinero_ref.1.bt2, data/ref_genome/UCinero_ref.2.bt2, data/ref_genome/UCinero_ref.3.bt2, data/ref_genome/UCinero_ref.4.bt2, data/ref_genome/UCinero_ref.rev.1.bt2, data/ref_genome/UCinero_ref.rev.2.bt2, data/lane1/deduped/ucin266reconc.dedup
    output: data/lane1/sams/ucin266reconc.sam
    conda-env: /home/LC/kollad01/gray_fox_east_structure/.snakemake/conda/c0bc1a7fa0e5ebaa590c1dd6f39ad3f8_
    shell:
        
        bowtie2 --no-unal --score-min L,16,1 --local -L 16 -x data/ref_genome/UCinero_ref -U data/lane1/deduped/ucin266reconc.dedup -S data/lane1/sams/ucin266reconc.sam
        
        (one of the commands exited with non-zero exit code; note that snakemake uses bash strict mode!)

[Fri Jun  7 19:06:27 2024]
[Fri Jun  7 19:06:27 2024]
[Fri Jun  7 19:06:27 2024]
[Fri Jun  7 19:06:27 2024]
[Fri Jun  7 19:06:27 2024]
[Fri Jun  7 19:06:27 2024]
[Fri Jun  7 19:06:27 2024]
[Fri Jun  7 19:06:27 2024]
[Fri Jun  7 19:06:27 2024]
[Fri Jun  7 19:06:27 2024]
[Fri Jun  7 19:06:27 2024]
Error in rule align_reads_to_ref:
    jobid: 1766
    input: data/ref_genome/UCinero_ref.1.bt2, data/ref_genome/UCinero_ref.2.bt2, data/ref_genome/UCinero_ref.3.bt2, data/ref_genome/UCinero_ref.4.bt2, data/ref_genome/UCinero_ref.rev.1.bt2, data/ref_genome/UCinero_ref.rev.2.bt2, data/lane2/deduped/ucin259.dedup
    output: data/lane2/sams/ucin259.sam
    conda-env: /home/LC/kollad01/gray_fox_east_structure/.snakemake/conda/c0bc1a7fa0e5ebaa590c1dd6f39ad3f8_
    shell:
        
        bowtie2 --no-unal --score-min L,16,1 --local -L 16 -x data/ref_genome/UCinero_ref -U data/lane2/deduped/ucin259.dedup -S data/lane2/sams/ucin259.sam
        
        (one of the commands exited with non-zero exit code; note that snakemake uses bash strict mode!)

Error in rule align_reads_to_ref:
    jobid: 925
    input: data/ref_genome/UCinero_ref.1.bt2, data/ref_genome/UCinero_ref.2.bt2, data/ref_genome/UCinero_ref.3.bt2, data/ref_genome/UCinero_ref.4.bt2, data/ref_genome/UCinero_ref.rev.1.bt2, data/ref_genome/UCinero_ref.rev.2.bt2, data/lane1/deduped/ucin041.dedup
    output: data/lane1/sams/ucin041.sam
    conda-env: /home/LC/kollad01/gray_fox_east_structure/.snakemake/conda/c0bc1a7fa0e5ebaa590c1dd6f39ad3f8_
    shell:
        
        bowtie2 --no-unal --score-min L,16,1 --local -L 16 -x data/ref_genome/UCinero_ref -U data/lane1/deduped/ucin041.dedup -S data/lane1/sams/ucin041.sam
        
        (one of the commands exited with non-zero exit code; note that snakemake uses bash strict mode!)

[Fri Jun  7 19:06:27 2024]
Error in rule align_reads_to_ref:
    jobid: 1330
    input: data/ref_genome/UCinero_ref.1.bt2, data/ref_genome/UCinero_ref.2.bt2, data/ref_genome/UCinero_ref.3.bt2, data/ref_genome/UCinero_ref.4.bt2, data/ref_genome/UCinero_ref.rev.1.bt2, data/ref_genome/UCinero_ref.rev.2.bt2, data/lane1/deduped/ucin138.dedup
    output: data/lane1/sams/ucin138.sam
    conda-env: /home/LC/kollad01/gray_fox_east_structure/.snakemake/conda/c0bc1a7fa0e5ebaa590c1dd6f39ad3f8_
    shell:
        
        bowtie2 --no-unal --score-min L,16,1 --local -L 16 -x data/ref_genome/UCinero_ref -U data/lane1/deduped/ucin138.dedup -S data/lane1/sams/ucin138.sam
        
        (one of the commands exited with non-zero exit code; note that snakemake uses bash strict mode!)

[Fri Jun  7 19:06:27 2024]
Error in rule align_reads_to_ref:
    jobid: 576
    input: data/ref_genome/UCinero_ref.1.bt2, data/ref_genome/UCinero_ref.2.bt2, data/ref_genome/UCinero_ref.3.bt2, data/ref_genome/UCinero_ref.4.bt2, data/ref_genome/UCinero_ref.rev.1.bt2, data/ref_genome/UCinero_ref.rev.2.bt2, data/lane2/deduped/206LC.dedup
    output: data/lane2/sams/206LC.sam
    conda-env: /home/LC/kollad01/gray_fox_east_structure/.snakemake/conda/c0bc1a7fa0e5ebaa590c1dd6f39ad3f8_
    shell:
        
        bowtie2 --no-unal --score-min L,16,1 --local -L 16 -x data/ref_genome/UCinero_ref -U data/lane2/deduped/206LC.dedup -S data/lane2/sams/206LC.sam
        
        (one of the commands exited with non-zero exit code; note that snakemake uses bash strict mode!)

[Fri Jun  7 19:06:27 2024]
[Fri Jun  7 19:06:27 2024]
Error in rule align_reads_to_ref:
    jobid: 2146
    input: data/ref_genome/UCinero_ref.1.bt2, data/ref_genome/UCinero_ref.2.bt2, data/ref_genome/UCinero_ref.3.bt2, data/ref_genome/UCinero_ref.4.bt2, data/ref_genome/UCinero_ref.rev.1.bt2, data/ref_genome/UCinero_ref.rev.2.bt2, data/lane2/deduped/ucin354.dedup
    output: data/lane2/sams/ucin354.sam
    conda-env: /home/LC/kollad01/gray_fox_east_structure/.snakemake/conda/c0bc1a7fa0e5ebaa590c1dd6f39ad3f8_
    shell:
        
        bowtie2 --no-unal --score-min L,16,1 --local -L 16 -x data/ref_genome/UCinero_ref -U data/lane2/deduped/ucin354.dedup -S data/lane2/sams/ucin354.sam
        
        (one of the commands exited with non-zero exit code; note that snakemake uses bash strict mode!)

Error in rule align_reads_to_ref:
    jobid: 530
    input: data/ref_genome/UCinero_ref.1.bt2, data/ref_genome/UCinero_ref.2.bt2, data/ref_genome/UCinero_ref.3.bt2, data/ref_genome/UCinero_ref.4.bt2, data/ref_genome/UCinero_ref.rev.1.bt2, data/ref_genome/UCinero_ref.rev.2.bt2, data/lane1/deduped/139LC.dedup
    output: data/lane1/sams/139LC.sam
    conda-env: /home/LC/kollad01/gray_fox_east_structure/.snakemake/conda/c0bc1a7fa0e5ebaa590c1dd6f39ad3f8_
    shell:
        
        bowtie2 --no-unal --score-min L,16,1 --local -L 16 -x data/ref_genome/UCinero_ref -U data/lane1/deduped/139LC.dedup -S data/lane1/sams/139LC.sam
        
        (one of the commands exited with non-zero exit code; note that snakemake uses bash strict mode!)

[Fri Jun  7 19:06:27 2024]
[Fri Jun  7 19:06:27 2024]
Error in rule align_reads_to_ref:
    jobid: 750
    input: data/ref_genome/UCinero_ref.1.bt2, data/ref_genome/UCinero_ref.2.bt2, data/ref_genome/UCinero_ref.3.bt2, data/ref_genome/UCinero_ref.4.bt2, data/ref_genome/UCinero_ref.rev.1.bt2, data/ref_genome/UCinero_ref.rev.2.bt2, data/lane1/deduped/ucin002.dedup
    output: data/lane1/sams/ucin002.sam
    conda-env: /home/LC/kollad01/gray_fox_east_structure/.snakemake/conda/c0bc1a7fa0e5ebaa590c1dd6f39ad3f8_
    shell:
        
        bowtie2 --no-unal --score-min L,16,1 --local -L 16 -x data/ref_genome/UCinero_ref -U data/lane1/deduped/ucin002.dedup -S data/lane1/sams/ucin002.sam
        
        (one of the commands exited with non-zero exit code; note that snakemake uses bash strict mode!)

Error in rule align_reads_to_ref:
    jobid: 2171
    input: data/ref_genome/UCinero_ref.1.bt2, data/ref_genome/UCinero_ref.2.bt2, data/ref_genome/UCinero_ref.3.bt2, data/ref_genome/UCinero_ref.4.bt2, data/ref_genome/UCinero_ref.rev.1.bt2, data/ref_genome/UCinero_ref.rev.2.bt2, data/lane2/deduped/ucin359.dedup
    output: data/lane2/sams/ucin359.sam
    conda-env: /home/LC/kollad01/gray_fox_east_structure/.snakemake/conda/c0bc1a7fa0e5ebaa590c1dd6f39ad3f8_
    shell:
        
        bowtie2 --no-unal --score-min L,16,1 --local -L 16 -x data/ref_genome/UCinero_ref -U data/lane2/deduped/ucin359.dedup -S data/lane2/sams/ucin359.sam
        
        (one of the commands exited with non-zero exit code; note that snakemake uses bash strict mode!)

Error in rule align_reads_to_ref:
    jobid: 2316
    input: data/ref_genome/UCinero_ref.1.bt2, data/ref_genome/UCinero_ref.2.bt2, data/ref_genome/UCinero_ref.3.bt2, data/ref_genome/UCinero_ref.4.bt2, data/ref_genome/UCinero_ref.rev.1.bt2, data/ref_genome/UCinero_ref.rev.2.bt2, data/lane2/deduped/ucin413replicate.dedup
    output: data/lane2/sams/ucin413replicate.sam
    conda-env: /home/LC/kollad01/gray_fox_east_structure/.snakemake/conda/c0bc1a7fa0e5ebaa590c1dd6f39ad3f8_
    shell:
        
        bowtie2 --no-unal --score-min L,16,1 --local -L 16 -x data/ref_genome/UCinero_ref -U data/lane2/deduped/ucin413replicate.dedup -S data/lane2/sams/ucin413replicate.sam
        
        (one of the commands exited with non-zero exit code; note that snakemake uses bash strict mode!)

[Fri Jun  7 19:06:27 2024]
Error in rule align_reads_to_ref:
    jobid: 600
    input: data/ref_genome/UCinero_ref.1.bt2, data/ref_genome/UCinero_ref.2.bt2, data/ref_genome/UCinero_ref.3.bt2, data/ref_genome/UCinero_ref.4.bt2, data/ref_genome/UCinero_ref.rev.1.bt2, data/ref_genome/UCinero_ref.rev.2.bt2, data/lane1/deduped/812RE.dedup
    output: data/lane1/sams/812RE.sam
    conda-env: /home/LC/kollad01/gray_fox_east_structure/.snakemake/conda/c0bc1a7fa0e5ebaa590c1dd6f39ad3f8_
    shell:
        
        bowtie2 --no-unal --score-min L,16,1 --local -L 16 -x data/ref_genome/UCinero_ref -U data/lane1/deduped/812RE.dedup -S data/lane1/sams/812RE.sam
        
        (one of the commands exited with non-zero exit code; note that snakemake uses bash strict mode!)

Error in rule align_reads_to_ref:
    jobid: 421
    input: data/ref_genome/UCinero_ref.1.bt2, data/ref_genome/UCinero_ref.2.bt2, data/ref_genome/UCinero_ref.3.bt2, data/ref_genome/UCinero_ref.4.bt2, data/ref_genome/UCinero_ref.rev.1.bt2, data/ref_genome/UCinero_ref.rev.2.bt2, data/lane2/deduped/936.dedup
    output: data/lane2/sams/936.sam
    conda-env: /home/LC/kollad01/gray_fox_east_structure/.snakemake/conda/c0bc1a7fa0e5ebaa590c1dd6f39ad3f8_
    shell:
        
        bowtie2 --no-unal --score-min L,16,1 --local -L 16 -x data/ref_genome/UCinero_ref -U data/lane2/deduped/936.dedup -S data/lane2/sams/936.sam
        
        (one of the commands exited with non-zero exit code; note that snakemake uses bash strict mode!)

Error in rule align_reads_to_ref:
    jobid: 681
    input: data/ref_genome/UCinero_ref.1.bt2, data/ref_genome/UCinero_ref.2.bt2, data/ref_genome/UCinero_ref.3.bt2, data/ref_genome/UCinero_ref.4.bt2, data/ref_genome/UCinero_ref.rev.1.bt2, data/ref_genome/UCinero_ref.rev.2.bt2, data/lane2/deduped/862RE.dedup
    output: data/lane2/sams/862RE.sam
    conda-env: /home/LC/kollad01/gray_fox_east_structure/.snakemake/conda/c0bc1a7fa0e5ebaa590c1dd6f39ad3f8_
    shell:
        
        bowtie2 --no-unal --score-min L,16,1 --local -L 16 -x data/ref_genome/UCinero_ref -U data/lane2/deduped/862RE.dedup -S data/lane2/sams/862RE.sam
        
        (one of the commands exited with non-zero exit code; note that snakemake uses bash strict mode!)

[Fri Jun  7 19:06:27 2024]
[Fri Jun  7 19:06:27 2024]
Error in rule align_reads_to_ref:
    jobid: 1631
    input: data/ref_genome/UCinero_ref.1.bt2, data/ref_genome/UCinero_ref.2.bt2, data/ref_genome/UCinero_ref.3.bt2, data/ref_genome/UCinero_ref.4.bt2, data/ref_genome/UCinero_ref.rev.1.bt2, data/ref_genome/UCinero_ref.rev.2.bt2, data/lane2/deduped/ucin228z.dedup
    output: data/lane2/sams/ucin228z.sam
    conda-env: /home/LC/kollad01/gray_fox_east_structure/.snakemake/conda/c0bc1a7fa0e5ebaa590c1dd6f39ad3f8_
    shell:
        
        bowtie2 --no-unal --score-min L,16,1 --local -L 16 -x data/ref_genome/UCinero_ref -U data/lane2/deduped/ucin228z.dedup -S data/lane2/sams/ucin228z.sam
        
        (one of the commands exited with non-zero exit code; note that snakemake uses bash strict mode!)

Error in rule align_reads_to_ref:
    jobid: 416
    input: data/ref_genome/UCinero_ref.1.bt2, data/ref_genome/UCinero_ref.2.bt2, data/ref_genome/UCinero_ref.3.bt2, data/ref_genome/UCinero_ref.4.bt2, data/ref_genome/UCinero_ref.rev.1.bt2, data/ref_genome/UCinero_ref.rev.2.bt2, data/lane2/deduped/935.dedup
    output: data/lane2/sams/935.sam
    conda-env: /home/LC/kollad01/gray_fox_east_structure/.snakemake/conda/c0bc1a7fa0e5ebaa590c1dd6f39ad3f8_
    shell:
        
        bowtie2 --no-unal --score-min L,16,1 --local -L 16 -x data/ref_genome/UCinero_ref -U data/lane2/deduped/935.dedup -S data/lane2/sams/935.sam
        
        (one of the commands exited with non-zero exit code; note that snakemake uses bash strict mode!)

Error in rule align_reads_to_ref:
    jobid: 720
    input: data/ref_genome/UCinero_ref.1.bt2, data/ref_genome/UCinero_ref.2.bt2, data/ref_genome/UCinero_ref.3.bt2, data/ref_genome/UCinero_ref.4.bt2, data/ref_genome/UCinero_ref.rev.1.bt2, data/ref_genome/UCinero_ref.rev.2.bt2, data/lane1/deduped/F07LC.dedup
    output: data/lane1/sams/F07LC.sam
    conda-env: /home/LC/kollad01/gray_fox_east_structure/.snakemake/conda/c0bc1a7fa0e5ebaa590c1dd6f39ad3f8_
    shell:
        
        bowtie2 --no-unal --score-min L,16,1 --local -L 16 -x data/ref_genome/UCinero_ref -U data/lane1/deduped/F07LC.dedup -S data/lane1/sams/F07LC.sam
        
        (one of the commands exited with non-zero exit code; note that snakemake uses bash strict mode!)

Error in rule align_reads_to_ref:
    jobid: 2105
    input: data/ref_genome/UCinero_ref.1.bt2, data/ref_genome/UCinero_ref.2.bt2, data/ref_genome/UCinero_ref.3.bt2, data/ref_genome/UCinero_ref.4.bt2, data/ref_genome/UCinero_ref.rev.1.bt2, data/ref_genome/UCinero_ref.rev.2.bt2, data/lane1/deduped/ucin346.dedup
    output: data/lane1/sams/ucin346.sam
    conda-env: /home/LC/kollad01/gray_fox_east_structure/.snakemake/conda/c0bc1a7fa0e5ebaa590c1dd6f39ad3f8_
    shell:
        
        bowtie2 --no-unal --score-min L,16,1 --local -L 16 -x data/ref_genome/UCinero_ref -U data/lane1/deduped/ucin346.dedup -S data/lane1/sams/ucin346.sam
        
        (one of the commands exited with non-zero exit code; note that snakemake uses bash strict mode!)

Error in rule align_reads_to_ref:
    jobid: 1061
    input: data/ref_genome/UCinero_ref.1.bt2, data/ref_genome/UCinero_ref.2.bt2, data/ref_genome/UCinero_ref.3.bt2, data/ref_genome/UCinero_ref.4.bt2, data/ref_genome/UCinero_ref.rev.1.bt2, data/ref_genome/UCinero_ref.rev.2.bt2, data/lane2/deduped/ucin077z.dedup
    output: data/lane2/sams/ucin077z.sam
    conda-env: /home/LC/kollad01/gray_fox_east_structure/.snakemake/conda/c0bc1a7fa0e5ebaa590c1dd6f39ad3f8_
    shell:
        
        bowtie2 --no-unal --score-min L,16,1 --local -L 16 -x data/ref_genome/UCinero_ref -U data/lane2/deduped/ucin077z.dedup -S data/lane2/sams/ucin077z.sam
        
        (one of the commands exited with non-zero exit code; note that snakemake uses bash strict mode!)

Error in rule align_reads_to_ref:
    jobid: 1285
    input: data/ref_genome/UCinero_ref.1.bt2, data/ref_genome/UCinero_ref.2.bt2, data/ref_genome/UCinero_ref.3.bt2, data/ref_genome/UCinero_ref.4.bt2, data/ref_genome/UCinero_ref.rev.1.bt2, data/ref_genome/UCinero_ref.rev.2.bt2, data/lane1/deduped/ucin129z.dedup
    output: data/lane1/sams/ucin129z.sam
    conda-env: /home/LC/kollad01/gray_fox_east_structure/.snakemake/conda/c0bc1a7fa0e5ebaa590c1dd6f39ad3f8_
    shell:
        
        bowtie2 --no-unal --score-min L,16,1 --local -L 16 -x data/ref_genome/UCinero_ref -U data/lane1/deduped/ucin129z.dedup -S data/lane1/sams/ucin129z.sam
        
        (one of the commands exited with non-zero exit code; note that snakemake uses bash strict mode!)

Error in rule align_reads_to_ref:
    jobid: 1811
    input: data/ref_genome/UCinero_ref.1.bt2, data/ref_genome/UCinero_ref.2.bt2, data/ref_genome/UCinero_ref.3.bt2, data/ref_genome/UCinero_ref.4.bt2, data/ref_genome/UCinero_ref.rev.1.bt2, data/ref_genome/UCinero_ref.rev.2.bt2, data/lane2/deduped/ucin267.dedup
    output: data/lane2/sams/ucin267.sam
    conda-env: /home/LC/kollad01/gray_fox_east_structure/.snakemake/conda/c0bc1a7fa0e5ebaa590c1dd6f39ad3f8_
    shell:
        
        bowtie2 --no-unal --score-min L,16,1 --local -L 16 -x data/ref_genome/UCinero_ref -U data/lane2/deduped/ucin267.dedup -S data/lane2/sams/ucin267.sam
        
        (one of the commands exited with non-zero exit code; note that snakemake uses bash strict mode!)

Error in rule align_reads_to_ref:
    jobid: 1626
    input: data/ref_genome/UCinero_ref.1.bt2, data/ref_genome/UCinero_ref.2.bt2, data/ref_genome/UCinero_ref.3.bt2, data/ref_genome/UCinero_ref.4.bt2, data/ref_genome/UCinero_ref.rev.1.bt2, data/ref_genome/UCinero_ref.rev.2.bt2, data/lane2/deduped/ucin227conc.dedup
    output: data/lane2/sams/ucin227conc.sam
    conda-env: /home/LC/kollad01/gray_fox_east_structure/.snakemake/conda/c0bc1a7fa0e5ebaa590c1dd6f39ad3f8_
    shell:
        
        bowtie2 --no-unal --score-min L,16,1 --local -L 16 -x data/ref_genome/UCinero_ref -U data/lane2/deduped/ucin227conc.dedup -S data/lane2/sams/ucin227conc.sam
        
        (one of the commands exited with non-zero exit code; note that snakemake uses bash strict mode!)

Error in rule align_reads_to_ref:
    jobid: 1030
    input: data/ref_genome/UCinero_ref.1.bt2, data/ref_genome/UCinero_ref.2.bt2, data/ref_genome/UCinero_ref.3.bt2, data/ref_genome/UCinero_ref.4.bt2, data/ref_genome/UCinero_ref.rev.1.bt2, data/ref_genome/UCinero_ref.rev.2.bt2, data/lane1/deduped/ucin063RE.dedup
    output: data/lane1/sams/ucin063RE.sam
    conda-env: /home/LC/kollad01/gray_fox_east_structure/.snakemake/conda/c0bc1a7fa0e5ebaa590c1dd6f39ad3f8_
    shell:
        
        bowtie2 --no-unal --score-min L,16,1 --local -L 16 -x data/ref_genome/UCinero_ref -U data/lane1/deduped/ucin063RE.dedup -S data/lane1/sams/ucin063RE.sam
        
        (one of the commands exited with non-zero exit code; note that snakemake uses bash strict mode!)

Error in rule align_reads_to_ref:
    jobid: 676
    input: data/ref_genome/UCinero_ref.1.bt2, data/ref_genome/UCinero_ref.2.bt2, data/ref_genome/UCinero_ref.3.bt2, data/ref_genome/UCinero_ref.4.bt2, data/ref_genome/UCinero_ref.rev.1.bt2, data/ref_genome/UCinero_ref.rev.2.bt2, data/lane2/deduped/859RE.dedup
    output: data/lane2/sams/859RE.sam
    conda-env: /home/LC/kollad01/gray_fox_east_structure/.snakemake/conda/c0bc1a7fa0e5ebaa590c1dd6f39ad3f8_
    shell:
        
        bowtie2 --no-unal --score-min L,16,1 --local -L 16 -x data/ref_genome/UCinero_ref -U data/lane2/deduped/859RE.dedup -S data/lane2/sams/859RE.sam
        
        (one of the commands exited with non-zero exit code; note that snakemake uses bash strict mode!)

Error in rule align_reads_to_ref:
    jobid: 1846
    input: data/ref_genome/UCinero_ref.1.bt2, data/ref_genome/UCinero_ref.2.bt2, data/ref_genome/UCinero_ref.3.bt2, data/ref_genome/UCinero_ref.4.bt2, data/ref_genome/UCinero_ref.rev.1.bt2, data/ref_genome/UCinero_ref.rev.2.bt2, data/lane2/deduped/ucin275.dedup
    output: data/lane2/sams/ucin275.sam
    conda-env: /home/LC/kollad01/gray_fox_east_structure/.snakemake/conda/c0bc1a7fa0e5ebaa590c1dd6f39ad3f8_
    shell:
        
        bowtie2 --no-unal --score-min L,16,1 --local -L 16 -x data/ref_genome/UCinero_ref -U data/lane2/deduped/ucin275.dedup -S data/lane2/sams/ucin275.sam
        
        (one of the commands exited with non-zero exit code; note that snakemake uses bash strict mode!)

[Fri Jun  7 19:06:27 2024]
[Fri Jun  7 19:06:27 2024]
[Fri Jun  7 19:06:27 2024]
Error in rule align_reads_to_ref:
    jobid: 2305
    input: data/ref_genome/UCinero_ref.1.bt2, data/ref_genome/UCinero_ref.2.bt2, data/ref_genome/UCinero_ref.3.bt2, data/ref_genome/UCinero_ref.4.bt2, data/ref_genome/UCinero_ref.rev.1.bt2, data/ref_genome/UCinero_ref.rev.2.bt2, data/lane1/deduped/ucin412.dedup
    output: data/lane1/sams/ucin412.sam
    conda-env: /home/LC/kollad01/gray_fox_east_structure/.snakemake/conda/c0bc1a7fa0e5ebaa590c1dd6f39ad3f8_
    shell:
        
        bowtie2 --no-unal --score-min L,16,1 --local -L 16 -x data/ref_genome/UCinero_ref -U data/lane1/deduped/ucin412.dedup -S data/lane1/sams/ucin412.sam
        
        (one of the commands exited with non-zero exit code; note that snakemake uses bash strict mode!)

[Fri Jun  7 19:06:27 2024]
Error in rule align_reads_to_ref:
    jobid: 1716
    input: data/ref_genome/UCinero_ref.1.bt2, data/ref_genome/UCinero_ref.2.bt2, data/ref_genome/UCinero_ref.3.bt2, data/ref_genome/UCinero_ref.4.bt2, data/ref_genome/UCinero_ref.rev.1.bt2, data/ref_genome/UCinero_ref.rev.2.bt2, data/lane2/deduped/ucin244.dedup
    output: data/lane2/sams/ucin244.sam
    conda-env: /home/LC/kollad01/gray_fox_east_structure/.snakemake/conda/c0bc1a7fa0e5ebaa590c1dd6f39ad3f8_
    shell:
        
        bowtie2 --no-unal --score-min L,16,1 --local -L 16 -x data/ref_genome/UCinero_ref -U data/lane2/deduped/ucin244.dedup -S data/lane2/sams/ucin244.sam
        
        (one of the commands exited with non-zero exit code; note that snakemake uses bash strict mode!)

Error in rule align_reads_to_ref:
    jobid: 5
    input: data/ref_genome/UCinero_ref.1.bt2, data/ref_genome/UCinero_ref.2.bt2, data/ref_genome/UCinero_ref.3.bt2, data/ref_genome/UCinero_ref.4.bt2, data/ref_genome/UCinero_ref.rev.1.bt2, data/ref_genome/UCinero_ref.rev.2.bt2, data/lane1/deduped/101.dedup
    output: data/lane1/sams/101.sam
    conda-env: /home/LC/kollad01/gray_fox_east_structure/.snakemake/conda/c0bc1a7fa0e5ebaa590c1dd6f39ad3f8_
    shell:
        
        bowtie2 --no-unal --score-min L,16,1 --local -L 16 -x data/ref_genome/UCinero_ref -U data/lane1/deduped/101.dedup -S data/lane1/sams/101.sam
        
        (one of the commands exited with non-zero exit code; note that snakemake uses bash strict mode!)

Error in rule align_reads_to_ref:
    jobid: 896
    input: data/ref_genome/UCinero_ref.1.bt2, data/ref_genome/UCinero_ref.2.bt2, data/ref_genome/UCinero_ref.3.bt2, data/ref_genome/UCinero_ref.4.bt2, data/ref_genome/UCinero_ref.rev.1.bt2, data/ref_genome/UCinero_ref.rev.2.bt2, data/lane2/deduped/ucin035.dedup
    output: data/lane2/sams/ucin035.sam
    conda-env: /home/LC/kollad01/gray_fox_east_structure/.snakemake/conda/c0bc1a7fa0e5ebaa590c1dd6f39ad3f8_
    shell:
        
        bowtie2 --no-unal --score-min L,16,1 --local -L 16 -x data/ref_genome/UCinero_ref -U data/lane2/deduped/ucin035.dedup -S data/lane2/sams/ucin035.sam
        
        (one of the commands exited with non-zero exit code; note that snakemake uses bash strict mode!)

Error in rule align_reads_to_ref:
    jobid: 816
    input: data/ref_genome/UCinero_ref.1.bt2, data/ref_genome/UCinero_ref.2.bt2, data/ref_genome/UCinero_ref.3.bt2, data/ref_genome/UCinero_ref.4.bt2, data/ref_genome/UCinero_ref.rev.1.bt2, data/ref_genome/UCinero_ref.rev.2.bt2, data/lane2/deduped/ucin017.dedup
    output: data/lane2/sams/ucin017.sam
    conda-env: /home/LC/kollad01/gray_fox_east_structure/.snakemake/conda/c0bc1a7fa0e5ebaa590c1dd6f39ad3f8_
    shell:
        
        bowtie2 --no-unal --score-min L,16,1 --local -L 16 -x data/ref_genome/UCinero_ref -U data/lane2/deduped/ucin017.dedup -S data/lane2/sams/ucin017.sam
        
        (one of the commands exited with non-zero exit code; note that snakemake uses bash strict mode!)

Error in rule align_reads_to_ref:
    jobid: 376
    input: data/ref_genome/UCinero_ref.1.bt2, data/ref_genome/UCinero_ref.2.bt2, data/ref_genome/UCinero_ref.3.bt2, data/ref_genome/UCinero_ref.4.bt2, data/ref_genome/UCinero_ref.rev.1.bt2, data/ref_genome/UCinero_ref.rev.2.bt2, data/lane2/deduped/856.dedup
    output: data/lane2/sams/856.sam
    conda-env: /home/LC/kollad01/gray_fox_east_structure/.snakemake/conda/c0bc1a7fa0e5ebaa590c1dd6f39ad3f8_
    shell:
        
        bowtie2 --no-unal --score-min L,16,1 --local -L 16 -x data/ref_genome/UCinero_ref -U data/lane2/deduped/856.dedup -S data/lane2/sams/856.sam
        
        (one of the commands exited with non-zero exit code; note that snakemake uses bash strict mode!)

Error in rule align_reads_to_ref:
    jobid: 475
    input: data/ref_genome/UCinero_ref.1.bt2, data/ref_genome/UCinero_ref.2.bt2, data/ref_genome/UCinero_ref.3.bt2, data/ref_genome/UCinero_ref.4.bt2, data/ref_genome/UCinero_ref.rev.1.bt2, data/ref_genome/UCinero_ref.rev.2.bt2, data/lane1/deduped/111LC.dedup
    output: data/lane1/sams/111LC.sam
    conda-env: /home/LC/kollad01/gray_fox_east_structure/.snakemake/conda/c0bc1a7fa0e5ebaa590c1dd6f39ad3f8_
    shell:
        
        bowtie2 --no-unal --score-min L,16,1 --local -L 16 -x data/ref_genome/UCinero_ref -U data/lane1/deduped/111LC.dedup -S data/lane1/sams/111LC.sam
        
        (one of the commands exited with non-zero exit code; note that snakemake uses bash strict mode!)

Error in rule align_reads_to_ref:
    jobid: 511
    input: data/ref_genome/UCinero_ref.1.bt2, data/ref_genome/UCinero_ref.2.bt2, data/ref_genome/UCinero_ref.3.bt2, data/ref_genome/UCinero_ref.4.bt2, data/ref_genome/UCinero_ref.rev.1.bt2, data/ref_genome/UCinero_ref.rev.2.bt2, data/lane2/deduped/131LC.dedup
    output: data/lane2/sams/131LC.sam
    conda-env: /home/LC/kollad01/gray_fox_east_structure/.snakemake/conda/c0bc1a7fa0e5ebaa590c1dd6f39ad3f8_
    shell:
        
        bowtie2 --no-unal --score-min L,16,1 --local -L 16 -x data/ref_genome/UCinero_ref -U data/lane2/deduped/131LC.dedup -S data/lane2/sams/131LC.sam
        
        (one of the commands exited with non-zero exit code; note that snakemake uses bash strict mode!)

Error in rule align_reads_to_ref:
    jobid: 2271
    input: data/ref_genome/UCinero_ref.1.bt2, data/ref_genome/UCinero_ref.2.bt2, data/ref_genome/UCinero_ref.3.bt2, data/ref_genome/UCinero_ref.4.bt2, data/ref_genome/UCinero_ref.rev.1.bt2, data/ref_genome/UCinero_ref.rev.2.bt2, data/lane2/deduped/ucin405.dedup
    output: data/lane2/sams/ucin405.sam
    conda-env: /home/LC/kollad01/gray_fox_east_structure/.snakemake/conda/c0bc1a7fa0e5ebaa590c1dd6f39ad3f8_
    shell:
        
        bowtie2 --no-unal --score-min L,16,1 --local -L 16 -x data/ref_genome/UCinero_ref -U data/lane2/deduped/ucin405.dedup -S data/lane2/sams/ucin405.sam
        
        (one of the commands exited with non-zero exit code; note that snakemake uses bash strict mode!)

Error in rule align_reads_to_ref:
    jobid: 1135
    input: data/ref_genome/UCinero_ref.1.bt2, data/ref_genome/UCinero_ref.2.bt2, data/ref_genome/UCinero_ref.3.bt2, data/ref_genome/UCinero_ref.4.bt2, data/ref_genome/UCinero_ref.rev.1.bt2, data/ref_genome/UCinero_ref.rev.2.bt2, data/lane1/deduped/ucin098.dedup
    output: data/lane1/sams/ucin098.sam
    conda-env: /home/LC/kollad01/gray_fox_east_structure/.snakemake/conda/c0bc1a7fa0e5ebaa590c1dd6f39ad3f8_
    shell:
        
        bowtie2 --no-unal --score-min L,16,1 --local -L 16 -x data/ref_genome/UCinero_ref -U data/lane1/deduped/ucin098.dedup -S data/lane1/sams/ucin098.sam
        
        (one of the commands exited with non-zero exit code; note that snakemake uses bash strict mode!)

Complete log: .snakemake/log/2024-06-07T190416.589167.snakemake.log
