Building DAG of jobs...
Using shell: /bin/bash
Provided cores: 30
Rules claiming more threads will be scaled down.
Conda environments: ignored
Job stats:
job                      count
---------------------  -------
align_reads_to_ref         912
all                          1
build_bam_index_files      456
call_genotypes               1
convert_sams_to_bams       456
make_list_of_bams            1
merge_sams                 456
total                     2283

Select jobs to execute...

[Fri Jun  7 14:29:30 2024]
rule align_reads_to_ref:
    input: data/ref_genome/UCinero_ref.1.bt2, data/ref_genome/UCinero_ref.2.bt2, data/ref_genome/UCinero_ref.3.bt2, data/ref_genome/UCinero_ref.4.bt2, data/ref_genome/UCinero_ref.rev.1.bt2, data/ref_genome/UCinero_ref.rev.2.bt2, data/lane2/deduped/ucin430z.dedup
    output: data/lane2/sams/ucin430z.sam
    jobid: 2401
    reason: Missing output files: data/lane2/sams/ucin430z.sam; Software environment definition has changed since last execution
    wildcards: lane=2, sample=ucin430z
    resources: tmpdir=/tmp


[Fri Jun  7 14:29:30 2024]
rule align_reads_to_ref:
    input: data/ref_genome/UCinero_ref.1.bt2, data/ref_genome/UCinero_ref.2.bt2, data/ref_genome/UCinero_ref.3.bt2, data/ref_genome/UCinero_ref.4.bt2, data/ref_genome/UCinero_ref.rev.1.bt2, data/ref_genome/UCinero_ref.rev.2.bt2, data/lane1/deduped/ucin224.dedup
    output: data/lane1/sams/ucin224.sam
    jobid: 1610
    reason: Missing output files: data/lane1/sams/ucin224.sam; Software environment definition has changed since last execution
    wildcards: lane=1, sample=ucin224
    resources: tmpdir=/tmp


[Fri Jun  7 14:29:30 2024]
rule align_reads_to_ref:
    input: data/ref_genome/UCinero_ref.1.bt2, data/ref_genome/UCinero_ref.2.bt2, data/ref_genome/UCinero_ref.3.bt2, data/ref_genome/UCinero_ref.4.bt2, data/ref_genome/UCinero_ref.rev.1.bt2, data/ref_genome/UCinero_ref.rev.2.bt2, data/lane1/deduped/ucin427RE.dedup
    output: data/lane1/sams/ucin427RE.sam
    jobid: 2385
    reason: Missing output files: data/lane1/sams/ucin427RE.sam; Software environment definition has changed since last execution
    wildcards: lane=1, sample=ucin427RE
    resources: tmpdir=/tmp


[Fri Jun  7 14:29:30 2024]
rule align_reads_to_ref:
    input: data/ref_genome/UCinero_ref.1.bt2, data/ref_genome/UCinero_ref.2.bt2, data/ref_genome/UCinero_ref.3.bt2, data/ref_genome/UCinero_ref.4.bt2, data/ref_genome/UCinero_ref.rev.1.bt2, data/ref_genome/UCinero_ref.rev.2.bt2, data/lane1/deduped/ucin059.dedup
    output: data/lane1/sams/ucin059.sam
    jobid: 1010
    reason: Missing output files: data/lane1/sams/ucin059.sam; Software environment definition has changed since last execution
    wildcards: lane=1, sample=ucin059
    resources: tmpdir=/tmp


[Fri Jun  7 14:29:30 2024]
rule align_reads_to_ref:
    input: data/ref_genome/UCinero_ref.1.bt2, data/ref_genome/UCinero_ref.2.bt2, data/ref_genome/UCinero_ref.3.bt2, data/ref_genome/UCinero_ref.4.bt2, data/ref_genome/UCinero_ref.rev.1.bt2, data/ref_genome/UCinero_ref.rev.2.bt2, data/lane1/deduped/ucin108.dedup
    output: data/lane1/sams/ucin108.sam
    jobid: 1185
    reason: Missing output files: data/lane1/sams/ucin108.sam; Software environment definition has changed since last execution
    wildcards: lane=1, sample=ucin108
    resources: tmpdir=/tmp


[Fri Jun  7 14:29:30 2024]
rule align_reads_to_ref:
    input: data/ref_genome/UCinero_ref.1.bt2, data/ref_genome/UCinero_ref.2.bt2, data/ref_genome/UCinero_ref.3.bt2, data/ref_genome/UCinero_ref.4.bt2, data/ref_genome/UCinero_ref.rev.1.bt2, data/ref_genome/UCinero_ref.rev.2.bt2, data/lane1/deduped/934.dedup
    output: data/lane1/sams/934.sam
    jobid: 410
    reason: Missing output files: data/lane1/sams/934.sam; Software environment definition has changed since last execution
    wildcards: lane=1, sample=934
    resources: tmpdir=/tmp


[Fri Jun  7 14:29:30 2024]
rule align_reads_to_ref:
    input: data/ref_genome/UCinero_ref.1.bt2, data/ref_genome/UCinero_ref.2.bt2, data/ref_genome/UCinero_ref.3.bt2, data/ref_genome/UCinero_ref.4.bt2, data/ref_genome/UCinero_ref.rev.1.bt2, data/ref_genome/UCinero_ref.rev.2.bt2, data/lane1/deduped/ucin317z.dedup
    output: data/lane1/sams/ucin317z.sam
    jobid: 1960
    reason: Missing output files: data/lane1/sams/ucin317z.sam; Software environment definition has changed since last execution
    wildcards: lane=1, sample=ucin317z
    resources: tmpdir=/tmp


[Fri Jun  7 14:29:30 2024]
rule align_reads_to_ref:
    input: data/ref_genome/UCinero_ref.1.bt2, data/ref_genome/UCinero_ref.2.bt2, data/ref_genome/UCinero_ref.3.bt2, data/ref_genome/UCinero_ref.4.bt2, data/ref_genome/UCinero_ref.rev.1.bt2, data/ref_genome/UCinero_ref.rev.2.bt2, data/lane1/deduped/803RE.dedup
    output: data/lane1/sams/803RE.sam
    jobid: 585
    reason: Missing output files: data/lane1/sams/803RE.sam; Software environment definition has changed since last execution
    wildcards: lane=1, sample=803RE
    resources: tmpdir=/tmp


[Fri Jun  7 14:29:30 2024]
rule align_reads_to_ref:
    input: data/ref_genome/UCinero_ref.1.bt2, data/ref_genome/UCinero_ref.2.bt2, data/ref_genome/UCinero_ref.3.bt2, data/ref_genome/UCinero_ref.4.bt2, data/ref_genome/UCinero_ref.rev.1.bt2, data/ref_genome/UCinero_ref.rev.2.bt2, data/lane1/deduped/ucin385.dedup
    output: data/lane1/sams/ucin385.sam
    jobid: 2235
    reason: Missing output files: data/lane1/sams/ucin385.sam; Software environment definition has changed since last execution
    wildcards: lane=1, sample=ucin385
    resources: tmpdir=/tmp


[Fri Jun  7 14:29:30 2024]
rule align_reads_to_ref:
    input: data/ref_genome/UCinero_ref.1.bt2, data/ref_genome/UCinero_ref.2.bt2, data/ref_genome/UCinero_ref.3.bt2, data/ref_genome/UCinero_ref.4.bt2, data/ref_genome/UCinero_ref.rev.1.bt2, data/ref_genome/UCinero_ref.rev.2.bt2, data/lane1/deduped/935replicate.dedup
    output: data/lane1/sams/935replicate.sam
    jobid: 685
    reason: Missing output files: data/lane1/sams/935replicate.sam; Software environment definition has changed since last execution
    wildcards: lane=1, sample=935replicate
    resources: tmpdir=/tmp


[Fri Jun  7 14:29:30 2024]
rule align_reads_to_ref:
    input: data/ref_genome/UCinero_ref.1.bt2, data/ref_genome/UCinero_ref.2.bt2, data/ref_genome/UCinero_ref.3.bt2, data/ref_genome/UCinero_ref.4.bt2, data/ref_genome/UCinero_ref.rev.1.bt2, data/ref_genome/UCinero_ref.rev.2.bt2, data/lane1/deduped/ucin432z.dedup
    output: data/lane1/sams/ucin432z.sam
    jobid: 2410
    reason: Missing output files: data/lane1/sams/ucin432z.sam; Software environment definition has changed since last execution
    wildcards: lane=1, sample=ucin432z
    resources: tmpdir=/tmp


[Fri Jun  7 14:29:30 2024]
rule align_reads_to_ref:
    input: data/ref_genome/UCinero_ref.1.bt2, data/ref_genome/UCinero_ref.2.bt2, data/ref_genome/UCinero_ref.3.bt2, data/ref_genome/UCinero_ref.4.bt2, data/ref_genome/UCinero_ref.rev.1.bt2, data/ref_genome/UCinero_ref.rev.2.bt2, data/lane2/deduped/836.dedup
    output: data/lane2/sams/836.sam
    jobid: 301
    reason: Missing output files: data/lane2/sams/836.sam; Software environment definition has changed since last execution
    wildcards: lane=2, sample=836
    resources: tmpdir=/tmp


[Fri Jun  7 14:29:30 2024]
rule align_reads_to_ref:
    input: data/ref_genome/UCinero_ref.1.bt2, data/ref_genome/UCinero_ref.2.bt2, data/ref_genome/UCinero_ref.3.bt2, data/ref_genome/UCinero_ref.4.bt2, data/ref_genome/UCinero_ref.rev.1.bt2, data/ref_genome/UCinero_ref.rev.2.bt2, data/lane2/deduped/841.dedup
    output: data/lane2/sams/841.sam
    jobid: 326
    reason: Missing output files: data/lane2/sams/841.sam; Software environment definition has changed since last execution
    wildcards: lane=2, sample=841
    resources: tmpdir=/tmp


[Fri Jun  7 14:29:30 2024]
rule align_reads_to_ref:
    input: data/ref_genome/UCinero_ref.1.bt2, data/ref_genome/UCinero_ref.2.bt2, data/ref_genome/UCinero_ref.3.bt2, data/ref_genome/UCinero_ref.4.bt2, data/ref_genome/UCinero_ref.rev.1.bt2, data/ref_genome/UCinero_ref.rev.2.bt2, data/lane2/deduped/829.dedup
    output: data/lane2/sams/829.sam
    jobid: 276
    reason: Missing output files: data/lane2/sams/829.sam; Software environment definition has changed since last execution
    wildcards: lane=2, sample=829
    resources: tmpdir=/tmp


[Fri Jun  7 14:29:30 2024]
rule align_reads_to_ref:
    input: data/ref_genome/UCinero_ref.1.bt2, data/ref_genome/UCinero_ref.2.bt2, data/ref_genome/UCinero_ref.3.bt2, data/ref_genome/UCinero_ref.4.bt2, data/ref_genome/UCinero_ref.rev.1.bt2, data/ref_genome/UCinero_ref.rev.2.bt2, data/lane1/deduped/ucin312.dedup
    output: data/lane1/sams/ucin312.sam
    jobid: 1935
    reason: Missing output files: data/lane1/sams/ucin312.sam; Software environment definition has changed since last execution
    wildcards: lane=1, sample=ucin312
    resources: tmpdir=/tmp


[Fri Jun  7 14:29:30 2024]
rule align_reads_to_ref:
    input: data/ref_genome/UCinero_ref.1.bt2, data/ref_genome/UCinero_ref.2.bt2, data/ref_genome/UCinero_ref.3.bt2, data/ref_genome/UCinero_ref.4.bt2, data/ref_genome/UCinero_ref.rev.1.bt2, data/ref_genome/UCinero_ref.rev.2.bt2, data/lane1/deduped/ucin103.dedup
    output: data/lane1/sams/ucin103.sam
    jobid: 1160
    reason: Missing output files: data/lane1/sams/ucin103.sam; Software environment definition has changed since last execution
    wildcards: lane=1, sample=ucin103
    resources: tmpdir=/tmp


[Fri Jun  7 14:29:30 2024]
rule align_reads_to_ref:
    input: data/ref_genome/UCinero_ref.1.bt2, data/ref_genome/UCinero_ref.2.bt2, data/ref_genome/UCinero_ref.3.bt2, data/ref_genome/UCinero_ref.4.bt2, data/ref_genome/UCinero_ref.rev.1.bt2, data/ref_genome/UCinero_ref.rev.2.bt2, data/lane2/deduped/ucin244.dedup
    output: data/lane2/sams/ucin244.sam
    jobid: 1716
    reason: Missing output files: data/lane2/sams/ucin244.sam; Software environment definition has changed since last execution
    wildcards: lane=2, sample=ucin244
    resources: tmpdir=/tmp


[Fri Jun  7 14:29:30 2024]
rule align_reads_to_ref:
    input: data/ref_genome/UCinero_ref.1.bt2, data/ref_genome/UCinero_ref.2.bt2, data/ref_genome/UCinero_ref.3.bt2, data/ref_genome/UCinero_ref.4.bt2, data/ref_genome/UCinero_ref.rev.1.bt2, data/ref_genome/UCinero_ref.rev.2.bt2, data/lane2/deduped/ucin252z.dedup
    output: data/lane2/sams/ucin252z.sam
    jobid: 1741
    reason: Missing output files: data/lane2/sams/ucin252z.sam; Software environment definition has changed since last execution
    wildcards: lane=2, sample=ucin252z
    resources: tmpdir=/tmp


[Fri Jun  7 14:29:30 2024]
rule align_reads_to_ref:
    input: data/ref_genome/UCinero_ref.1.bt2, data/ref_genome/UCinero_ref.2.bt2, data/ref_genome/UCinero_ref.3.bt2, data/ref_genome/UCinero_ref.4.bt2, data/ref_genome/UCinero_ref.rev.1.bt2, data/ref_genome/UCinero_ref.rev.2.bt2, data/lane2/deduped/ucin333.dedup
    output: data/lane2/sams/ucin333.sam
    jobid: 2041
    reason: Missing output files: data/lane2/sams/ucin333.sam; Software environment definition has changed since last execution
    wildcards: lane=2, sample=ucin333
    resources: tmpdir=/tmp


[Fri Jun  7 14:29:30 2024]
rule align_reads_to_ref:
    input: data/ref_genome/UCinero_ref.1.bt2, data/ref_genome/UCinero_ref.2.bt2, data/ref_genome/UCinero_ref.3.bt2, data/ref_genome/UCinero_ref.4.bt2, data/ref_genome/UCinero_ref.rev.1.bt2, data/ref_genome/UCinero_ref.rev.2.bt2, data/lane2/deduped/ucin125.dedup
    output: data/lane2/sams/ucin125.sam
    jobid: 1266
    reason: Missing output files: data/lane2/sams/ucin125.sam; Software environment definition has changed since last execution
    wildcards: lane=2, sample=ucin125
    resources: tmpdir=/tmp


[Fri Jun  7 14:29:30 2024]
rule align_reads_to_ref:
    input: data/ref_genome/UCinero_ref.1.bt2, data/ref_genome/UCinero_ref.2.bt2, data/ref_genome/UCinero_ref.3.bt2, data/ref_genome/UCinero_ref.4.bt2, data/ref_genome/UCinero_ref.rev.1.bt2, data/ref_genome/UCinero_ref.rev.2.bt2, data/lane2/deduped/ucin263.dedup
    output: data/lane2/sams/ucin263.sam
    jobid: 1791
    reason: Missing output files: data/lane2/sams/ucin263.sam; Software environment definition has changed since last execution
    wildcards: lane=2, sample=ucin263
    resources: tmpdir=/tmp


[Fri Jun  7 14:29:30 2024]
rule align_reads_to_ref:
    input: data/ref_genome/UCinero_ref.1.bt2, data/ref_genome/UCinero_ref.2.bt2, data/ref_genome/UCinero_ref.3.bt2, data/ref_genome/UCinero_ref.4.bt2, data/ref_genome/UCinero_ref.rev.1.bt2, data/ref_genome/UCinero_ref.rev.2.bt2, data/lane2/deduped/847RE1.dedup
    output: data/lane2/sams/847RE1.sam
    jobid: 666
    reason: Missing output files: data/lane2/sams/847RE1.sam; Software environment definition has changed since last execution
    wildcards: lane=2, sample=847RE1
    resources: tmpdir=/tmp


[Fri Jun  7 14:29:30 2024]
rule align_reads_to_ref:
    input: data/ref_genome/UCinero_ref.1.bt2, data/ref_genome/UCinero_ref.2.bt2, data/ref_genome/UCinero_ref.3.bt2, data/ref_genome/UCinero_ref.4.bt2, data/ref_genome/UCinero_ref.rev.1.bt2, data/ref_genome/UCinero_ref.rev.2.bt2, data/lane1/deduped/ucin007.dedup
    output: data/lane1/sams/ucin007.sam
    jobid: 775
    reason: Missing output files: data/lane1/sams/ucin007.sam; Software environment definition has changed since last execution
    wildcards: lane=1, sample=ucin007
    resources: tmpdir=/tmp


[Fri Jun  7 14:29:30 2024]
rule align_reads_to_ref:
    input: data/ref_genome/UCinero_ref.1.bt2, data/ref_genome/UCinero_ref.2.bt2, data/ref_genome/UCinero_ref.3.bt2, data/ref_genome/UCinero_ref.4.bt2, data/ref_genome/UCinero_ref.rev.1.bt2, data/ref_genome/UCinero_ref.rev.2.bt2, data/lane1/deduped/812RE.dedup
    output: data/lane1/sams/812RE.sam
    jobid: 600
    reason: Missing output files: data/lane1/sams/812RE.sam; Software environment definition has changed since last execution
    wildcards: lane=1, sample=812RE
    resources: tmpdir=/tmp


[Fri Jun  7 14:29:30 2024]
rule align_reads_to_ref:
    input: data/ref_genome/UCinero_ref.1.bt2, data/ref_genome/UCinero_ref.2.bt2, data/ref_genome/UCinero_ref.3.bt2, data/ref_genome/UCinero_ref.4.bt2, data/ref_genome/UCinero_ref.rev.1.bt2, data/ref_genome/UCinero_ref.rev.2.bt2, data/lane1/deduped/111LC.dedup
    output: data/lane1/sams/111LC.sam
    jobid: 475
    reason: Missing output files: data/lane1/sams/111LC.sam; Software environment definition has changed since last execution
    wildcards: lane=1, sample=111LC
    resources: tmpdir=/tmp


[Fri Jun  7 14:29:30 2024]
rule align_reads_to_ref:
    input: data/ref_genome/UCinero_ref.1.bt2, data/ref_genome/UCinero_ref.2.bt2, data/ref_genome/UCinero_ref.3.bt2, data/ref_genome/UCinero_ref.4.bt2, data/ref_genome/UCinero_ref.rev.1.bt2, data/ref_genome/UCinero_ref.rev.2.bt2, data/lane1/deduped/ucin122re.dedup
    output: data/lane1/sams/ucin122re.sam
    jobid: 1250
    reason: Missing output files: data/lane1/sams/ucin122re.sam; Software environment definition has changed since last execution
    wildcards: lane=1, sample=ucin122re
    resources: tmpdir=/tmp


[Fri Jun  7 14:29:30 2024]
rule align_reads_to_ref:
    input: data/ref_genome/UCinero_ref.1.bt2, data/ref_genome/UCinero_ref.2.bt2, data/ref_genome/UCinero_ref.3.bt2, data/ref_genome/UCinero_ref.4.bt2, data/ref_genome/UCinero_ref.rev.1.bt2, data/ref_genome/UCinero_ref.rev.2.bt2, data/lane1/deduped/ucin386.dedup
    output: data/lane1/sams/ucin386.sam
    jobid: 2240
    reason: Missing output files: data/lane1/sams/ucin386.sam; Software environment definition has changed since last execution
    wildcards: lane=1, sample=ucin386
    resources: tmpdir=/tmp


[Fri Jun  7 14:29:30 2024]
rule align_reads_to_ref:
    input: data/ref_genome/UCinero_ref.1.bt2, data/ref_genome/UCinero_ref.2.bt2, data/ref_genome/UCinero_ref.3.bt2, data/ref_genome/UCinero_ref.4.bt2, data/ref_genome/UCinero_ref.rev.1.bt2, data/ref_genome/UCinero_ref.rev.2.bt2, data/lane1/deduped/ucin094.dedup
    output: data/lane1/sams/ucin094.sam
    jobid: 1115
    reason: Missing output files: data/lane1/sams/ucin094.sam; Software environment definition has changed since last execution
    wildcards: lane=1, sample=ucin094
    resources: tmpdir=/tmp


[Fri Jun  7 14:29:30 2024]
rule align_reads_to_ref:
    input: data/ref_genome/UCinero_ref.1.bt2, data/ref_genome/UCinero_ref.2.bt2, data/ref_genome/UCinero_ref.3.bt2, data/ref_genome/UCinero_ref.4.bt2, data/ref_genome/UCinero_ref.rev.1.bt2, data/ref_genome/UCinero_ref.rev.2.bt2, data/lane2/deduped/ucin035.dedup
    output: data/lane2/sams/ucin035.sam
    jobid: 896
    reason: Missing output files: data/lane2/sams/ucin035.sam; Software environment definition has changed since last execution
    wildcards: lane=2, sample=ucin035
    resources: tmpdir=/tmp


[Fri Jun  7 14:29:30 2024]
rule align_reads_to_ref:
    input: data/ref_genome/UCinero_ref.1.bt2, data/ref_genome/UCinero_ref.2.bt2, data/ref_genome/UCinero_ref.3.bt2, data/ref_genome/UCinero_ref.4.bt2, data/ref_genome/UCinero_ref.rev.1.bt2, data/ref_genome/UCinero_ref.rev.2.bt2, data/lane1/deduped/ucin063RE.dedup
    output: data/lane1/sams/ucin063RE.sam
    jobid: 1030
    reason: Missing output files: data/lane1/sams/ucin063RE.sam; Software environment definition has changed since last execution
    wildcards: lane=1, sample=ucin063RE
    resources: tmpdir=/tmp

[Fri Jun  7 14:29:34 2024]
Finished job 1610.
1 of 2283 steps (0.0%) done
Select jobs to execute...

[Fri Jun  7 14:29:34 2024]
rule align_reads_to_ref:
    input: data/ref_genome/UCinero_ref.1.bt2, data/ref_genome/UCinero_ref.2.bt2, data/ref_genome/UCinero_ref.3.bt2, data/ref_genome/UCinero_ref.4.bt2, data/ref_genome/UCinero_ref.rev.1.bt2, data/ref_genome/UCinero_ref.rev.2.bt2, data/lane1/deduped/ucin098.dedup
    output: data/lane1/sams/ucin098.sam
    jobid: 1135
    reason: Missing output files: data/lane1/sams/ucin098.sam; Software environment definition has changed since last execution
    wildcards: lane=1, sample=ucin098
    resources: tmpdir=/tmp

[Fri Jun  7 14:29:39 2024]
Finished job 2041.
2 of 2283 steps (0.1%) done
Select jobs to execute...

[Fri Jun  7 14:29:39 2024]
rule align_reads_to_ref:
    input: data/ref_genome/UCinero_ref.1.bt2, data/ref_genome/UCinero_ref.2.bt2, data/ref_genome/UCinero_ref.3.bt2, data/ref_genome/UCinero_ref.4.bt2, data/ref_genome/UCinero_ref.rev.1.bt2, data/ref_genome/UCinero_ref.rev.2.bt2, data/lane1/deduped/143LC.dedup
    output: data/lane1/sams/143LC.sam
    jobid: 535
    reason: Missing output files: data/lane1/sams/143LC.sam; Software environment definition has changed since last execution
    wildcards: lane=1, sample=143LC
    resources: tmpdir=/tmp

[Fri Jun  7 14:29:40 2024]
Finished job 1935.
3 of 2283 steps (0.1%) done
Select jobs to execute...

[Fri Jun  7 14:29:40 2024]
rule align_reads_to_ref:
    input: data/ref_genome/UCinero_ref.1.bt2, data/ref_genome/UCinero_ref.2.bt2, data/ref_genome/UCinero_ref.3.bt2, data/ref_genome/UCinero_ref.4.bt2, data/ref_genome/UCinero_ref.rev.1.bt2, data/ref_genome/UCinero_ref.rev.2.bt2, data/lane1/deduped/ucin157conc.dedup
    output: data/lane1/sams/ucin157conc.sam
    jobid: 1420
    reason: Missing output files: data/lane1/sams/ucin157conc.sam; Software environment definition has changed since last execution
    wildcards: lane=1, sample=ucin157conc
    resources: tmpdir=/tmp

Terminating processes on user request, this might take some time.
[Fri Jun  7 14:29:49 2024]
[Fri Jun  7 14:29:49 2024]
Error in rule align_reads_to_ref:
    jobid: 301
    input: data/ref_genome/UCinero_ref.1.bt2, data/ref_genome/UCinero_ref.2.bt2, data/ref_genome/UCinero_ref.3.bt2, data/ref_genome/UCinero_ref.4.bt2, data/ref_genome/UCinero_ref.rev.1.bt2, data/ref_genome/UCinero_ref.rev.2.bt2, data/lane2/deduped/836.dedup
    output: data/lane2/sams/836.sam
    conda-env: /home/LC/kollad01/gray_fox_east_structure/.snakemake/conda/6dfb1cbf176424e4a37b5ca8a57ca9dc_
    shell:
        
        bowtie2 --no-unal --score-min L,16,1 --local -L 16 -x data/ref_genome/UCinero_ref -U data/lane2/deduped/836.dedup -S data/lane2/sams/836.sam
        
        (one of the commands exited with non-zero exit code; note that snakemake uses bash strict mode!)

[Fri Jun  7 14:29:49 2024]
[Fri Jun  7 14:29:49 2024]
[Fri Jun  7 14:29:49 2024]
[Fri Jun  7 14:29:49 2024]
[Fri Jun  7 14:29:49 2024]
[Fri Jun  7 14:29:49 2024]
[Fri Jun  7 14:29:49 2024]
[Fri Jun  7 14:29:49 2024]
[Fri Jun  7 14:29:49 2024]
Error in rule align_reads_to_ref:
    jobid: 1250
    input: data/ref_genome/UCinero_ref.1.bt2, data/ref_genome/UCinero_ref.2.bt2, data/ref_genome/UCinero_ref.3.bt2, data/ref_genome/UCinero_ref.4.bt2, data/ref_genome/UCinero_ref.rev.1.bt2, data/ref_genome/UCinero_ref.rev.2.bt2, data/lane1/deduped/ucin122re.dedup
    output: data/lane1/sams/ucin122re.sam
    conda-env: /home/LC/kollad01/gray_fox_east_structure/.snakemake/conda/6dfb1cbf176424e4a37b5ca8a57ca9dc_
    shell:
        
        bowtie2 --no-unal --score-min L,16,1 --local -L 16 -x data/ref_genome/UCinero_ref -U data/lane1/deduped/ucin122re.dedup -S data/lane1/sams/ucin122re.sam
        
        (one of the commands exited with non-zero exit code; note that snakemake uses bash strict mode!)

Error in rule align_reads_to_ref:
    jobid: 1115
    input: data/ref_genome/UCinero_ref.1.bt2, data/ref_genome/UCinero_ref.2.bt2, data/ref_genome/UCinero_ref.3.bt2, data/ref_genome/UCinero_ref.4.bt2, data/ref_genome/UCinero_ref.rev.1.bt2, data/ref_genome/UCinero_ref.rev.2.bt2, data/lane1/deduped/ucin094.dedup
    output: data/lane1/sams/ucin094.sam
    conda-env: /home/LC/kollad01/gray_fox_east_structure/.snakemake/conda/6dfb1cbf176424e4a37b5ca8a57ca9dc_
    shell:
        
        bowtie2 --no-unal --score-min L,16,1 --local -L 16 -x data/ref_genome/UCinero_ref -U data/lane1/deduped/ucin094.dedup -S data/lane1/sams/ucin094.sam
        
        (one of the commands exited with non-zero exit code; note that snakemake uses bash strict mode!)

[Fri Jun  7 14:29:49 2024]
[Fri Jun  7 14:29:49 2024]
[Fri Jun  7 14:29:49 2024]
[Fri Jun  7 14:29:49 2024]
[Fri Jun  7 14:29:49 2024]
[Fri Jun  7 14:29:49 2024]
[Fri Jun  7 14:29:49 2024]
[Fri Jun  7 14:29:49 2024]
[Fri Jun  7 14:29:49 2024]
[Fri Jun  7 14:29:49 2024]
[Fri Jun  7 14:29:49 2024]
[Fri Jun  7 14:29:49 2024]
Error in rule align_reads_to_ref:
    jobid: 685
    input: data/ref_genome/UCinero_ref.1.bt2, data/ref_genome/UCinero_ref.2.bt2, data/ref_genome/UCinero_ref.3.bt2, data/ref_genome/UCinero_ref.4.bt2, data/ref_genome/UCinero_ref.rev.1.bt2, data/ref_genome/UCinero_ref.rev.2.bt2, data/lane1/deduped/935replicate.dedup
    output: data/lane1/sams/935replicate.sam
    conda-env: /home/LC/kollad01/gray_fox_east_structure/.snakemake/conda/6dfb1cbf176424e4a37b5ca8a57ca9dc_
    shell:
        
        bowtie2 --no-unal --score-min L,16,1 --local -L 16 -x data/ref_genome/UCinero_ref -U data/lane1/deduped/935replicate.dedup -S data/lane1/sams/935replicate.sam
        
        (one of the commands exited with non-zero exit code; note that snakemake uses bash strict mode!)

[Fri Jun  7 14:29:49 2024]
[Fri Jun  7 14:29:49 2024]
[Fri Jun  7 14:29:49 2024]
[Fri Jun  7 14:29:49 2024]
Error in rule align_reads_to_ref:
    jobid: 535
    input: data/ref_genome/UCinero_ref.1.bt2, data/ref_genome/UCinero_ref.2.bt2, data/ref_genome/UCinero_ref.3.bt2, data/ref_genome/UCinero_ref.4.bt2, data/ref_genome/UCinero_ref.rev.1.bt2, data/ref_genome/UCinero_ref.rev.2.bt2, data/lane1/deduped/143LC.dedup
    output: data/lane1/sams/143LC.sam
    conda-env: /home/LC/kollad01/gray_fox_east_structure/.snakemake/conda/6dfb1cbf176424e4a37b5ca8a57ca9dc_
    shell:
        
        bowtie2 --no-unal --score-min L,16,1 --local -L 16 -x data/ref_genome/UCinero_ref -U data/lane1/deduped/143LC.dedup -S data/lane1/sams/143LC.sam
        
        (one of the commands exited with non-zero exit code; note that snakemake uses bash strict mode!)

[Fri Jun  7 14:29:49 2024]
[Fri Jun  7 14:29:49 2024]
[Fri Jun  7 14:29:49 2024]
Error in rule align_reads_to_ref:
    jobid: 1960
    input: data/ref_genome/UCinero_ref.1.bt2, data/ref_genome/UCinero_ref.2.bt2, data/ref_genome/UCinero_ref.3.bt2, data/ref_genome/UCinero_ref.4.bt2, data/ref_genome/UCinero_ref.rev.1.bt2, data/ref_genome/UCinero_ref.rev.2.bt2, data/lane1/deduped/ucin317z.dedup
    output: data/lane1/sams/ucin317z.sam
    conda-env: /home/LC/kollad01/gray_fox_east_structure/.snakemake/conda/6dfb1cbf176424e4a37b5ca8a57ca9dc_
    shell:
        
        bowtie2 --no-unal --score-min L,16,1 --local -L 16 -x data/ref_genome/UCinero_ref -U data/lane1/deduped/ucin317z.dedup -S data/lane1/sams/ucin317z.sam
        
        (one of the commands exited with non-zero exit code; note that snakemake uses bash strict mode!)

Error in rule align_reads_to_ref:
    jobid: 276
    input: data/ref_genome/UCinero_ref.1.bt2, data/ref_genome/UCinero_ref.2.bt2, data/ref_genome/UCinero_ref.3.bt2, data/ref_genome/UCinero_ref.4.bt2, data/ref_genome/UCinero_ref.rev.1.bt2, data/ref_genome/UCinero_ref.rev.2.bt2, data/lane2/deduped/829.dedup
    output: data/lane2/sams/829.sam
    conda-env: /home/LC/kollad01/gray_fox_east_structure/.snakemake/conda/6dfb1cbf176424e4a37b5ca8a57ca9dc_
    shell:
        
        bowtie2 --no-unal --score-min L,16,1 --local -L 16 -x data/ref_genome/UCinero_ref -U data/lane2/deduped/829.dedup -S data/lane2/sams/829.sam
        
        (one of the commands exited with non-zero exit code; note that snakemake uses bash strict mode!)

Error in rule align_reads_to_ref:
    jobid: 1741
    input: data/ref_genome/UCinero_ref.1.bt2, data/ref_genome/UCinero_ref.2.bt2, data/ref_genome/UCinero_ref.3.bt2, data/ref_genome/UCinero_ref.4.bt2, data/ref_genome/UCinero_ref.rev.1.bt2, data/ref_genome/UCinero_ref.rev.2.bt2, data/lane2/deduped/ucin252z.dedup
    output: data/lane2/sams/ucin252z.sam
    conda-env: /home/LC/kollad01/gray_fox_east_structure/.snakemake/conda/6dfb1cbf176424e4a37b5ca8a57ca9dc_
    shell:
        
        bowtie2 --no-unal --score-min L,16,1 --local -L 16 -x data/ref_genome/UCinero_ref -U data/lane2/deduped/ucin252z.dedup -S data/lane2/sams/ucin252z.sam
        
        (one of the commands exited with non-zero exit code; note that snakemake uses bash strict mode!)

Error in rule align_reads_to_ref:
    jobid: 2385
    input: data/ref_genome/UCinero_ref.1.bt2, data/ref_genome/UCinero_ref.2.bt2, data/ref_genome/UCinero_ref.3.bt2, data/ref_genome/UCinero_ref.4.bt2, data/ref_genome/UCinero_ref.rev.1.bt2, data/ref_genome/UCinero_ref.rev.2.bt2, data/lane1/deduped/ucin427RE.dedup
    output: data/lane1/sams/ucin427RE.sam
    conda-env: /home/LC/kollad01/gray_fox_east_structure/.snakemake/conda/6dfb1cbf176424e4a37b5ca8a57ca9dc_
    shell:
        
        bowtie2 --no-unal --score-min L,16,1 --local -L 16 -x data/ref_genome/UCinero_ref -U data/lane1/deduped/ucin427RE.dedup -S data/lane1/sams/ucin427RE.sam
        
        (one of the commands exited with non-zero exit code; note that snakemake uses bash strict mode!)

Error in rule align_reads_to_ref:
    jobid: 1030
    input: data/ref_genome/UCinero_ref.1.bt2, data/ref_genome/UCinero_ref.2.bt2, data/ref_genome/UCinero_ref.3.bt2, data/ref_genome/UCinero_ref.4.bt2, data/ref_genome/UCinero_ref.rev.1.bt2, data/ref_genome/UCinero_ref.rev.2.bt2, data/lane1/deduped/ucin063RE.dedup
    output: data/lane1/sams/ucin063RE.sam
    conda-env: /home/LC/kollad01/gray_fox_east_structure/.snakemake/conda/6dfb1cbf176424e4a37b5ca8a57ca9dc_
    shell:
        
        bowtie2 --no-unal --score-min L,16,1 --local -L 16 -x data/ref_genome/UCinero_ref -U data/lane1/deduped/ucin063RE.dedup -S data/lane1/sams/ucin063RE.sam
        
        (one of the commands exited with non-zero exit code; note that snakemake uses bash strict mode!)

Error in rule align_reads_to_ref:
    jobid: 1160
    input: data/ref_genome/UCinero_ref.1.bt2, data/ref_genome/UCinero_ref.2.bt2, data/ref_genome/UCinero_ref.3.bt2, data/ref_genome/UCinero_ref.4.bt2, data/ref_genome/UCinero_ref.rev.1.bt2, data/ref_genome/UCinero_ref.rev.2.bt2, data/lane1/deduped/ucin103.dedup
    output: data/lane1/sams/ucin103.sam
    conda-env: /home/LC/kollad01/gray_fox_east_structure/.snakemake/conda/6dfb1cbf176424e4a37b5ca8a57ca9dc_
    shell:
        
        bowtie2 --no-unal --score-min L,16,1 --local -L 16 -x data/ref_genome/UCinero_ref -U data/lane1/deduped/ucin103.dedup -S data/lane1/sams/ucin103.sam
        
        (one of the commands exited with non-zero exit code; note that snakemake uses bash strict mode!)

Error in rule align_reads_to_ref:
    jobid: 600
    input: data/ref_genome/UCinero_ref.1.bt2, data/ref_genome/UCinero_ref.2.bt2, data/ref_genome/UCinero_ref.3.bt2, data/ref_genome/UCinero_ref.4.bt2, data/ref_genome/UCinero_ref.rev.1.bt2, data/ref_genome/UCinero_ref.rev.2.bt2, data/lane1/deduped/812RE.dedup
    output: data/lane1/sams/812RE.sam
    conda-env: /home/LC/kollad01/gray_fox_east_structure/.snakemake/conda/6dfb1cbf176424e4a37b5ca8a57ca9dc_
    shell:
        
        bowtie2 --no-unal --score-min L,16,1 --local -L 16 -x data/ref_genome/UCinero_ref -U data/lane1/deduped/812RE.dedup -S data/lane1/sams/812RE.sam
        
        (one of the commands exited with non-zero exit code; note that snakemake uses bash strict mode!)

Error in rule align_reads_to_ref:
    jobid: 1010
    input: data/ref_genome/UCinero_ref.1.bt2, data/ref_genome/UCinero_ref.2.bt2, data/ref_genome/UCinero_ref.3.bt2, data/ref_genome/UCinero_ref.4.bt2, data/ref_genome/UCinero_ref.rev.1.bt2, data/ref_genome/UCinero_ref.rev.2.bt2, data/lane1/deduped/ucin059.dedup
    output: data/lane1/sams/ucin059.sam
    conda-env: /home/LC/kollad01/gray_fox_east_structure/.snakemake/conda/6dfb1cbf176424e4a37b5ca8a57ca9dc_
    shell:
        
        bowtie2 --no-unal --score-min L,16,1 --local -L 16 -x data/ref_genome/UCinero_ref -U data/lane1/deduped/ucin059.dedup -S data/lane1/sams/ucin059.sam
        
        (one of the commands exited with non-zero exit code; note that snakemake uses bash strict mode!)

Error in rule align_reads_to_ref:
    jobid: 326
    input: data/ref_genome/UCinero_ref.1.bt2, data/ref_genome/UCinero_ref.2.bt2, data/ref_genome/UCinero_ref.3.bt2, data/ref_genome/UCinero_ref.4.bt2, data/ref_genome/UCinero_ref.rev.1.bt2, data/ref_genome/UCinero_ref.rev.2.bt2, data/lane2/deduped/841.dedup
    output: data/lane2/sams/841.sam
    conda-env: /home/LC/kollad01/gray_fox_east_structure/.snakemake/conda/6dfb1cbf176424e4a37b5ca8a57ca9dc_
    shell:
        
        bowtie2 --no-unal --score-min L,16,1 --local -L 16 -x data/ref_genome/UCinero_ref -U data/lane2/deduped/841.dedup -S data/lane2/sams/841.sam
        
        (one of the commands exited with non-zero exit code; note that snakemake uses bash strict mode!)

Error in rule align_reads_to_ref:
    jobid: 475
    input: data/ref_genome/UCinero_ref.1.bt2, data/ref_genome/UCinero_ref.2.bt2, data/ref_genome/UCinero_ref.3.bt2, data/ref_genome/UCinero_ref.4.bt2, data/ref_genome/UCinero_ref.rev.1.bt2, data/ref_genome/UCinero_ref.rev.2.bt2, data/lane1/deduped/111LC.dedup
    output: data/lane1/sams/111LC.sam
    conda-env: /home/LC/kollad01/gray_fox_east_structure/.snakemake/conda/6dfb1cbf176424e4a37b5ca8a57ca9dc_
    shell:
        
        bowtie2 --no-unal --score-min L,16,1 --local -L 16 -x data/ref_genome/UCinero_ref -U data/lane1/deduped/111LC.dedup -S data/lane1/sams/111LC.sam
        
        (one of the commands exited with non-zero exit code; note that snakemake uses bash strict mode!)

Error in rule align_reads_to_ref:
    jobid: 1716
    input: data/ref_genome/UCinero_ref.1.bt2, data/ref_genome/UCinero_ref.2.bt2, data/ref_genome/UCinero_ref.3.bt2, data/ref_genome/UCinero_ref.4.bt2, data/ref_genome/UCinero_ref.rev.1.bt2, data/ref_genome/UCinero_ref.rev.2.bt2, data/lane2/deduped/ucin244.dedup
    output: data/lane2/sams/ucin244.sam
    conda-env: /home/LC/kollad01/gray_fox_east_structure/.snakemake/conda/6dfb1cbf176424e4a37b5ca8a57ca9dc_
    shell:
        
        bowtie2 --no-unal --score-min L,16,1 --local -L 16 -x data/ref_genome/UCinero_ref -U data/lane2/deduped/ucin244.dedup -S data/lane2/sams/ucin244.sam
        
        (one of the commands exited with non-zero exit code; note that snakemake uses bash strict mode!)

Error in rule align_reads_to_ref:
    jobid: 1266
    input: data/ref_genome/UCinero_ref.1.bt2, data/ref_genome/UCinero_ref.2.bt2, data/ref_genome/UCinero_ref.3.bt2, data/ref_genome/UCinero_ref.4.bt2, data/ref_genome/UCinero_ref.rev.1.bt2, data/ref_genome/UCinero_ref.rev.2.bt2, data/lane2/deduped/ucin125.dedup
    output: data/lane2/sams/ucin125.sam
    conda-env: /home/LC/kollad01/gray_fox_east_structure/.snakemake/conda/6dfb1cbf176424e4a37b5ca8a57ca9dc_
    shell:
        
        bowtie2 --no-unal --score-min L,16,1 --local -L 16 -x data/ref_genome/UCinero_ref -U data/lane2/deduped/ucin125.dedup -S data/lane2/sams/ucin125.sam
        
        (one of the commands exited with non-zero exit code; note that snakemake uses bash strict mode!)

Error in rule align_reads_to_ref:
    jobid: 666
    input: data/ref_genome/UCinero_ref.1.bt2, data/ref_genome/UCinero_ref.2.bt2, data/ref_genome/UCinero_ref.3.bt2, data/ref_genome/UCinero_ref.4.bt2, data/ref_genome/UCinero_ref.rev.1.bt2, data/ref_genome/UCinero_ref.rev.2.bt2, data/lane2/deduped/847RE1.dedup
    output: data/lane2/sams/847RE1.sam
    conda-env: /home/LC/kollad01/gray_fox_east_structure/.snakemake/conda/6dfb1cbf176424e4a37b5ca8a57ca9dc_
    shell:
        
        bowtie2 --no-unal --score-min L,16,1 --local -L 16 -x data/ref_genome/UCinero_ref -U data/lane2/deduped/847RE1.dedup -S data/lane2/sams/847RE1.sam
        
        (one of the commands exited with non-zero exit code; note that snakemake uses bash strict mode!)

Error in rule align_reads_to_ref:
    jobid: 585
    input: data/ref_genome/UCinero_ref.1.bt2, data/ref_genome/UCinero_ref.2.bt2, data/ref_genome/UCinero_ref.3.bt2, data/ref_genome/UCinero_ref.4.bt2, data/ref_genome/UCinero_ref.rev.1.bt2, data/ref_genome/UCinero_ref.rev.2.bt2, data/lane1/deduped/803RE.dedup
    output: data/lane1/sams/803RE.sam
    conda-env: /home/LC/kollad01/gray_fox_east_structure/.snakemake/conda/6dfb1cbf176424e4a37b5ca8a57ca9dc_
    shell:
        
        bowtie2 --no-unal --score-min L,16,1 --local -L 16 -x data/ref_genome/UCinero_ref -U data/lane1/deduped/803RE.dedup -S data/lane1/sams/803RE.sam
        
        (one of the commands exited with non-zero exit code; note that snakemake uses bash strict mode!)

Error in rule align_reads_to_ref:
    jobid: 896
    input: data/ref_genome/UCinero_ref.1.bt2, data/ref_genome/UCinero_ref.2.bt2, data/ref_genome/UCinero_ref.3.bt2, data/ref_genome/UCinero_ref.4.bt2, data/ref_genome/UCinero_ref.rev.1.bt2, data/ref_genome/UCinero_ref.rev.2.bt2, data/lane2/deduped/ucin035.dedup
    output: data/lane2/sams/ucin035.sam
    conda-env: /home/LC/kollad01/gray_fox_east_structure/.snakemake/conda/6dfb1cbf176424e4a37b5ca8a57ca9dc_
    shell:
        
        bowtie2 --no-unal --score-min L,16,1 --local -L 16 -x data/ref_genome/UCinero_ref -U data/lane2/deduped/ucin035.dedup -S data/lane2/sams/ucin035.sam
        
        (one of the commands exited with non-zero exit code; note that snakemake uses bash strict mode!)

Error in rule align_reads_to_ref:
    jobid: 410
    input: data/ref_genome/UCinero_ref.1.bt2, data/ref_genome/UCinero_ref.2.bt2, data/ref_genome/UCinero_ref.3.bt2, data/ref_genome/UCinero_ref.4.bt2, data/ref_genome/UCinero_ref.rev.1.bt2, data/ref_genome/UCinero_ref.rev.2.bt2, data/lane1/deduped/934.dedup
    output: data/lane1/sams/934.sam
    conda-env: /home/LC/kollad01/gray_fox_east_structure/.snakemake/conda/6dfb1cbf176424e4a37b5ca8a57ca9dc_
    shell:
        
        bowtie2 --no-unal --score-min L,16,1 --local -L 16 -x data/ref_genome/UCinero_ref -U data/lane1/deduped/934.dedup -S data/lane1/sams/934.sam
        
        (one of the commands exited with non-zero exit code; note that snakemake uses bash strict mode!)

Error in rule align_reads_to_ref:
    jobid: 2235
    input: data/ref_genome/UCinero_ref.1.bt2, data/ref_genome/UCinero_ref.2.bt2, data/ref_genome/UCinero_ref.3.bt2, data/ref_genome/UCinero_ref.4.bt2, data/ref_genome/UCinero_ref.rev.1.bt2, data/ref_genome/UCinero_ref.rev.2.bt2, data/lane1/deduped/ucin385.dedup
    output: data/lane1/sams/ucin385.sam
    conda-env: /home/LC/kollad01/gray_fox_east_structure/.snakemake/conda/6dfb1cbf176424e4a37b5ca8a57ca9dc_
    shell:
        
        bowtie2 --no-unal --score-min L,16,1 --local -L 16 -x data/ref_genome/UCinero_ref -U data/lane1/deduped/ucin385.dedup -S data/lane1/sams/ucin385.sam
        
        (one of the commands exited with non-zero exit code; note that snakemake uses bash strict mode!)

Error in rule align_reads_to_ref:
    jobid: 775
    input: data/ref_genome/UCinero_ref.1.bt2, data/ref_genome/UCinero_ref.2.bt2, data/ref_genome/UCinero_ref.3.bt2, data/ref_genome/UCinero_ref.4.bt2, data/ref_genome/UCinero_ref.rev.1.bt2, data/ref_genome/UCinero_ref.rev.2.bt2, data/lane1/deduped/ucin007.dedup
    output: data/lane1/sams/ucin007.sam
    conda-env: /home/LC/kollad01/gray_fox_east_structure/.snakemake/conda/6dfb1cbf176424e4a37b5ca8a57ca9dc_
    shell:
        
        bowtie2 --no-unal --score-min L,16,1 --local -L 16 -x data/ref_genome/UCinero_ref -U data/lane1/deduped/ucin007.dedup -S data/lane1/sams/ucin007.sam
        
        (one of the commands exited with non-zero exit code; note that snakemake uses bash strict mode!)

Error in rule align_reads_to_ref:
    jobid: 1420
    input: data/ref_genome/UCinero_ref.1.bt2, data/ref_genome/UCinero_ref.2.bt2, data/ref_genome/UCinero_ref.3.bt2, data/ref_genome/UCinero_ref.4.bt2, data/ref_genome/UCinero_ref.rev.1.bt2, data/ref_genome/UCinero_ref.rev.2.bt2, data/lane1/deduped/ucin157conc.dedup
    output: data/lane1/sams/ucin157conc.sam
    conda-env: /home/LC/kollad01/gray_fox_east_structure/.snakemake/conda/6dfb1cbf176424e4a37b5ca8a57ca9dc_
    shell:
        
        bowtie2 --no-unal --score-min L,16,1 --local -L 16 -x data/ref_genome/UCinero_ref -U data/lane1/deduped/ucin157conc.dedup -S data/lane1/sams/ucin157conc.sam
        
        (one of the commands exited with non-zero exit code; note that snakemake uses bash strict mode!)

Error in rule align_reads_to_ref:
    jobid: 1185
    input: data/ref_genome/UCinero_ref.1.bt2, data/ref_genome/UCinero_ref.2.bt2, data/ref_genome/UCinero_ref.3.bt2, data/ref_genome/UCinero_ref.4.bt2, data/ref_genome/UCinero_ref.rev.1.bt2, data/ref_genome/UCinero_ref.rev.2.bt2, data/lane1/deduped/ucin108.dedup
    output: data/lane1/sams/ucin108.sam
    conda-env: /home/LC/kollad01/gray_fox_east_structure/.snakemake/conda/6dfb1cbf176424e4a37b5ca8a57ca9dc_
    shell:
        
        bowtie2 --no-unal --score-min L,16,1 --local -L 16 -x data/ref_genome/UCinero_ref -U data/lane1/deduped/ucin108.dedup -S data/lane1/sams/ucin108.sam
        
        (one of the commands exited with non-zero exit code; note that snakemake uses bash strict mode!)

Error in rule align_reads_to_ref:
    jobid: 2410
    input: data/ref_genome/UCinero_ref.1.bt2, data/ref_genome/UCinero_ref.2.bt2, data/ref_genome/UCinero_ref.3.bt2, data/ref_genome/UCinero_ref.4.bt2, data/ref_genome/UCinero_ref.rev.1.bt2, data/ref_genome/UCinero_ref.rev.2.bt2, data/lane1/deduped/ucin432z.dedup
    output: data/lane1/sams/ucin432z.sam
    conda-env: /home/LC/kollad01/gray_fox_east_structure/.snakemake/conda/6dfb1cbf176424e4a37b5ca8a57ca9dc_
    shell:
        
        bowtie2 --no-unal --score-min L,16,1 --local -L 16 -x data/ref_genome/UCinero_ref -U data/lane1/deduped/ucin432z.dedup -S data/lane1/sams/ucin432z.sam
        
        (one of the commands exited with non-zero exit code; note that snakemake uses bash strict mode!)

Error in rule align_reads_to_ref:
    jobid: 2401
    input: data/ref_genome/UCinero_ref.1.bt2, data/ref_genome/UCinero_ref.2.bt2, data/ref_genome/UCinero_ref.3.bt2, data/ref_genome/UCinero_ref.4.bt2, data/ref_genome/UCinero_ref.rev.1.bt2, data/ref_genome/UCinero_ref.rev.2.bt2, data/lane2/deduped/ucin430z.dedup
    output: data/lane2/sams/ucin430z.sam
    conda-env: /home/LC/kollad01/gray_fox_east_structure/.snakemake/conda/6dfb1cbf176424e4a37b5ca8a57ca9dc_
    shell:
        
        bowtie2 --no-unal --score-min L,16,1 --local -L 16 -x data/ref_genome/UCinero_ref -U data/lane2/deduped/ucin430z.dedup -S data/lane2/sams/ucin430z.sam
        
        (one of the commands exited with non-zero exit code; note that snakemake uses bash strict mode!)

Error in rule align_reads_to_ref:
    jobid: 1791
    input: data/ref_genome/UCinero_ref.1.bt2, data/ref_genome/UCinero_ref.2.bt2, data/ref_genome/UCinero_ref.3.bt2, data/ref_genome/UCinero_ref.4.bt2, data/ref_genome/UCinero_ref.rev.1.bt2, data/ref_genome/UCinero_ref.rev.2.bt2, data/lane2/deduped/ucin263.dedup
    output: data/lane2/sams/ucin263.sam
    conda-env: /home/LC/kollad01/gray_fox_east_structure/.snakemake/conda/6dfb1cbf176424e4a37b5ca8a57ca9dc_
    shell:
        
        bowtie2 --no-unal --score-min L,16,1 --local -L 16 -x data/ref_genome/UCinero_ref -U data/lane2/deduped/ucin263.dedup -S data/lane2/sams/ucin263.sam
        
        (one of the commands exited with non-zero exit code; note that snakemake uses bash strict mode!)

Error in rule align_reads_to_ref:
    jobid: 1135
    input: data/ref_genome/UCinero_ref.1.bt2, data/ref_genome/UCinero_ref.2.bt2, data/ref_genome/UCinero_ref.3.bt2, data/ref_genome/UCinero_ref.4.bt2, data/ref_genome/UCinero_ref.rev.1.bt2, data/ref_genome/UCinero_ref.rev.2.bt2, data/lane1/deduped/ucin098.dedup
    output: data/lane1/sams/ucin098.sam
    conda-env: /home/LC/kollad01/gray_fox_east_structure/.snakemake/conda/6dfb1cbf176424e4a37b5ca8a57ca9dc_
    shell:
        
        bowtie2 --no-unal --score-min L,16,1 --local -L 16 -x data/ref_genome/UCinero_ref -U data/lane1/deduped/ucin098.dedup -S data/lane1/sams/ucin098.sam
        
        (one of the commands exited with non-zero exit code; note that snakemake uses bash strict mode!)

Error in rule align_reads_to_ref:
    jobid: 2240
    input: data/ref_genome/UCinero_ref.1.bt2, data/ref_genome/UCinero_ref.2.bt2, data/ref_genome/UCinero_ref.3.bt2, data/ref_genome/UCinero_ref.4.bt2, data/ref_genome/UCinero_ref.rev.1.bt2, data/ref_genome/UCinero_ref.rev.2.bt2, data/lane1/deduped/ucin386.dedup
    output: data/lane1/sams/ucin386.sam
    conda-env: /home/LC/kollad01/gray_fox_east_structure/.snakemake/conda/6dfb1cbf176424e4a37b5ca8a57ca9dc_
    shell:
        
        bowtie2 --no-unal --score-min L,16,1 --local -L 16 -x data/ref_genome/UCinero_ref -U data/lane1/deduped/ucin386.dedup -S data/lane1/sams/ucin386.sam
        
        (one of the commands exited with non-zero exit code; note that snakemake uses bash strict mode!)

Complete log: .snakemake/log/2024-06-07T142927.406980.snakemake.log
