Building DAG of jobs...
Your conda installation is not configured to use strict channel priorities. This is however crucial for having robust and correct environments (for details, see https://conda-forge.org/docs/user/tipsandtricks.html). Please consider to configure strict priorities by executing 'conda config --set channel_priority strict'.
Creating conda environment envs/preprocessing.yml...
Downloading and installing remote packages.
Environment for /home/LC/kollad01/gray_fox_east_structure/rules/../envs/preprocessing.yml created (location: .snakemake/conda/6f0b524196647a18ac47f235a6acb152_)
Using shell: /bin/bash
Provided cores: 35
Rules claiming more threads will be scaled down.
Job stats:
job                      count
---------------------  -------
align_reads_to_ref         912
all                          1
build_bam_index_files      456
call_genotypes               1
convert_sams_to_bams       456
make_list_of_bams            1
merge_sams                 456
total                     2283

Select jobs to execute...

[Fri Jun  7 16:01:48 2024]
rule align_reads_to_ref:
    input: data/ref_genome/UCinero_ref.1.bt2, data/ref_genome/UCinero_ref.2.bt2, data/ref_genome/UCinero_ref.3.bt2, data/ref_genome/UCinero_ref.4.bt2, data/ref_genome/UCinero_ref.rev.1.bt2, data/ref_genome/UCinero_ref.rev.2.bt2, data/lane2/deduped/ucin380conc.dedup
    output: data/lane2/sams/ucin380conc.sam
    jobid: 2211
    reason: Missing output files: data/lane2/sams/ucin380conc.sam; Software environment definition has changed since last execution
    wildcards: lane=2, sample=ucin380conc
    resources: tmpdir=/tmp


Activating conda environment: .snakemake/conda/6f0b524196647a18ac47f235a6acb152_
[Fri Jun  7 16:01:48 2024]
rule align_reads_to_ref:
    input: data/ref_genome/UCinero_ref.1.bt2, data/ref_genome/UCinero_ref.2.bt2, data/ref_genome/UCinero_ref.3.bt2, data/ref_genome/UCinero_ref.4.bt2, data/ref_genome/UCinero_ref.rev.1.bt2, data/ref_genome/UCinero_ref.rev.2.bt2, data/lane1/deduped/827.dedup
    output: data/lane1/sams/827.sam
    jobid: 270
    reason: Missing output files: data/lane1/sams/827.sam; Software environment definition has changed since last execution
    wildcards: lane=1, sample=827
    resources: tmpdir=/tmp


Activating conda environment: .snakemake/conda/6f0b524196647a18ac47f235a6acb152_
[Fri Jun  7 16:01:48 2024]
rule align_reads_to_ref:
    input: data/ref_genome/UCinero_ref.1.bt2, data/ref_genome/UCinero_ref.2.bt2, data/ref_genome/UCinero_ref.3.bt2, data/ref_genome/UCinero_ref.4.bt2, data/ref_genome/UCinero_ref.rev.1.bt2, data/ref_genome/UCinero_ref.rev.2.bt2, data/lane2/deduped/ucin169z.dedup
    output: data/lane2/sams/ucin169z.sam
    jobid: 1476
    reason: Missing output files: data/lane2/sams/ucin169z.sam; Software environment definition has changed since last execution
    wildcards: lane=2, sample=ucin169z
    resources: tmpdir=/tmp


Activating conda environment: .snakemake/conda/6f0b524196647a18ac47f235a6acb152_
[Fri Jun  7 16:01:48 2024]
rule align_reads_to_ref:
    input: data/ref_genome/UCinero_ref.1.bt2, data/ref_genome/UCinero_ref.2.bt2, data/ref_genome/UCinero_ref.3.bt2, data/ref_genome/UCinero_ref.4.bt2, data/ref_genome/UCinero_ref.rev.1.bt2, data/ref_genome/UCinero_ref.rev.2.bt2, data/lane2/deduped/ucin031.dedup
    output: data/lane2/sams/ucin031.sam
    jobid: 876
    reason: Missing output files: data/lane2/sams/ucin031.sam; Software environment definition has changed since last execution
    wildcards: lane=2, sample=ucin031
    resources: tmpdir=/tmp


Activating conda environment: .snakemake/conda/6f0b524196647a18ac47f235a6acb152_
[Fri Jun  7 16:01:48 2024]
rule align_reads_to_ref:
    input: data/ref_genome/UCinero_ref.1.bt2, data/ref_genome/UCinero_ref.2.bt2, data/ref_genome/UCinero_ref.3.bt2, data/ref_genome/UCinero_ref.4.bt2, data/ref_genome/UCinero_ref.rev.1.bt2, data/ref_genome/UCinero_ref.rev.2.bt2, data/lane2/deduped/138LC.dedup
    output: data/lane2/sams/138LC.sam
    jobid: 526
    reason: Missing output files: data/lane2/sams/138LC.sam; Software environment definition has changed since last execution
    wildcards: lane=2, sample=138LC
    resources: tmpdir=/tmp

Activating conda environment: .snakemake/conda/6f0b524196647a18ac47f235a6acb152_

[Fri Jun  7 16:01:48 2024]
rule align_reads_to_ref:
    input: data/ref_genome/UCinero_ref.1.bt2, data/ref_genome/UCinero_ref.2.bt2, data/ref_genome/UCinero_ref.3.bt2, data/ref_genome/UCinero_ref.4.bt2, data/ref_genome/UCinero_ref.rev.1.bt2, data/ref_genome/UCinero_ref.rev.2.bt2, data/lane2/deduped/ucin400.dedup
    output: data/lane2/sams/ucin400.sam
    jobid: 2251
    reason: Missing output files: data/lane2/sams/ucin400.sam; Software environment definition has changed since last execution
    wildcards: lane=2, sample=ucin400
    resources: tmpdir=/tmp


Activating conda environment: .snakemake/conda/6f0b524196647a18ac47f235a6acb152_
[Fri Jun  7 16:01:48 2024]
rule align_reads_to_ref:
    input: data/ref_genome/UCinero_ref.1.bt2, data/ref_genome/UCinero_ref.2.bt2, data/ref_genome/UCinero_ref.3.bt2, data/ref_genome/UCinero_ref.4.bt2, data/ref_genome/UCinero_ref.rev.1.bt2, data/ref_genome/UCinero_ref.rev.2.bt2, data/lane2/deduped/ucin096.dedup
    output: data/lane2/sams/ucin096.sam
    jobid: 1126
    reason: Missing output files: data/lane2/sams/ucin096.sam; Software environment definition has changed since last execution
    wildcards: lane=2, sample=ucin096
    resources: tmpdir=/tmp


Activating conda environment: .snakemake/conda/6f0b524196647a18ac47f235a6acb152_
[Fri Jun  7 16:01:49 2024]
rule align_reads_to_ref:
    input: data/ref_genome/UCinero_ref.1.bt2, data/ref_genome/UCinero_ref.2.bt2, data/ref_genome/UCinero_ref.3.bt2, data/ref_genome/UCinero_ref.4.bt2, data/ref_genome/UCinero_ref.rev.1.bt2, data/ref_genome/UCinero_ref.rev.2.bt2, data/lane2/deduped/ucin046z.dedup
    output: data/lane2/sams/ucin046z.sam
    jobid: 951
    reason: Missing output files: data/lane2/sams/ucin046z.sam; Software environment definition has changed since last execution
    wildcards: lane=2, sample=ucin046z
    resources: tmpdir=/tmp


Activating conda environment: .snakemake/conda/6f0b524196647a18ac47f235a6acb152_
[Fri Jun  7 16:01:49 2024]
rule align_reads_to_ref:
    input: data/ref_genome/UCinero_ref.1.bt2, data/ref_genome/UCinero_ref.2.bt2, data/ref_genome/UCinero_ref.3.bt2, data/ref_genome/UCinero_ref.4.bt2, data/ref_genome/UCinero_ref.rev.1.bt2, data/ref_genome/UCinero_ref.rev.2.bt2, data/lane2/deduped/ucin080z.dedup
    output: data/lane2/sams/ucin080z.sam
    jobid: 1076
    reason: Missing output files: data/lane2/sams/ucin080z.sam; Software environment definition has changed since last execution
    wildcards: lane=2, sample=ucin080z
    resources: tmpdir=/tmp


Activating conda environment: .snakemake/conda/6f0b524196647a18ac47f235a6acb152_
[Fri Jun  7 16:01:49 2024]
rule align_reads_to_ref:
    input: data/ref_genome/UCinero_ref.1.bt2, data/ref_genome/UCinero_ref.2.bt2, data/ref_genome/UCinero_ref.3.bt2, data/ref_genome/UCinero_ref.4.bt2, data/ref_genome/UCinero_ref.rev.1.bt2, data/ref_genome/UCinero_ref.rev.2.bt2, data/lane2/deduped/ucin330.dedup
    output: data/lane2/sams/ucin330.sam
    jobid: 2026
    reason: Missing output files: data/lane2/sams/ucin330.sam; Software environment definition has changed since last execution
    wildcards: lane=2, sample=ucin330
    resources: tmpdir=/tmp

Activating conda environment: .snakemake/conda/6f0b524196647a18ac47f235a6acb152_

[Fri Jun  7 16:01:49 2024]
rule align_reads_to_ref:
    input: data/ref_genome/UCinero_ref.1.bt2, data/ref_genome/UCinero_ref.2.bt2, data/ref_genome/UCinero_ref.3.bt2, data/ref_genome/UCinero_ref.4.bt2, data/ref_genome/UCinero_ref.rev.1.bt2, data/ref_genome/UCinero_ref.rev.2.bt2, data/lane1/deduped/935replicate.dedup
    output: data/lane1/sams/935replicate.sam
    jobid: 685
    reason: Missing output files: data/lane1/sams/935replicate.sam; Software environment definition has changed since last execution
    wildcards: lane=1, sample=935replicate
    resources: tmpdir=/tmp

Activating conda environment: .snakemake/conda/6f0b524196647a18ac47f235a6acb152_

[Fri Jun  7 16:01:49 2024]
rule align_reads_to_ref:
    input: data/ref_genome/UCinero_ref.1.bt2, data/ref_genome/UCinero_ref.2.bt2, data/ref_genome/UCinero_ref.3.bt2, data/ref_genome/UCinero_ref.4.bt2, data/ref_genome/UCinero_ref.rev.1.bt2, data/ref_genome/UCinero_ref.rev.2.bt2, data/lane1/deduped/ucin385.dedup
    output: data/lane1/sams/ucin385.sam
    jobid: 2235
    reason: Software environment definition has changed since last execution
    wildcards: lane=1, sample=ucin385
    resources: tmpdir=/tmp

Activating conda environment: .snakemake/conda/6f0b524196647a18ac47f235a6acb152_

[Fri Jun  7 16:01:49 2024]
rule align_reads_to_ref:
    input: data/ref_genome/UCinero_ref.1.bt2, data/ref_genome/UCinero_ref.2.bt2, data/ref_genome/UCinero_ref.3.bt2, data/ref_genome/UCinero_ref.4.bt2, data/ref_genome/UCinero_ref.rev.1.bt2, data/ref_genome/UCinero_ref.rev.2.bt2, data/lane1/deduped/ucin432z.dedup
    output: data/lane1/sams/ucin432z.sam
    jobid: 2410
    reason: Software environment definition has changed since last execution
    wildcards: lane=1, sample=ucin432z
    resources: tmpdir=/tmp

Activating conda environment: .snakemake/conda/6f0b524196647a18ac47f235a6acb152_

[Fri Jun  7 16:01:49 2024]
rule align_reads_to_ref:
    input: data/ref_genome/UCinero_ref.1.bt2, data/ref_genome/UCinero_ref.2.bt2, data/ref_genome/UCinero_ref.3.bt2, data/ref_genome/UCinero_ref.4.bt2, data/ref_genome/UCinero_ref.rev.1.bt2, data/ref_genome/UCinero_ref.rev.2.bt2, data/lane1/deduped/ucin229.dedup
    output: data/lane1/sams/ucin229.sam
    jobid: 1635
    reason: Software environment definition has changed since last execution
    wildcards: lane=1, sample=ucin229
    resources: tmpdir=/tmp

Activating conda environment: .snakemake/conda/6f0b524196647a18ac47f235a6acb152_

[Fri Jun  7 16:01:49 2024]
rule align_reads_to_ref:
    input: data/ref_genome/UCinero_ref.1.bt2, data/ref_genome/UCinero_ref.2.bt2, data/ref_genome/UCinero_ref.3.bt2, data/ref_genome/UCinero_ref.4.bt2, data/ref_genome/UCinero_ref.rev.1.bt2, data/ref_genome/UCinero_ref.rev.2.bt2, data/lane1/deduped/ucin065.dedup
    output: data/lane1/sams/ucin065.sam
    jobid: 1035
    reason: Forced execution
    wildcards: lane=1, sample=ucin065
    resources: tmpdir=/tmp

Activating conda environment: .snakemake/conda/6f0b524196647a18ac47f235a6acb152_

[Fri Jun  7 16:01:49 2024]
rule align_reads_to_ref:
    input: data/ref_genome/UCinero_ref.1.bt2, data/ref_genome/UCinero_ref.2.bt2, data/ref_genome/UCinero_ref.3.bt2, data/ref_genome/UCinero_ref.4.bt2, data/ref_genome/UCinero_ref.rev.1.bt2, data/ref_genome/UCinero_ref.rev.2.bt2, data/lane1/deduped/ucin267.dedup
    output: data/lane1/sams/ucin267.sam
    jobid: 1810
    reason: Forced execution
    wildcards: lane=1, sample=ucin267
    resources: tmpdir=/tmp

Activating conda environment: .snakemake/conda/6f0b524196647a18ac47f235a6acb152_

[Fri Jun  7 16:01:49 2024]
rule align_reads_to_ref:
    input: data/ref_genome/UCinero_ref.1.bt2, data/ref_genome/UCinero_ref.2.bt2, data/ref_genome/UCinero_ref.3.bt2, data/ref_genome/UCinero_ref.4.bt2, data/ref_genome/UCinero_ref.rev.1.bt2, data/ref_genome/UCinero_ref.rev.2.bt2, data/lane1/deduped/F04LC.dedup
    output: data/lane1/sams/F04LC.sam
    jobid: 710
    reason: Missing output files: data/lane1/sams/F04LC.sam; Software environment definition has changed since last execution
    wildcards: lane=1, sample=F04LC
    resources: tmpdir=/tmp

Activating conda environment: .snakemake/conda/6f0b524196647a18ac47f235a6acb152_

[Fri Jun  7 16:01:49 2024]
rule align_reads_to_ref:
    input: data/ref_genome/UCinero_ref.1.bt2, data/ref_genome/UCinero_ref.2.bt2, data/ref_genome/UCinero_ref.3.bt2, data/ref_genome/UCinero_ref.4.bt2, data/ref_genome/UCinero_ref.rev.1.bt2, data/ref_genome/UCinero_ref.rev.2.bt2, data/lane1/deduped/ucin098.dedup
    output: data/lane1/sams/ucin098.sam
    jobid: 1135
    reason: Missing output files: data/lane1/sams/ucin098.sam
    wildcards: lane=1, sample=ucin098
    resources: tmpdir=/tmp

Activating conda environment: .snakemake/conda/6f0b524196647a18ac47f235a6acb152_

[Fri Jun  7 16:01:49 2024]
rule align_reads_to_ref:
    input: data/ref_genome/UCinero_ref.1.bt2, data/ref_genome/UCinero_ref.2.bt2, data/ref_genome/UCinero_ref.3.bt2, data/ref_genome/UCinero_ref.4.bt2, data/ref_genome/UCinero_ref.rev.1.bt2, data/ref_genome/UCinero_ref.rev.2.bt2, data/lane1/deduped/143LC.dedup
    output: data/lane1/sams/143LC.sam
    jobid: 535
    reason: Missing output files: data/lane1/sams/143LC.sam
    wildcards: lane=1, sample=143LC
    resources: tmpdir=/tmp

Activating conda environment: .snakemake/conda/6f0b524196647a18ac47f235a6acb152_

[Fri Jun  7 16:01:49 2024]
rule align_reads_to_ref:
    input: data/ref_genome/UCinero_ref.1.bt2, data/ref_genome/UCinero_ref.2.bt2, data/ref_genome/UCinero_ref.3.bt2, data/ref_genome/UCinero_ref.4.bt2, data/ref_genome/UCinero_ref.rev.1.bt2, data/ref_genome/UCinero_ref.rev.2.bt2, data/lane1/deduped/ucin224.dedup
    output: data/lane1/sams/ucin224.sam
    jobid: 1610
    reason: Missing output files: data/lane1/sams/ucin224.sam
    wildcards: lane=1, sample=ucin224
    resources: tmpdir=/tmp

Activating conda environment: .snakemake/conda/6f0b524196647a18ac47f235a6acb152_

[Fri Jun  7 16:01:49 2024]
rule align_reads_to_ref:
    input: data/ref_genome/UCinero_ref.1.bt2, data/ref_genome/UCinero_ref.2.bt2, data/ref_genome/UCinero_ref.3.bt2, data/ref_genome/UCinero_ref.4.bt2, data/ref_genome/UCinero_ref.rev.1.bt2, data/ref_genome/UCinero_ref.rev.2.bt2, data/lane2/deduped/817RE.dedup
    output: data/lane2/sams/817RE.sam
    jobid: 616
    reason: Missing output files: data/lane2/sams/817RE.sam; Software environment definition has changed since last execution
    wildcards: lane=2, sample=817RE
    resources: tmpdir=/tmp

Activating conda environment: .snakemake/conda/6f0b524196647a18ac47f235a6acb152_

[Fri Jun  7 16:01:49 2024]
rule align_reads_to_ref:
    input: data/ref_genome/UCinero_ref.1.bt2, data/ref_genome/UCinero_ref.2.bt2, data/ref_genome/UCinero_ref.3.bt2, data/ref_genome/UCinero_ref.4.bt2, data/ref_genome/UCinero_ref.rev.1.bt2, data/ref_genome/UCinero_ref.rev.2.bt2, data/lane2/deduped/ucin150z.dedup
    output: data/lane2/sams/ucin150z.sam
    jobid: 1391
    reason: Missing output files: data/lane2/sams/ucin150z.sam; Software environment definition has changed since last execution
    wildcards: lane=2, sample=ucin150z
    resources: tmpdir=/tmp

Activating conda environment: .snakemake/conda/6f0b524196647a18ac47f235a6acb152_

[Fri Jun  7 16:01:49 2024]
rule align_reads_to_ref:
    input: data/ref_genome/UCinero_ref.1.bt2, data/ref_genome/UCinero_ref.2.bt2, data/ref_genome/UCinero_ref.3.bt2, data/ref_genome/UCinero_ref.4.bt2, data/ref_genome/UCinero_ref.rev.1.bt2, data/ref_genome/UCinero_ref.rev.2.bt2, data/lane2/deduped/ucin418z.dedup
    output: data/lane2/sams/ucin418z.sam
    jobid: 2341
    reason: Missing output files: data/lane2/sams/ucin418z.sam; Software environment definition has changed since last execution
    wildcards: lane=2, sample=ucin418z
    resources: tmpdir=/tmp

Activating conda environment: .snakemake/conda/6f0b524196647a18ac47f235a6acb152_

[Fri Jun  7 16:01:49 2024]
rule align_reads_to_ref:
    input: data/ref_genome/UCinero_ref.1.bt2, data/ref_genome/UCinero_ref.2.bt2, data/ref_genome/UCinero_ref.3.bt2, data/ref_genome/UCinero_ref.4.bt2, data/ref_genome/UCinero_ref.rev.1.bt2, data/ref_genome/UCinero_ref.rev.2.bt2, data/lane2/deduped/ucin244.dedup
    output: data/lane2/sams/ucin244.sam
    jobid: 1716
    reason: Missing output files: data/lane2/sams/ucin244.sam; Software environment definition has changed since last execution
    wildcards: lane=2, sample=ucin244
    resources: tmpdir=/tmp


Activating conda environment: .snakemake/conda/6f0b524196647a18ac47f235a6acb152_
[Fri Jun  7 16:01:49 2024]
rule align_reads_to_ref:
    input: data/ref_genome/UCinero_ref.1.bt2, data/ref_genome/UCinero_ref.2.bt2, data/ref_genome/UCinero_ref.3.bt2, data/ref_genome/UCinero_ref.4.bt2, data/ref_genome/UCinero_ref.rev.1.bt2, data/ref_genome/UCinero_ref.rev.2.bt2, data/lane2/deduped/ucin386.dedup
    output: data/lane2/sams/ucin386.sam
    jobid: 2241
    reason: Missing output files: data/lane2/sams/ucin386.sam; Software environment definition has changed since last execution
    wildcards: lane=2, sample=ucin386
    resources: tmpdir=/tmp

Activating conda environment: .snakemake/conda/6f0b524196647a18ac47f235a6acb152_

[Fri Jun  7 16:01:49 2024]
rule align_reads_to_ref:
    input: data/ref_genome/UCinero_ref.1.bt2, data/ref_genome/UCinero_ref.2.bt2, data/ref_genome/UCinero_ref.3.bt2, data/ref_genome/UCinero_ref.4.bt2, data/ref_genome/UCinero_ref.rev.1.bt2, data/ref_genome/UCinero_ref.rev.2.bt2, data/lane1/deduped/ucin360.dedup
    output: data/lane1/sams/ucin360.sam
    jobid: 2175
    reason: Missing output files: data/lane1/sams/ucin360.sam; Software environment definition has changed since last execution
    wildcards: lane=1, sample=ucin360
    resources: tmpdir=/tmp


Activating conda environment: .snakemake/conda/6f0b524196647a18ac47f235a6acb152_
[Fri Jun  7 16:01:49 2024]
rule align_reads_to_ref:
    input: data/ref_genome/UCinero_ref.1.bt2, data/ref_genome/UCinero_ref.2.bt2, data/ref_genome/UCinero_ref.3.bt2, data/ref_genome/UCinero_ref.4.bt2, data/ref_genome/UCinero_ref.rev.1.bt2, data/ref_genome/UCinero_ref.rev.2.bt2, data/lane1/deduped/ucin355.dedup
    output: data/lane1/sams/ucin355.sam
    jobid: 2150
    reason: Missing output files: data/lane1/sams/ucin355.sam; Software environment definition has changed since last execution
    wildcards: lane=1, sample=ucin355
    resources: tmpdir=/tmp

Activating conda environment: .snakemake/conda/6f0b524196647a18ac47f235a6acb152_

[Fri Jun  7 16:01:49 2024]
rule align_reads_to_ref:
    input: data/ref_genome/UCinero_ref.1.bt2, data/ref_genome/UCinero_ref.2.bt2, data/ref_genome/UCinero_ref.3.bt2, data/ref_genome/UCinero_ref.4.bt2, data/ref_genome/UCinero_ref.rev.1.bt2, data/ref_genome/UCinero_ref.rev.2.bt2, data/lane2/deduped/ucin261replicate.dedup
    output: data/lane2/sams/ucin261replicate.sam
    jobid: 1781
    reason: Missing output files: data/lane2/sams/ucin261replicate.sam; Software environment definition has changed since last execution
    wildcards: lane=2, sample=ucin261replicate
    resources: tmpdir=/tmp

Activating conda environment: .snakemake/conda/6f0b524196647a18ac47f235a6acb152_

[Fri Jun  7 16:01:49 2024]
rule align_reads_to_ref:
    input: data/ref_genome/UCinero_ref.1.bt2, data/ref_genome/UCinero_ref.2.bt2, data/ref_genome/UCinero_ref.3.bt2, data/ref_genome/UCinero_ref.4.bt2, data/ref_genome/UCinero_ref.rev.1.bt2, data/ref_genome/UCinero_ref.rev.2.bt2, data/lane1/deduped/ucin049z.dedup
    output: data/lane1/sams/ucin049z.sam
    jobid: 965
    reason: Missing output files: data/lane1/sams/ucin049z.sam; Software environment definition has changed since last execution
    wildcards: lane=1, sample=ucin049z
    resources: tmpdir=/tmp

Activating conda environment: .snakemake/conda/6f0b524196647a18ac47f235a6acb152_

[Fri Jun  7 16:01:49 2024]
rule align_reads_to_ref:
    input: data/ref_genome/UCinero_ref.1.bt2, data/ref_genome/UCinero_ref.2.bt2, data/ref_genome/UCinero_ref.3.bt2, data/ref_genome/UCinero_ref.4.bt2, data/ref_genome/UCinero_ref.rev.1.bt2, data/ref_genome/UCinero_ref.rev.2.bt2, data/lane2/deduped/ucin410z.dedup
    output: data/lane2/sams/ucin410z.sam
    jobid: 2296
    reason: Missing output files: data/lane2/sams/ucin410z.sam; Software environment definition has changed since last execution
    wildcards: lane=2, sample=ucin410z
    resources: tmpdir=/tmp

Activating conda environment: .snakemake/conda/6f0b524196647a18ac47f235a6acb152_

[Fri Jun  7 16:01:49 2024]
rule align_reads_to_ref:
    input: data/ref_genome/UCinero_ref.1.bt2, data/ref_genome/UCinero_ref.2.bt2, data/ref_genome/UCinero_ref.3.bt2, data/ref_genome/UCinero_ref.4.bt2, data/ref_genome/UCinero_ref.rev.1.bt2, data/ref_genome/UCinero_ref.rev.2.bt2, data/lane2/deduped/861.dedup
    output: data/lane2/sams/861.sam
    jobid: 396
    reason: Missing output files: data/lane2/sams/861.sam; Software environment definition has changed since last execution
    wildcards: lane=2, sample=861
    resources: tmpdir=/tmp

Activating conda environment: .snakemake/conda/6f0b524196647a18ac47f235a6acb152_

[Fri Jun  7 16:01:49 2024]
rule align_reads_to_ref:
    input: data/ref_genome/UCinero_ref.1.bt2, data/ref_genome/UCinero_ref.2.bt2, data/ref_genome/UCinero_ref.3.bt2, data/ref_genome/UCinero_ref.4.bt2, data/ref_genome/UCinero_ref.rev.1.bt2, data/ref_genome/UCinero_ref.rev.2.bt2, data/lane2/deduped/204LC.dedup
    output: data/lane2/sams/204LC.sam
    jobid: 571
    reason: Missing output files: data/lane2/sams/204LC.sam; Software environment definition has changed since last execution
    wildcards: lane=2, sample=204LC
    resources: tmpdir=/tmp

Activating conda environment: .snakemake/conda/6f0b524196647a18ac47f235a6acb152_

[Fri Jun  7 16:01:49 2024]
rule align_reads_to_ref:
    input: data/ref_genome/UCinero_ref.1.bt2, data/ref_genome/UCinero_ref.2.bt2, data/ref_genome/UCinero_ref.3.bt2, data/ref_genome/UCinero_ref.4.bt2, data/ref_genome/UCinero_ref.rev.1.bt2, data/ref_genome/UCinero_ref.rev.2.bt2, data/lane1/deduped/ucin342re.dedup
    output: data/lane1/sams/ucin342re.sam
    jobid: 2085
    reason: Missing output files: data/lane1/sams/ucin342re.sam; Software environment definition has changed since last execution
    wildcards: lane=1, sample=ucin342re
    resources: tmpdir=/tmp

Activating conda environment: .snakemake/conda/6f0b524196647a18ac47f235a6acb152_

[Fri Jun  7 16:01:49 2024]
rule align_reads_to_ref:
    input: data/ref_genome/UCinero_ref.1.bt2, data/ref_genome/UCinero_ref.2.bt2, data/ref_genome/UCinero_ref.3.bt2, data/ref_genome/UCinero_ref.4.bt2, data/ref_genome/UCinero_ref.rev.1.bt2, data/ref_genome/UCinero_ref.rev.2.bt2, data/lane1/deduped/ucin107.dedup
    output: data/lane1/sams/ucin107.sam
    jobid: 1180
    reason: Missing output files: data/lane1/sams/ucin107.sam; Software environment definition has changed since last execution
    wildcards: lane=1, sample=ucin107
    resources: tmpdir=/tmp

Activating conda environment: .snakemake/conda/6f0b524196647a18ac47f235a6acb152_

[Fri Jun  7 16:01:49 2024]
rule align_reads_to_ref:
    input: data/ref_genome/UCinero_ref.1.bt2, data/ref_genome/UCinero_ref.2.bt2, data/ref_genome/UCinero_ref.3.bt2, data/ref_genome/UCinero_ref.4.bt2, data/ref_genome/UCinero_ref.rev.1.bt2, data/ref_genome/UCinero_ref.rev.2.bt2, data/lane1/deduped/ucin316.dedup
    output: data/lane1/sams/ucin316.sam
    jobid: 1955
    reason: Missing output files: data/lane1/sams/ucin316.sam; Software environment definition has changed since last execution
    wildcards: lane=1, sample=ucin316
    resources: tmpdir=/tmp

Activating conda environment: .snakemake/conda/6f0b524196647a18ac47f235a6acb152_
Terminating processes on user request, this might take some time.
[Fri Jun  7 16:01:54 2024]
[Fri Jun  7 16:01:54 2024]
[Fri Jun  7 16:01:54 2024]
[Fri Jun  7 16:01:54 2024]
Error in rule align_reads_to_ref:
    jobid: 2211
    input: data/ref_genome/UCinero_ref.1.bt2, data/ref_genome/UCinero_ref.2.bt2, data/ref_genome/UCinero_ref.3.bt2, data/ref_genome/UCinero_ref.4.bt2, data/ref_genome/UCinero_ref.rev.1.bt2, data/ref_genome/UCinero_ref.rev.2.bt2, data/lane2/deduped/ucin380conc.dedup
    output: data/lane2/sams/ucin380conc.sam
    conda-env: /home/LC/kollad01/gray_fox_east_structure/.snakemake/conda/6f0b524196647a18ac47f235a6acb152_
    shell:
        
        bowtie2 --no-unal --score-min L,16,1 --local -L 16 -x data/ref_genome/UCinero_ref -U data/lane2/deduped/ucin380conc.dedup -S data/lane2/sams/ucin380conc.sam
        
        (one of the commands exited with non-zero exit code; note that snakemake uses bash strict mode!)

[Fri Jun  7 16:01:54 2024]
Error in rule align_reads_to_ref:
    jobid: 2296
    input: data/ref_genome/UCinero_ref.1.bt2, data/ref_genome/UCinero_ref.2.bt2, data/ref_genome/UCinero_ref.3.bt2, data/ref_genome/UCinero_ref.4.bt2, data/ref_genome/UCinero_ref.rev.1.bt2, data/ref_genome/UCinero_ref.rev.2.bt2, data/lane2/deduped/ucin410z.dedup
    output: data/lane2/sams/ucin410z.sam
    conda-env: /home/LC/kollad01/gray_fox_east_structure/.snakemake/conda/6f0b524196647a18ac47f235a6acb152_
    shell:
        
        bowtie2 --no-unal --score-min L,16,1 --local -L 16 -x data/ref_genome/UCinero_ref -U data/lane2/deduped/ucin410z.dedup -S data/lane2/sams/ucin410z.sam
        
        (one of the commands exited with non-zero exit code; note that snakemake uses bash strict mode!)

[Fri Jun  7 16:01:54 2024]
[Fri Jun  7 16:01:54 2024]
[Fri Jun  7 16:01:54 2024]
[Fri Jun  7 16:01:54 2024]
Error in rule align_reads_to_ref:
    jobid: 1180
    input: data/ref_genome/UCinero_ref.1.bt2, data/ref_genome/UCinero_ref.2.bt2, data/ref_genome/UCinero_ref.3.bt2, data/ref_genome/UCinero_ref.4.bt2, data/ref_genome/UCinero_ref.rev.1.bt2, data/ref_genome/UCinero_ref.rev.2.bt2, data/lane1/deduped/ucin107.dedup
    output: data/lane1/sams/ucin107.sam
    conda-env: /home/LC/kollad01/gray_fox_east_structure/.snakemake/conda/6f0b524196647a18ac47f235a6acb152_
    shell:
        
        bowtie2 --no-unal --score-min L,16,1 --local -L 16 -x data/ref_genome/UCinero_ref -U data/lane1/deduped/ucin107.dedup -S data/lane1/sams/ucin107.sam
        
        (one of the commands exited with non-zero exit code; note that snakemake uses bash strict mode!)

[Fri Jun  7 16:01:54 2024]
Error in rule align_reads_to_ref:
    jobid: 535
    input: data/ref_genome/UCinero_ref.1.bt2, data/ref_genome/UCinero_ref.2.bt2, data/ref_genome/UCinero_ref.3.bt2, data/ref_genome/UCinero_ref.4.bt2, data/ref_genome/UCinero_ref.rev.1.bt2, data/ref_genome/UCinero_ref.rev.2.bt2, data/lane1/deduped/143LC.dedup
    output: data/lane1/sams/143LC.sam
    conda-env: /home/LC/kollad01/gray_fox_east_structure/.snakemake/conda/6f0b524196647a18ac47f235a6acb152_
    shell:
        
        bowtie2 --no-unal --score-min L,16,1 --local -L 16 -x data/ref_genome/UCinero_ref -U data/lane1/deduped/143LC.dedup -S data/lane1/sams/143LC.sam
        
        (one of the commands exited with non-zero exit code; note that snakemake uses bash strict mode!)

[Fri Jun  7 16:01:54 2024]
Error in rule align_reads_to_ref:
    jobid: 2235
    input: data/ref_genome/UCinero_ref.1.bt2, data/ref_genome/UCinero_ref.2.bt2, data/ref_genome/UCinero_ref.3.bt2, data/ref_genome/UCinero_ref.4.bt2, data/ref_genome/UCinero_ref.rev.1.bt2, data/ref_genome/UCinero_ref.rev.2.bt2, data/lane1/deduped/ucin385.dedup
    output: data/lane1/sams/ucin385.sam
    conda-env: /home/LC/kollad01/gray_fox_east_structure/.snakemake/conda/6f0b524196647a18ac47f235a6acb152_
    shell:
        
        bowtie2 --no-unal --score-min L,16,1 --local -L 16 -x data/ref_genome/UCinero_ref -U data/lane1/deduped/ucin385.dedup -S data/lane1/sams/ucin385.sam
        
        (one of the commands exited with non-zero exit code; note that snakemake uses bash strict mode!)

[Fri Jun  7 16:01:54 2024]
Error in rule align_reads_to_ref:
    jobid: 1126
    input: data/ref_genome/UCinero_ref.1.bt2, data/ref_genome/UCinero_ref.2.bt2, data/ref_genome/UCinero_ref.3.bt2, data/ref_genome/UCinero_ref.4.bt2, data/ref_genome/UCinero_ref.rev.1.bt2, data/ref_genome/UCinero_ref.rev.2.bt2, data/lane2/deduped/ucin096.dedup
    output: data/lane2/sams/ucin096.sam
    conda-env: /home/LC/kollad01/gray_fox_east_structure/.snakemake/conda/6f0b524196647a18ac47f235a6acb152_
    shell:
        
        bowtie2 --no-unal --score-min L,16,1 --local -L 16 -x data/ref_genome/UCinero_ref -U data/lane2/deduped/ucin096.dedup -S data/lane2/sams/ucin096.sam
        
        (one of the commands exited with non-zero exit code; note that snakemake uses bash strict mode!)

[Fri Jun  7 16:01:54 2024]
[Fri Jun  7 16:01:54 2024]
[Fri Jun  7 16:01:54 2024]
[Fri Jun  7 16:01:54 2024]
[Fri Jun  7 16:01:54 2024]
[Fri Jun  7 16:01:54 2024]
[Fri Jun  7 16:01:54 2024]
[Fri Jun  7 16:01:54 2024]
[Fri Jun  7 16:01:54 2024]
[Fri Jun  7 16:01:54 2024]
[Fri Jun  7 16:01:54 2024]
[Fri Jun  7 16:01:54 2024]
[Fri Jun  7 16:01:54 2024]
Error in rule align_reads_to_ref:
    jobid: 1076
    input: data/ref_genome/UCinero_ref.1.bt2, data/ref_genome/UCinero_ref.2.bt2, data/ref_genome/UCinero_ref.3.bt2, data/ref_genome/UCinero_ref.4.bt2, data/ref_genome/UCinero_ref.rev.1.bt2, data/ref_genome/UCinero_ref.rev.2.bt2, data/lane2/deduped/ucin080z.dedup
    output: data/lane2/sams/ucin080z.sam
    conda-env: /home/LC/kollad01/gray_fox_east_structure/.snakemake/conda/6f0b524196647a18ac47f235a6acb152_
    shell:
        
        bowtie2 --no-unal --score-min L,16,1 --local -L 16 -x data/ref_genome/UCinero_ref -U data/lane2/deduped/ucin080z.dedup -S data/lane2/sams/ucin080z.sam
        
        (one of the commands exited with non-zero exit code; note that snakemake uses bash strict mode!)

[Fri Jun  7 16:01:54 2024]
[Fri Jun  7 16:01:54 2024]
[Fri Jun  7 16:01:54 2024]
[Fri Jun  7 16:01:54 2024]
Error in rule align_reads_to_ref:
    jobid: 526
    input: data/ref_genome/UCinero_ref.1.bt2, data/ref_genome/UCinero_ref.2.bt2, data/ref_genome/UCinero_ref.3.bt2, data/ref_genome/UCinero_ref.4.bt2, data/ref_genome/UCinero_ref.rev.1.bt2, data/ref_genome/UCinero_ref.rev.2.bt2, data/lane2/deduped/138LC.dedup
    output: data/lane2/sams/138LC.sam
    conda-env: /home/LC/kollad01/gray_fox_east_structure/.snakemake/conda/6f0b524196647a18ac47f235a6acb152_
    shell:
        
        bowtie2 --no-unal --score-min L,16,1 --local -L 16 -x data/ref_genome/UCinero_ref -U data/lane2/deduped/138LC.dedup -S data/lane2/sams/138LC.sam
        
        (one of the commands exited with non-zero exit code; note that snakemake uses bash strict mode!)

[Fri Jun  7 16:01:54 2024]
[Fri Jun  7 16:01:54 2024]
[Fri Jun  7 16:01:54 2024]
Error in rule align_reads_to_ref:
    jobid: 2341
    input: data/ref_genome/UCinero_ref.1.bt2, data/ref_genome/UCinero_ref.2.bt2, data/ref_genome/UCinero_ref.3.bt2, data/ref_genome/UCinero_ref.4.bt2, data/ref_genome/UCinero_ref.rev.1.bt2, data/ref_genome/UCinero_ref.rev.2.bt2, data/lane2/deduped/ucin418z.dedup
    output: data/lane2/sams/ucin418z.sam
    conda-env: /home/LC/kollad01/gray_fox_east_structure/.snakemake/conda/6f0b524196647a18ac47f235a6acb152_
    shell:
        
        bowtie2 --no-unal --score-min L,16,1 --local -L 16 -x data/ref_genome/UCinero_ref -U data/lane2/deduped/ucin418z.dedup -S data/lane2/sams/ucin418z.sam
        
        (one of the commands exited with non-zero exit code; note that snakemake uses bash strict mode!)

Error in rule align_reads_to_ref:
    jobid: 2026
    input: data/ref_genome/UCinero_ref.1.bt2, data/ref_genome/UCinero_ref.2.bt2, data/ref_genome/UCinero_ref.3.bt2, data/ref_genome/UCinero_ref.4.bt2, data/ref_genome/UCinero_ref.rev.1.bt2, data/ref_genome/UCinero_ref.rev.2.bt2, data/lane2/deduped/ucin330.dedup
    output: data/lane2/sams/ucin330.sam
    conda-env: /home/LC/kollad01/gray_fox_east_structure/.snakemake/conda/6f0b524196647a18ac47f235a6acb152_
    shell:
        
        bowtie2 --no-unal --score-min L,16,1 --local -L 16 -x data/ref_genome/UCinero_ref -U data/lane2/deduped/ucin330.dedup -S data/lane2/sams/ucin330.sam
        
        (one of the commands exited with non-zero exit code; note that snakemake uses bash strict mode!)

Error in rule align_reads_to_ref:
    jobid: 616
    input: data/ref_genome/UCinero_ref.1.bt2, data/ref_genome/UCinero_ref.2.bt2, data/ref_genome/UCinero_ref.3.bt2, data/ref_genome/UCinero_ref.4.bt2, data/ref_genome/UCinero_ref.rev.1.bt2, data/ref_genome/UCinero_ref.rev.2.bt2, data/lane2/deduped/817RE.dedup
    output: data/lane2/sams/817RE.sam
    conda-env: /home/LC/kollad01/gray_fox_east_structure/.snakemake/conda/6f0b524196647a18ac47f235a6acb152_
    shell:
        
        bowtie2 --no-unal --score-min L,16,1 --local -L 16 -x data/ref_genome/UCinero_ref -U data/lane2/deduped/817RE.dedup -S data/lane2/sams/817RE.sam
        
        (one of the commands exited with non-zero exit code; note that snakemake uses bash strict mode!)

Error in rule align_reads_to_ref:
    jobid: 1716
    input: data/ref_genome/UCinero_ref.1.bt2, data/ref_genome/UCinero_ref.2.bt2, data/ref_genome/UCinero_ref.3.bt2, data/ref_genome/UCinero_ref.4.bt2, data/ref_genome/UCinero_ref.rev.1.bt2, data/ref_genome/UCinero_ref.rev.2.bt2, data/lane2/deduped/ucin244.dedup
    output: data/lane2/sams/ucin244.sam
    conda-env: /home/LC/kollad01/gray_fox_east_structure/.snakemake/conda/6f0b524196647a18ac47f235a6acb152_
    shell:
        
        bowtie2 --no-unal --score-min L,16,1 --local -L 16 -x data/ref_genome/UCinero_ref -U data/lane2/deduped/ucin244.dedup -S data/lane2/sams/ucin244.sam
        
        (one of the commands exited with non-zero exit code; note that snakemake uses bash strict mode!)

[Fri Jun  7 16:01:54 2024]
[Fri Jun  7 16:01:54 2024]
[Fri Jun  7 16:01:54 2024]
Error in rule align_reads_to_ref:
    jobid: 2251
    input: data/ref_genome/UCinero_ref.1.bt2, data/ref_genome/UCinero_ref.2.bt2, data/ref_genome/UCinero_ref.3.bt2, data/ref_genome/UCinero_ref.4.bt2, data/ref_genome/UCinero_ref.rev.1.bt2, data/ref_genome/UCinero_ref.rev.2.bt2, data/lane2/deduped/ucin400.dedup
    output: data/lane2/sams/ucin400.sam
    conda-env: /home/LC/kollad01/gray_fox_east_structure/.snakemake/conda/6f0b524196647a18ac47f235a6acb152_
    shell:
        
        bowtie2 --no-unal --score-min L,16,1 --local -L 16 -x data/ref_genome/UCinero_ref -U data/lane2/deduped/ucin400.dedup -S data/lane2/sams/ucin400.sam
        
        (one of the commands exited with non-zero exit code; note that snakemake uses bash strict mode!)

Error in rule align_reads_to_ref:
    jobid: 1476
    input: data/ref_genome/UCinero_ref.1.bt2, data/ref_genome/UCinero_ref.2.bt2, data/ref_genome/UCinero_ref.3.bt2, data/ref_genome/UCinero_ref.4.bt2, data/ref_genome/UCinero_ref.rev.1.bt2, data/ref_genome/UCinero_ref.rev.2.bt2, data/lane2/deduped/ucin169z.dedup
    output: data/lane2/sams/ucin169z.sam
    conda-env: /home/LC/kollad01/gray_fox_east_structure/.snakemake/conda/6f0b524196647a18ac47f235a6acb152_
    shell:
        
        bowtie2 --no-unal --score-min L,16,1 --local -L 16 -x data/ref_genome/UCinero_ref -U data/lane2/deduped/ucin169z.dedup -S data/lane2/sams/ucin169z.sam
        
        (one of the commands exited with non-zero exit code; note that snakemake uses bash strict mode!)

Error in rule align_reads_to_ref:
    jobid: 2085
    input: data/ref_genome/UCinero_ref.1.bt2, data/ref_genome/UCinero_ref.2.bt2, data/ref_genome/UCinero_ref.3.bt2, data/ref_genome/UCinero_ref.4.bt2, data/ref_genome/UCinero_ref.rev.1.bt2, data/ref_genome/UCinero_ref.rev.2.bt2, data/lane1/deduped/ucin342re.dedup
    output: data/lane1/sams/ucin342re.sam
    conda-env: /home/LC/kollad01/gray_fox_east_structure/.snakemake/conda/6f0b524196647a18ac47f235a6acb152_
    shell:
        
        bowtie2 --no-unal --score-min L,16,1 --local -L 16 -x data/ref_genome/UCinero_ref -U data/lane1/deduped/ucin342re.dedup -S data/lane1/sams/ucin342re.sam
        
        (one of the commands exited with non-zero exit code; note that snakemake uses bash strict mode!)

Error in rule align_reads_to_ref:
    jobid: 396
    input: data/ref_genome/UCinero_ref.1.bt2, data/ref_genome/UCinero_ref.2.bt2, data/ref_genome/UCinero_ref.3.bt2, data/ref_genome/UCinero_ref.4.bt2, data/ref_genome/UCinero_ref.rev.1.bt2, data/ref_genome/UCinero_ref.rev.2.bt2, data/lane2/deduped/861.dedup
    output: data/lane2/sams/861.sam
    conda-env: /home/LC/kollad01/gray_fox_east_structure/.snakemake/conda/6f0b524196647a18ac47f235a6acb152_
    shell:
        
        bowtie2 --no-unal --score-min L,16,1 --local -L 16 -x data/ref_genome/UCinero_ref -U data/lane2/deduped/861.dedup -S data/lane2/sams/861.sam
        
        (one of the commands exited with non-zero exit code; note that snakemake uses bash strict mode!)

Error in rule align_reads_to_ref:
    jobid: 685
    input: data/ref_genome/UCinero_ref.1.bt2, data/ref_genome/UCinero_ref.2.bt2, data/ref_genome/UCinero_ref.3.bt2, data/ref_genome/UCinero_ref.4.bt2, data/ref_genome/UCinero_ref.rev.1.bt2, data/ref_genome/UCinero_ref.rev.2.bt2, data/lane1/deduped/935replicate.dedup
    output: data/lane1/sams/935replicate.sam
    conda-env: /home/LC/kollad01/gray_fox_east_structure/.snakemake/conda/6f0b524196647a18ac47f235a6acb152_
    shell:
        
        bowtie2 --no-unal --score-min L,16,1 --local -L 16 -x data/ref_genome/UCinero_ref -U data/lane1/deduped/935replicate.dedup -S data/lane1/sams/935replicate.sam
        
        (one of the commands exited with non-zero exit code; note that snakemake uses bash strict mode!)

Error in rule align_reads_to_ref:
    jobid: 710
    input: data/ref_genome/UCinero_ref.1.bt2, data/ref_genome/UCinero_ref.2.bt2, data/ref_genome/UCinero_ref.3.bt2, data/ref_genome/UCinero_ref.4.bt2, data/ref_genome/UCinero_ref.rev.1.bt2, data/ref_genome/UCinero_ref.rev.2.bt2, data/lane1/deduped/F04LC.dedup
    output: data/lane1/sams/F04LC.sam
    conda-env: /home/LC/kollad01/gray_fox_east_structure/.snakemake/conda/6f0b524196647a18ac47f235a6acb152_
    shell:
        
        bowtie2 --no-unal --score-min L,16,1 --local -L 16 -x data/ref_genome/UCinero_ref -U data/lane1/deduped/F04LC.dedup -S data/lane1/sams/F04LC.sam
        
        (one of the commands exited with non-zero exit code; note that snakemake uses bash strict mode!)

Error in rule align_reads_to_ref:
    jobid: 951
    input: data/ref_genome/UCinero_ref.1.bt2, data/ref_genome/UCinero_ref.2.bt2, data/ref_genome/UCinero_ref.3.bt2, data/ref_genome/UCinero_ref.4.bt2, data/ref_genome/UCinero_ref.rev.1.bt2, data/ref_genome/UCinero_ref.rev.2.bt2, data/lane2/deduped/ucin046z.dedup
    output: data/lane2/sams/ucin046z.sam
    conda-env: /home/LC/kollad01/gray_fox_east_structure/.snakemake/conda/6f0b524196647a18ac47f235a6acb152_
    shell:
        
        bowtie2 --no-unal --score-min L,16,1 --local -L 16 -x data/ref_genome/UCinero_ref -U data/lane2/deduped/ucin046z.dedup -S data/lane2/sams/ucin046z.sam
        
        (one of the commands exited with non-zero exit code; note that snakemake uses bash strict mode!)

Error in rule align_reads_to_ref:
    jobid: 876
    input: data/ref_genome/UCinero_ref.1.bt2, data/ref_genome/UCinero_ref.2.bt2, data/ref_genome/UCinero_ref.3.bt2, data/ref_genome/UCinero_ref.4.bt2, data/ref_genome/UCinero_ref.rev.1.bt2, data/ref_genome/UCinero_ref.rev.2.bt2, data/lane2/deduped/ucin031.dedup
    output: data/lane2/sams/ucin031.sam
    conda-env: /home/LC/kollad01/gray_fox_east_structure/.snakemake/conda/6f0b524196647a18ac47f235a6acb152_
    shell:
        
        bowtie2 --no-unal --score-min L,16,1 --local -L 16 -x data/ref_genome/UCinero_ref -U data/lane2/deduped/ucin031.dedup -S data/lane2/sams/ucin031.sam
        
        (one of the commands exited with non-zero exit code; note that snakemake uses bash strict mode!)

Error in rule align_reads_to_ref:
    jobid: 965
    input: data/ref_genome/UCinero_ref.1.bt2, data/ref_genome/UCinero_ref.2.bt2, data/ref_genome/UCinero_ref.3.bt2, data/ref_genome/UCinero_ref.4.bt2, data/ref_genome/UCinero_ref.rev.1.bt2, data/ref_genome/UCinero_ref.rev.2.bt2, data/lane1/deduped/ucin049z.dedup
    output: data/lane1/sams/ucin049z.sam
    conda-env: /home/LC/kollad01/gray_fox_east_structure/.snakemake/conda/6f0b524196647a18ac47f235a6acb152_
    shell:
        
        bowtie2 --no-unal --score-min L,16,1 --local -L 16 -x data/ref_genome/UCinero_ref -U data/lane1/deduped/ucin049z.dedup -S data/lane1/sams/ucin049z.sam
        
        (one of the commands exited with non-zero exit code; note that snakemake uses bash strict mode!)

Error in rule align_reads_to_ref:
    jobid: 1955
    input: data/ref_genome/UCinero_ref.1.bt2, data/ref_genome/UCinero_ref.2.bt2, data/ref_genome/UCinero_ref.3.bt2, data/ref_genome/UCinero_ref.4.bt2, data/ref_genome/UCinero_ref.rev.1.bt2, data/ref_genome/UCinero_ref.rev.2.bt2, data/lane1/deduped/ucin316.dedup
    output: data/lane1/sams/ucin316.sam
    conda-env: /home/LC/kollad01/gray_fox_east_structure/.snakemake/conda/6f0b524196647a18ac47f235a6acb152_
    shell:
        
        bowtie2 --no-unal --score-min L,16,1 --local -L 16 -x data/ref_genome/UCinero_ref -U data/lane1/deduped/ucin316.dedup -S data/lane1/sams/ucin316.sam
        
        (one of the commands exited with non-zero exit code; note that snakemake uses bash strict mode!)

Error in rule align_reads_to_ref:
    jobid: 1135
    input: data/ref_genome/UCinero_ref.1.bt2, data/ref_genome/UCinero_ref.2.bt2, data/ref_genome/UCinero_ref.3.bt2, data/ref_genome/UCinero_ref.4.bt2, data/ref_genome/UCinero_ref.rev.1.bt2, data/ref_genome/UCinero_ref.rev.2.bt2, data/lane1/deduped/ucin098.dedup
    output: data/lane1/sams/ucin098.sam
    conda-env: /home/LC/kollad01/gray_fox_east_structure/.snakemake/conda/6f0b524196647a18ac47f235a6acb152_
    shell:
        
        bowtie2 --no-unal --score-min L,16,1 --local -L 16 -x data/ref_genome/UCinero_ref -U data/lane1/deduped/ucin098.dedup -S data/lane1/sams/ucin098.sam
        
        (one of the commands exited with non-zero exit code; note that snakemake uses bash strict mode!)

Error in rule align_reads_to_ref:
    jobid: 1035
    input: data/ref_genome/UCinero_ref.1.bt2, data/ref_genome/UCinero_ref.2.bt2, data/ref_genome/UCinero_ref.3.bt2, data/ref_genome/UCinero_ref.4.bt2, data/ref_genome/UCinero_ref.rev.1.bt2, data/ref_genome/UCinero_ref.rev.2.bt2, data/lane1/deduped/ucin065.dedup
    output: data/lane1/sams/ucin065.sam
    conda-env: /home/LC/kollad01/gray_fox_east_structure/.snakemake/conda/6f0b524196647a18ac47f235a6acb152_
    shell:
        
        bowtie2 --no-unal --score-min L,16,1 --local -L 16 -x data/ref_genome/UCinero_ref -U data/lane1/deduped/ucin065.dedup -S data/lane1/sams/ucin065.sam
        
        (one of the commands exited with non-zero exit code; note that snakemake uses bash strict mode!)

Error in rule align_reads_to_ref:
    jobid: 1610
    input: data/ref_genome/UCinero_ref.1.bt2, data/ref_genome/UCinero_ref.2.bt2, data/ref_genome/UCinero_ref.3.bt2, data/ref_genome/UCinero_ref.4.bt2, data/ref_genome/UCinero_ref.rev.1.bt2, data/ref_genome/UCinero_ref.rev.2.bt2, data/lane1/deduped/ucin224.dedup
    output: data/lane1/sams/ucin224.sam
    conda-env: /home/LC/kollad01/gray_fox_east_structure/.snakemake/conda/6f0b524196647a18ac47f235a6acb152_
    shell:
        
        bowtie2 --no-unal --score-min L,16,1 --local -L 16 -x data/ref_genome/UCinero_ref -U data/lane1/deduped/ucin224.dedup -S data/lane1/sams/ucin224.sam
        
        (one of the commands exited with non-zero exit code; note that snakemake uses bash strict mode!)

Error in rule align_reads_to_ref:
    jobid: 270
    input: data/ref_genome/UCinero_ref.1.bt2, data/ref_genome/UCinero_ref.2.bt2, data/ref_genome/UCinero_ref.3.bt2, data/ref_genome/UCinero_ref.4.bt2, data/ref_genome/UCinero_ref.rev.1.bt2, data/ref_genome/UCinero_ref.rev.2.bt2, data/lane1/deduped/827.dedup
    output: data/lane1/sams/827.sam
    conda-env: /home/LC/kollad01/gray_fox_east_structure/.snakemake/conda/6f0b524196647a18ac47f235a6acb152_
    shell:
        
        bowtie2 --no-unal --score-min L,16,1 --local -L 16 -x data/ref_genome/UCinero_ref -U data/lane1/deduped/827.dedup -S data/lane1/sams/827.sam
        
        (one of the commands exited with non-zero exit code; note that snakemake uses bash strict mode!)

Error in rule align_reads_to_ref:
    jobid: 1810
    input: data/ref_genome/UCinero_ref.1.bt2, data/ref_genome/UCinero_ref.2.bt2, data/ref_genome/UCinero_ref.3.bt2, data/ref_genome/UCinero_ref.4.bt2, data/ref_genome/UCinero_ref.rev.1.bt2, data/ref_genome/UCinero_ref.rev.2.bt2, data/lane1/deduped/ucin267.dedup
    output: data/lane1/sams/ucin267.sam
    conda-env: /home/LC/kollad01/gray_fox_east_structure/.snakemake/conda/6f0b524196647a18ac47f235a6acb152_
    shell:
        
        bowtie2 --no-unal --score-min L,16,1 --local -L 16 -x data/ref_genome/UCinero_ref -U data/lane1/deduped/ucin267.dedup -S data/lane1/sams/ucin267.sam
        
        (one of the commands exited with non-zero exit code; note that snakemake uses bash strict mode!)

Error in rule align_reads_to_ref:
    jobid: 1635
    input: data/ref_genome/UCinero_ref.1.bt2, data/ref_genome/UCinero_ref.2.bt2, data/ref_genome/UCinero_ref.3.bt2, data/ref_genome/UCinero_ref.4.bt2, data/ref_genome/UCinero_ref.rev.1.bt2, data/ref_genome/UCinero_ref.rev.2.bt2, data/lane1/deduped/ucin229.dedup
    output: data/lane1/sams/ucin229.sam
    conda-env: /home/LC/kollad01/gray_fox_east_structure/.snakemake/conda/6f0b524196647a18ac47f235a6acb152_
    shell:
        
        bowtie2 --no-unal --score-min L,16,1 --local -L 16 -x data/ref_genome/UCinero_ref -U data/lane1/deduped/ucin229.dedup -S data/lane1/sams/ucin229.sam
        
        (one of the commands exited with non-zero exit code; note that snakemake uses bash strict mode!)

Error in rule align_reads_to_ref:
    jobid: 1781
    input: data/ref_genome/UCinero_ref.1.bt2, data/ref_genome/UCinero_ref.2.bt2, data/ref_genome/UCinero_ref.3.bt2, data/ref_genome/UCinero_ref.4.bt2, data/ref_genome/UCinero_ref.rev.1.bt2, data/ref_genome/UCinero_ref.rev.2.bt2, data/lane2/deduped/ucin261replicate.dedup
    output: data/lane2/sams/ucin261replicate.sam
    conda-env: /home/LC/kollad01/gray_fox_east_structure/.snakemake/conda/6f0b524196647a18ac47f235a6acb152_
    shell:
        
        bowtie2 --no-unal --score-min L,16,1 --local -L 16 -x data/ref_genome/UCinero_ref -U data/lane2/deduped/ucin261replicate.dedup -S data/lane2/sams/ucin261replicate.sam
        
        (one of the commands exited with non-zero exit code; note that snakemake uses bash strict mode!)

Error in rule align_reads_to_ref:
    jobid: 2150
    input: data/ref_genome/UCinero_ref.1.bt2, data/ref_genome/UCinero_ref.2.bt2, data/ref_genome/UCinero_ref.3.bt2, data/ref_genome/UCinero_ref.4.bt2, data/ref_genome/UCinero_ref.rev.1.bt2, data/ref_genome/UCinero_ref.rev.2.bt2, data/lane1/deduped/ucin355.dedup
    output: data/lane1/sams/ucin355.sam
    conda-env: /home/LC/kollad01/gray_fox_east_structure/.snakemake/conda/6f0b524196647a18ac47f235a6acb152_
    shell:
        
        bowtie2 --no-unal --score-min L,16,1 --local -L 16 -x data/ref_genome/UCinero_ref -U data/lane1/deduped/ucin355.dedup -S data/lane1/sams/ucin355.sam
        
        (one of the commands exited with non-zero exit code; note that snakemake uses bash strict mode!)

Error in rule align_reads_to_ref:
    jobid: 2241
    input: data/ref_genome/UCinero_ref.1.bt2, data/ref_genome/UCinero_ref.2.bt2, data/ref_genome/UCinero_ref.3.bt2, data/ref_genome/UCinero_ref.4.bt2, data/ref_genome/UCinero_ref.rev.1.bt2, data/ref_genome/UCinero_ref.rev.2.bt2, data/lane2/deduped/ucin386.dedup
    output: data/lane2/sams/ucin386.sam
    conda-env: /home/LC/kollad01/gray_fox_east_structure/.snakemake/conda/6f0b524196647a18ac47f235a6acb152_
    shell:
        
        bowtie2 --no-unal --score-min L,16,1 --local -L 16 -x data/ref_genome/UCinero_ref -U data/lane2/deduped/ucin386.dedup -S data/lane2/sams/ucin386.sam
        
        (one of the commands exited with non-zero exit code; note that snakemake uses bash strict mode!)

Error in rule align_reads_to_ref:
    jobid: 571
    input: data/ref_genome/UCinero_ref.1.bt2, data/ref_genome/UCinero_ref.2.bt2, data/ref_genome/UCinero_ref.3.bt2, data/ref_genome/UCinero_ref.4.bt2, data/ref_genome/UCinero_ref.rev.1.bt2, data/ref_genome/UCinero_ref.rev.2.bt2, data/lane2/deduped/204LC.dedup
    output: data/lane2/sams/204LC.sam
    conda-env: /home/LC/kollad01/gray_fox_east_structure/.snakemake/conda/6f0b524196647a18ac47f235a6acb152_
    shell:
        
        bowtie2 --no-unal --score-min L,16,1 --local -L 16 -x data/ref_genome/UCinero_ref -U data/lane2/deduped/204LC.dedup -S data/lane2/sams/204LC.sam
        
        (one of the commands exited with non-zero exit code; note that snakemake uses bash strict mode!)

Error in rule align_reads_to_ref:
    jobid: 1391
    input: data/ref_genome/UCinero_ref.1.bt2, data/ref_genome/UCinero_ref.2.bt2, data/ref_genome/UCinero_ref.3.bt2, data/ref_genome/UCinero_ref.4.bt2, data/ref_genome/UCinero_ref.rev.1.bt2, data/ref_genome/UCinero_ref.rev.2.bt2, data/lane2/deduped/ucin150z.dedup
    output: data/lane2/sams/ucin150z.sam
    conda-env: /home/LC/kollad01/gray_fox_east_structure/.snakemake/conda/6f0b524196647a18ac47f235a6acb152_
    shell:
        
        bowtie2 --no-unal --score-min L,16,1 --local -L 16 -x data/ref_genome/UCinero_ref -U data/lane2/deduped/ucin150z.dedup -S data/lane2/sams/ucin150z.sam
        
        (one of the commands exited with non-zero exit code; note that snakemake uses bash strict mode!)

Error in rule align_reads_to_ref:
    jobid: 2410
    input: data/ref_genome/UCinero_ref.1.bt2, data/ref_genome/UCinero_ref.2.bt2, data/ref_genome/UCinero_ref.3.bt2, data/ref_genome/UCinero_ref.4.bt2, data/ref_genome/UCinero_ref.rev.1.bt2, data/ref_genome/UCinero_ref.rev.2.bt2, data/lane1/deduped/ucin432z.dedup
    output: data/lane1/sams/ucin432z.sam
    conda-env: /home/LC/kollad01/gray_fox_east_structure/.snakemake/conda/6f0b524196647a18ac47f235a6acb152_
    shell:
        
        bowtie2 --no-unal --score-min L,16,1 --local -L 16 -x data/ref_genome/UCinero_ref -U data/lane1/deduped/ucin432z.dedup -S data/lane1/sams/ucin432z.sam
        
        (one of the commands exited with non-zero exit code; note that snakemake uses bash strict mode!)

Error in rule align_reads_to_ref:
    jobid: 2175
    input: data/ref_genome/UCinero_ref.1.bt2, data/ref_genome/UCinero_ref.2.bt2, data/ref_genome/UCinero_ref.3.bt2, data/ref_genome/UCinero_ref.4.bt2, data/ref_genome/UCinero_ref.rev.1.bt2, data/ref_genome/UCinero_ref.rev.2.bt2, data/lane1/deduped/ucin360.dedup
    output: data/lane1/sams/ucin360.sam
    conda-env: /home/LC/kollad01/gray_fox_east_structure/.snakemake/conda/6f0b524196647a18ac47f235a6acb152_
    shell:
        
        bowtie2 --no-unal --score-min L,16,1 --local -L 16 -x data/ref_genome/UCinero_ref -U data/lane1/deduped/ucin360.dedup -S data/lane1/sams/ucin360.sam
        
        (one of the commands exited with non-zero exit code; note that snakemake uses bash strict mode!)

Complete log: .snakemake/log/2024-06-07T160127.939290.snakemake.log
