Building DAG of jobs...
Your conda installation is not configured to use strict channel priorities. This is however crucial for having robust and correct environments (for details, see https://conda-forge.org/docs/user/tipsandtricks.html). Please consider to configure strict priorities by executing 'conda config --set channel_priority strict'.
Creating conda environment envs/preprocessing.yml...
Downloading and installing remote packages.
CreateCondaEnvironmentException:
Could not create conda environment from /home/LC/kollad01/gray_fox_east_structure/rules/../envs/preprocessing.yml:
Command:
conda env create --quiet --file "/home/LC/kollad01/gray_fox_east_structure/.snakemake/conda/a75821c44f4c719471a521b76d55d5e3_.yaml" --prefix "/home/LC/kollad01/gray_fox_east_structure/.snakemake/conda/a75821c44f4c719471a521b76d55d5e3_"
Output:
Collecting package metadata (repodata.json): ...working... done
Solving environment: ...working... 
Building graph of deps:   0%|                                                                          | 0/6 [00:00<?, ?it/s]
Examining @/linux-64::__archspec==1=x86_64:   0%|                                                      | 0/6 [00:00<?, ?it/s]
Examining @/linux-64::__unix==0=0:  17%|████████▊                                            | 1/6 [00:00<00:00, 5548.02it/s]
Examining bowtie2=2.4.2:  33%|█████████████████████                                          | 2/6 [00:00<00:00, 6030.63it/s]
Examining @/linux-64::__linux==5.15.0=0:  50%|████████████████████████▌                        | 3/6 [00:00<00:00, 44.43it/s]
Examining @/linux-64::__glibc==2.35=0:  67%|██████████████████████████████████                 | 4/6 [00:00<00:00, 59.08it/s]
Examining samtools:  83%|██████████████████████████████████████████████████████████▎           | 5/6 [00:00<00:00, 73.70it/s]
                                                                                                                             

Determining conflicts:   0%|                                                                           | 0/6 [00:00<?, ?it/s]
Examining conflict for bowtie2 samtools:   0%|                                                         | 0/6 [00:00<?, ?it/s]
Examining conflict for __glibc bowtie2 samtools:  17%|██████▊                                  | 1/6 [00:00<00:03,  1.40it/s]
Examining conflict for __glibc bowtie2 samtools:  33%|█████████████▋                           | 2/6 [00:00<00:01,  2.79it/s]
                                                                                                                             
Found conflicts! Looking for incompatible packages.
This can take several minutes.  Press CTRL-C to abort.
failed
Solving environment: ...working... 
Building graph of deps:   0%|                                                                          | 0/6 [00:00<?, ?it/s]
Examining @/linux-64::__archspec==1=x86_64:   0%|                                                      | 0/6 [00:00<?, ?it/s]
Examining @/linux-64::__unix==0=0:  17%|████████▊                                            | 1/6 [00:00<00:00, 5497.12it/s]
Examining bowtie2=2.4.2:  33%|█████████████████████                                          | 2/6 [00:00<00:00, 5936.74it/s]
Examining @/linux-64::__linux==5.15.0=0:  50%|████████████████████████▌                        | 3/6 [00:00<00:00, 43.08it/s]
Examining @/linux-64::__glibc==2.35=0:  67%|██████████████████████████████████                 | 4/6 [00:00<00:00, 57.27it/s]
Examining samtools:  83%|██████████████████████████████████████████████████████████▎           | 5/6 [00:00<00:00, 71.45it/s]
                                                                                                                             

Determining conflicts:   0%|                                                                           | 0/6 [00:00<?, ?it/s]
Examining conflict for bowtie2 samtools:   0%|                                                         | 0/6 [00:00<?, ?it/s]
Examining conflict for __glibc bowtie2 samtools:  17%|██████▊                                  | 1/6 [00:00<00:03,  1.33it/s]
Examining conflict for __glibc bowtie2 samtools:  33%|█████████████▋                           | 2/6 [00:00<00:01,  2.66it/s]
                                                                                                                             
Found conflicts! Looking for incompatible packages.
This can take several minutes.  Press CTRL-C to abort.
failed

UnsatisfiableError: The following specifications were found to be incompatible with each other:

Output in format: Requested package -> Available versions

Package libgcc-ng conflicts for:
bowtie2=2.4.2 -> perl -> libgcc-ng[version='>=11.2.0|>=7.2.0|>=7.3.0']
bowtie2=2.4.2 -> libgcc-ng[version='>=7.5.0|>=9.3.0']

Package libstdcxx-ng conflicts for:
bowtie2=2.4.2 -> libstdcxx-ng[version='>=7.5.0|>=9.3.0']
bowtie2=2.4.2 -> python[version='>=3.8,<3.9.0a0'] -> libstdcxx-ng[version='>=11.2.0|>=7.3.0|>=7.2.0']

Package openssl conflicts for:
samtools -> htslib[version='>=1.20,<1.21.0a0'] -> openssl[version='1.0.*|>=1.1.1g,<1.1.2a|>=1.1.1h,<1.1.2a|>=1.1.1i,<1.1.2a|>=1.1.1j,<1.1.2a|>=1.1.1k,<1.1.2a|>=1.1.1n,<1.1.2a|>=1.1.1q,<1.1.2a|>=1.1.1t,<1.1.2a|>=3.1.1,<4.0a0|>=3.2.0,<4.0a0|>=3.2.1,<4.0a0|>=3.3.0,<4.0a0|>=1.0.2m,<1.0.3a']
bowtie2=2.4.2 -> python[version='>=3.8,<3.9.0a0'] -> openssl[version='1.0.*|>=1.0.2m,<1.0.3a|>=1.0.2n,<1.0.3a|>=1.0.2o,<1.0.3a|>=1.0.2p,<1.0.3a|>=1.1.1a,<1.1.2a|>=1.1.1b,<1.1.2a|>=1.1.1c,<1.1.2a|>=1.1.1d,<1.1.2a|>=1.1.1e,<1.1.2a|>=1.1.1g,<1.1.2a|>=1.1.1j,<1.1.2a|>=1.1.1k,<1.1.2a|>=1.1.1l,<1.1.2a|>=1.1.1n,<1.1.2a|>=1.1.1q,<1.1.2a|>=1.1.1s,<1.1.2a|>=1.1.1t,<1.1.2a|>=1.1.1u,<1.1.2a|>=1.1.1v,<1.1.2a|>=3.0.10,<4.0a0|>=3.0.13,<4.0a0|>=3.0.9,<4.0a0|>=3.0.8,<4.0a0|>=1.1.1o,<1.1.2a|>=1.1.1i,<1.1.2a|>=1.1.1h,<1.1.2a|>=1.0.2l,<1.0.3a']
samtools -> openssl[version='>=1.0.2p,<1.0.3a|>=1.0.2r,<1.0.3a|>=1.1.1a,<1.1.2a|>=1.1.0,<=1.1.1|>=3.1.0,<4.0a0|>=1.1.1l,<1.1.2a']

Package zlib conflicts for:
bowtie2=2.4.2 -> zlib[version='>=1.2.11,<1.3.0a0']
bowtie2=2.4.2 -> python[version='>=3.8,<3.9.0a0'] -> zlib[version='>=1.2.12,<1.3.0a0|>=1.2.13,<1.3.0a0']The following specifications were found to be incompatible with your system:

  - feature:/linux-64::__glibc==2.35=0
  - feature:|@/linux-64::__glibc==2.35=0
  - samtools -> libgcc-ng[version='>=10.3.0'] -> __glibc[version='>=2.17']

Your installed version is: 2.35



