Building DAG of jobs...
Your conda installation is not configured to use strict channel priorities. This is however crucial for having robust and correct environments (for details, see https://conda-forge.org/docs/user/tipsandtricks.html). Please consider to configure strict priorities by executing 'conda config --set channel_priority strict'.
Creating conda environment envs/align_reads_to_ref.yml...
Downloading and installing remote packages.
CreateCondaEnvironmentException:
Could not create conda environment from /home/LC/kollad01/gray_fox_east_structure/rules/../envs/align_reads_to_ref.yml:
Command:
conda env create --quiet --file "/home/LC/kollad01/gray_fox_east_structure/.snakemake/conda/0b99e0b5ca085cc9613c9c77d5f29a2a_.yaml" --prefix "/home/LC/kollad01/gray_fox_east_structure/.snakemake/conda/0b99e0b5ca085cc9613c9c77d5f29a2a_"
Output:
Collecting package metadata (repodata.json): ...working... done
Solving environment: ...working... 
Building graph of deps:   0%|                                                                          | 0/5 [00:00<?, ?it/s]
Examining @/linux-64::__glibc==2.35=0:   0%|                                                           | 0/5 [00:00<?, ?it/s]
Examining @/linux-64::__linux==5.15.0=0:  20%|█████████▍                                     | 1/5 [00:00<00:00, 5405.03it/s]
Examining @/linux-64::__archspec==1=x86_64:  40%|█████████████████▌                          | 2/5 [00:00<00:00, 5928.34it/s]
Examining @/linux-64::__unix==0=0:  60%|███████████████████████████████▊                     | 3/5 [00:00<00:00, 6400.26it/s]
Examining bowtie2=2.4.2:  80%|██████████████████████████████████████████████████▍            | 4/5 [00:00<00:00, 6721.64it/s]
                                                                                                                             

Determining conflicts:   0%|                                                                           | 0/5 [00:00<?, ?it/s]
Examining conflict for __glibc bowtie2:   0%|                                                          | 0/5 [00:00<?, ?it/s]
                                                                                                                             
Found conflicts! Looking for incompatible packages.
This can take several minutes.  Press CTRL-C to abort.
failed
Solving environment: ...working... 
Building graph of deps:   0%|                                                                          | 0/5 [00:00<?, ?it/s]
Examining @/linux-64::__glibc==2.35=0:   0%|                                                           | 0/5 [00:00<?, ?it/s]
Examining @/linux-64::__linux==5.15.0=0:  20%|█████████▍                                     | 1/5 [00:00<00:00, 5809.29it/s]
Examining @/linux-64::__archspec==1=x86_64:  40%|█████████████████▌                          | 2/5 [00:00<00:00, 6061.13it/s]
Examining @/linux-64::__unix==0=0:  60%|███████████████████████████████▊                     | 3/5 [00:00<00:00, 6400.26it/s]
Examining bowtie2=2.4.2:  80%|██████████████████████████████████████████████████▍            | 4/5 [00:00<00:00, 6576.72it/s]
                                                                                                                             

Determining conflicts:   0%|                                                                           | 0/5 [00:00<?, ?it/s]
Examining conflict for __glibc bowtie2:   0%|                                                          | 0/5 [00:00<?, ?it/s]
                                                                                                                             
Found conflicts! Looking for incompatible packages.
This can take several minutes.  Press CTRL-C to abort.
failed

UnsatisfiableError: The following specifications were found to be incompatible with your system:

  - feature:/linux-64::__glibc==2.35=0
  - bowtie2=2.4.2 -> libgcc-ng[version='>=9.3.0'] -> __glibc[version='>=2.17']

Your installed version is: 2.35



