Building DAG of jobs...
Your conda installation is not configured to use strict channel priorities. This is however crucial for having robust and correct environments (for details, see https://conda-forge.org/docs/user/tipsandtricks.html). Please consider to configure strict priorities by executing 'conda config --set channel_priority strict'.
Creating conda environment envs/preprocessing.yml...
Downloading and installing remote packages.
CreateCondaEnvironmentException:
Could not create conda environment from /home/LC/kollad01/gray_fox_east_structure/rules/../envs/preprocessing.yml:
Command:
conda env create --quiet --file "/home/LC/kollad01/gray_fox_east_structure/.snakemake/conda/3e386af646b80f0949415db201626af3_.yaml" --prefix "/home/LC/kollad01/gray_fox_east_structure/.snakemake/conda/3e386af646b80f0949415db201626af3_"
Output:
Collecting package metadata (repodata.json): ...working... done
Solving environment: ...working... 
Building graph of deps:   0%|                                                                          | 0/6 [00:00<?, ?it/s]
Examining @/linux-64::__glibc==2.35=0:   0%|                                                           | 0/6 [00:00<?, ?it/s]
Examining @/linux-64::__linux==5.15.0=0:  17%|███████▊                                       | 1/6 [00:00<00:00, 5637.51it/s]
Examining samtools==1.20-0:  33%|████████████████████                                        | 2/6 [00:00<00:00, 6186.29it/s]
Examining bowtie2==2.5.4:  50%|███████████████████████████████                               | 3/6 [00:00<00:00, 3493.31it/s]
Examining @/linux-64::__archspec==1=x86_64:  67%|██████████████████████████████▋               | 4/6 [00:00<00:00, 89.72it/s]
Examining @/linux-64::__unix==0=0:  83%|█████████████████████████████████████████████         | 5/6 [00:00<00:00, 111.72it/s]
                                                                                                                             

Determining conflicts:   0%|                                                                           | 0/6 [00:00<?, ?it/s]
Examining conflict for samtools bowtie2:   0%|                                                         | 0/6 [00:00<?, ?it/s]
                                                                                                                             
Found conflicts! Looking for incompatible packages.
This can take several minutes.  Press CTRL-C to abort.
failed
Solving environment: ...working... 
Building graph of deps:   0%|                                                                          | 0/6 [00:00<?, ?it/s]
Examining @/linux-64::__glibc==2.35=0:   0%|                                                           | 0/6 [00:00<?, ?it/s]
Examining @/linux-64::__linux==5.15.0=0:  17%|███████▊                                       | 1/6 [00:00<00:00, 5849.80it/s]
Examining samtools==1.20-0:  33%|████████████████████                                        | 2/6 [00:00<00:00, 6200.01it/s]
Examining bowtie2==2.5.4:  50%|███████████████████████████████                               | 3/6 [00:00<00:00, 3814.16it/s]
Examining @/linux-64::__archspec==1=x86_64:  67%|██████████████████████████████▋               | 4/6 [00:00<00:00, 88.09it/s]
Examining @/linux-64::__unix==0=0:  83%|█████████████████████████████████████████████         | 5/6 [00:00<00:00, 109.67it/s]
                                                                                                                             

Determining conflicts:   0%|                                                                           | 0/6 [00:00<?, ?it/s]
Examining conflict for samtools bowtie2:   0%|                                                         | 0/6 [00:00<?, ?it/s]
                                                                                                                             
Found conflicts! Looking for incompatible packages.
This can take several minutes.  Press CTRL-C to abort.
failed

UnsatisfiableError: The following specifications were found to be incompatible with each other:

Output in format: Requested package -> Available versions

Package libzlib conflicts for:
samtools==1.20-0 -> libzlib[version='>=1.2.13,<1.3.0a0']
samtools==1.20-0 -> htslib[version='>=1.20,<1.21.0a0'] -> libzlib[version='>=1.2.13,<2.0a0']

Package openssl conflicts for:
bowtie2==2.5.4 -> python -> openssl[version='1.0.*|>=1.0.2m,<1.0.3a|>=1.0.2n,<1.0.3a|>=1.0.2o,<1.0.3a|>=1.0.2p,<1.0.3a|>=1.1.1a,<1.1.2a|>=1.1.1b,<1.1.2a|>=1.1.1c,<1.1.2a|>=1.1.1d,<1.1.2a|>=1.1.1e,<1.1.2a|>=1.1.1g,<1.1.2a|>=1.1.1h,<1.1.2a|>=1.1.1i,<1.1.2a|>=1.1.1j,<1.1.2a|>=1.1.1k,<1.1.2a|>=1.1.1l,<1.1.2a|>=1.1.1m,<1.1.2a|>=1.1.1n,<1.1.2a|>=1.1.1q,<1.1.2a|>=1.1.1s,<1.1.2a|>=1.1.1t,<1.1.2a|>=1.1.1u,<1.1.2a|>=1.1.1v,<1.1.2a|>=3.0.10,<4.0a0|>=3.0.11,<4.0a0|>=3.0.12,<4.0a0|>=3.0.13,<4.0a0|>=3.0.9,<4.0a0|>=3.0.8,<4.0a0|>=1.1.1o,<1.1.2a|>=1.0.2l,<1.0.3a']
samtools==1.20-0 -> htslib[version='>=1.20,<1.21.0a0'] -> openssl[version='>=3.2.1,<4.0a0|>=3.3.0,<4.0a0']


