Building DAG of jobs...
IncompleteFilesException:
The files below seem to be incomplete. If you are sure that certain files are not incomplete, mark them as complete with

    snakemake --cleanup-metadata <filenames>

To re-generate the files rerun your command with the --rerun-incomplete flag.
Incomplete files:
data/lane2/sams/935.sam
data/lane1/sams/939.sam
data/lane2/sams/109LC.sam
data/lane1/sams/153LC.sam
data/lane1/sams/803RE.sam
data/lane2/sams/F03LC.sam
data/lane2/sams/ucin001.sam
data/lane2/sams/ucin022.sam
data/lane1/sams/ucin028.sam
data/lane2/sams/ucin040.sam
data/lane2/sams/ucin049z.sam
data/lane1/sams/ucin065.sam
data/lane2/sams/ucin079z.sam
data/lane2/sams/ucin098.sam
data/lane2/sams/ucin106.sam
data/lane1/sams/ucin118conc.sam
data/lane2/sams/ucin232.sam
data/lane2/sams/ucin233.sam
data/lane2/sams/ucin240.sam
data/lane1/sams/ucin259.sam
data/lane2/sams/ucin265conc.sam
data/lane1/sams/ucin267.sam
data/lane1/sams/ucin268.sam
data/lane2/sams/ucin273.sam
data/lane2/sams/ucin279concreplicate.sam
data/lane2/sams/ucin307.sam
data/lane2/sams/ucin315.sam
data/lane2/sams/ucin316.sam
data/lane2/sams/ucin346.sam
data/lane1/sams/ucin347conc.sam
data/lane2/sams/ucin350.sam
data/lane1/sams/ucin352z.sam
data/lane1/sams/ucin407RE.sam
data/lane2/sams/ucin435.sam
data/lane2/sams/ucin436.sam
