Building DAG of jobs...
IncompleteFilesException:
The files below seem to be incomplete. If you are sure that certain files are not incomplete, mark them as complete with

    snakemake --cleanup-metadata <filenames>

To re-generate the files rerun your command with the --rerun-incomplete flag.
Incomplete files:
data/lane2/sams/829.sam
data/lane2/sams/836.sam
data/lane2/sams/841.sam
data/lane1/sams/934.sam
data/lane1/sams/111LC.sam
data/lane1/sams/143LC.sam
data/lane1/sams/803RE.sam
data/lane1/sams/812RE.sam
data/lane2/sams/847RE1.sam
data/lane1/sams/935replicate.sam
data/lane1/sams/ucin007.sam
data/lane2/sams/ucin035.sam
data/lane1/sams/ucin059.sam
data/lane1/sams/ucin063RE.sam
data/lane1/sams/ucin094.sam
data/lane1/sams/ucin098.sam
data/lane1/sams/ucin103.sam
data/lane1/sams/ucin108.sam
data/lane1/sams/ucin122re.sam
data/lane2/sams/ucin125.sam
data/lane1/sams/ucin157conc.sam
data/lane2/sams/ucin244.sam
data/lane2/sams/ucin252z.sam
data/lane2/sams/ucin263.sam
data/lane1/sams/ucin317z.sam
data/lane1/sams/ucin385.sam
data/lane1/sams/ucin386.sam
data/lane1/sams/ucin427RE.sam
data/lane2/sams/ucin430z.sam
data/lane1/sams/ucin432z.sam
