Building DAG of jobs...
Your conda installation is not configured to use strict channel priorities. This is however crucial for having robust and correct environments (for details, see https://conda-forge.org/docs/user/tipsandtricks.html). Please consider to configure strict priorities by executing 'conda config --set channel_priority strict'.
Creating conda environment envs/call_variants.yml...
Downloading and installing remote packages.
Environment for /home/LC/kollad01/gray_fox_east_structure/rules/../envs/call_variants.yml created (location: .snakemake/conda/e102a4b4cb79f0e0b25f80ef9f045e70_)
Creating conda environment envs/preprocessing.yml...
Downloading and installing remote packages.
CreateCondaEnvironmentException:
Could not create conda environment from /home/LC/kollad01/gray_fox_east_structure/rules/../envs/preprocessing.yml:
Command:
conda env create --quiet --file "/home/LC/kollad01/gray_fox_east_structure/.snakemake/conda/3e386af646b80f0949415db201626af3_.yaml" --prefix "/home/LC/kollad01/gray_fox_east_structure/.snakemake/conda/3e386af646b80f0949415db201626af3_"
Output:
Collecting package metadata (repodata.json): ...working... done
Solving environment: ...working... 
Building graph of deps:   0%|                                                                          | 0/6 [00:00<?, ?it/s]
Examining @/linux-64::__archspec==1=x86_64:   0%|                                                      | 0/6 [00:00<?, ?it/s]
Examining bowtie2==2.5.4:  17%|██████████▎                                                   | 1/6 [00:00<00:00, 2721.81it/s]
Examining @/linux-64::__glibc==2.35=0:  33%|█████████████████                                  | 2/6 [00:00<00:00, 45.04it/s]
Examining @/linux-64::__unix==0=0:  50%|███████████████████████████▌                           | 3/6 [00:00<00:00, 67.30it/s]
Examining samtools==1.20-0:  67%|█████████████████████████████████████████▎                    | 4/6 [00:00<00:00, 89.46it/s]
Examining @/linux-64::__linux==5.15.0=0:  83%|████████████████████████████████████████        | 5/6 [00:00<00:00, 110.72it/s]
                                                                                                                             

Determining conflicts:   0%|                                                                           | 0/6 [00:00<?, ?it/s]
Examining conflict for bowtie2 samtools:   0%|                                                         | 0/6 [00:00<?, ?it/s]
                                                                                                                             
Found conflicts! Looking for incompatible packages.
This can take several minutes.  Press CTRL-C to abort.
failed
Solving environment: ...working... 
Building graph of deps:   0%|                                                                          | 0/6 [00:00<?, ?it/s]
Examining @/linux-64::__archspec==1=x86_64:   0%|                                                      | 0/6 [00:00<?, ?it/s]
Examining bowtie2==2.5.4:  17%|██████████▎                                                   | 1/6 [00:00<00:00, 5825.42it/s]
Examining @/linux-64::__glibc==2.35=0:  33%|█████████████████                                  | 2/6 [00:00<00:00, 44.45it/s]
Examining @/linux-64::__unix==0=0:  50%|███████████████████████████▌                           | 3/6 [00:00<00:00, 66.39it/s]
Examining samtools==1.20-0:  67%|█████████████████████████████████████████▎                    | 4/6 [00:00<00:00, 88.24it/s]
Examining @/linux-64::__linux==5.15.0=0:  83%|████████████████████████████████████████        | 5/6 [00:00<00:00, 109.21it/s]
                                                                                                                             

Determining conflicts:   0%|                                                                           | 0/6 [00:00<?, ?it/s]
Examining conflict for bowtie2 samtools:   0%|                                                         | 0/6 [00:00<?, ?it/s]
                                                                                                                             
Found conflicts! Looking for incompatible packages.
This can take several minutes.  Press CTRL-C to abort.
failed

UnsatisfiableError: The following specifications were found to be incompatible with each other:

Output in format: Requested package -> Available versions

Package libgcc-ng conflicts for:
bowtie2==2.5.4 -> libgcc-ng[version='>=12']
bowtie2==2.5.4 -> perl -> libgcc-ng[version='>=11.2.0|>=7.2.0|>=7.5.0|>=7.3.0']

Package openssl conflicts for:
samtools==1.20-0 -> htslib[version='>=1.20,<1.21.0a0'] -> openssl[version='>=3.2.1,<4.0a0|>=3.3.0,<4.0a0']
bowtie2==2.5.4 -> python -> openssl[version='1.0.*|>=1.0.2m,<1.0.3a|>=1.0.2n,<1.0.3a|>=1.0.2o,<1.0.3a|>=1.0.2p,<1.0.3a|>=1.1.1a,<1.1.2a|>=1.1.1b,<1.1.2a|>=1.1.1c,<1.1.2a|>=1.1.1d,<1.1.2a|>=1.1.1e,<1.1.2a|>=1.1.1g,<1.1.2a|>=1.1.1h,<1.1.2a|>=1.1.1i,<1.1.2a|>=1.1.1j,<1.1.2a|>=1.1.1k,<1.1.2a|>=1.1.1l,<1.1.2a|>=1.1.1m,<1.1.2a|>=1.1.1n,<1.1.2a|>=1.1.1q,<1.1.2a|>=1.1.1s,<1.1.2a|>=1.1.1t,<1.1.2a|>=1.1.1u,<1.1.2a|>=1.1.1v,<1.1.2a|>=3.0.10,<4.0a0|>=3.0.11,<4.0a0|>=3.0.12,<4.0a0|>=3.0.13,<4.0a0|>=3.0.9,<4.0a0|>=3.0.8,<4.0a0|>=1.1.1o,<1.1.2a|>=1.0.2l,<1.0.3a']


