Building DAG of jobs...
Your conda installation is not configured to use strict channel priorities. This is however crucial for having robust and correct environments (for details, see https://conda-forge.org/docs/user/tipsandtricks.html). Please consider to configure strict priorities by executing 'conda config --set channel_priority strict'.
Creating conda environment envs/preprocessing.yml...
Downloading and installing remote packages.
Environment for /home/LC/kollad01/gray_fox_east_structure/rules/../envs/preprocessing.yml created (location: .snakemake/conda/5a9f9d52ae538974714638ca500ef74e_)
Using shell: /bin/bash
Provided cores: 35
Rules claiming more threads will be scaled down.
Job stats:
job                      count
---------------------  -------
align_reads_to_ref         912
all                          1
build_bam_index_files      456
call_genotypes               1
convert_sams_to_bams       456
make_list_of_bams            1
merge_sams                 456
total                     2283

Select jobs to execute...

[Fri Jun  7 15:54:11 2024]
rule align_reads_to_ref:
    input: data/ref_genome/UCinero_ref.1.bt2, data/ref_genome/UCinero_ref.2.bt2, data/ref_genome/UCinero_ref.3.bt2, data/ref_genome/UCinero_ref.4.bt2, data/ref_genome/UCinero_ref.rev.1.bt2, data/ref_genome/UCinero_ref.rev.2.bt2, data/lane2/deduped/ucin009z.dedup
    output: data/lane2/sams/ucin009z.sam
    jobid: 786
    reason: Missing output files: data/lane2/sams/ucin009z.sam; Software environment definition has changed since last execution
    wildcards: lane=2, sample=ucin009z
    resources: tmpdir=/tmp


Activating conda environment: .snakemake/conda/5a9f9d52ae538974714638ca500ef74e_
[Fri Jun  7 15:54:11 2024]
rule align_reads_to_ref:
    input: data/ref_genome/UCinero_ref.1.bt2, data/ref_genome/UCinero_ref.2.bt2, data/ref_genome/UCinero_ref.3.bt2, data/ref_genome/UCinero_ref.4.bt2, data/ref_genome/UCinero_ref.rev.1.bt2, data/ref_genome/UCinero_ref.rev.2.bt2, data/lane2/deduped/ucin251.dedup
    output: data/lane2/sams/ucin251.sam
    jobid: 1736
    reason: Missing output files: data/lane2/sams/ucin251.sam; Software environment definition has changed since last execution
    wildcards: lane=2, sample=ucin251
    resources: tmpdir=/tmp


Activating conda environment: .snakemake/conda/5a9f9d52ae538974714638ca500ef74e_
[Fri Jun  7 15:54:11 2024]
rule align_reads_to_ref:
    input: data/ref_genome/UCinero_ref.1.bt2, data/ref_genome/UCinero_ref.2.bt2, data/ref_genome/UCinero_ref.3.bt2, data/ref_genome/UCinero_ref.4.bt2, data/ref_genome/UCinero_ref.rev.1.bt2, data/ref_genome/UCinero_ref.rev.2.bt2, data/lane2/deduped/ucin234.dedup
    output: data/lane2/sams/ucin234.sam
    jobid: 1661
    reason: Missing output files: data/lane2/sams/ucin234.sam; Software environment definition has changed since last execution
    wildcards: lane=2, sample=ucin234
    resources: tmpdir=/tmp


Activating conda environment: .snakemake/conda/5a9f9d52ae538974714638ca500ef74e_
[Fri Jun  7 15:54:11 2024]
rule align_reads_to_ref:
    input: data/ref_genome/UCinero_ref.1.bt2, data/ref_genome/UCinero_ref.2.bt2, data/ref_genome/UCinero_ref.3.bt2, data/ref_genome/UCinero_ref.4.bt2, data/ref_genome/UCinero_ref.rev.1.bt2, data/ref_genome/UCinero_ref.rev.2.bt2, data/lane1/deduped/818RE.dedup
    output: data/lane1/sams/818RE.sam
    jobid: 620
    reason: Missing output files: data/lane1/sams/818RE.sam; Software environment definition has changed since last execution
    wildcards: lane=1, sample=818RE
    resources: tmpdir=/tmp


Activating conda environment: .snakemake/conda/5a9f9d52ae538974714638ca500ef74e_
[Fri Jun  7 15:54:11 2024]
rule align_reads_to_ref:
    input: data/ref_genome/UCinero_ref.1.bt2, data/ref_genome/UCinero_ref.2.bt2, data/ref_genome/UCinero_ref.3.bt2, data/ref_genome/UCinero_ref.4.bt2, data/ref_genome/UCinero_ref.rev.1.bt2, data/ref_genome/UCinero_ref.rev.2.bt2, data/lane1/deduped/ucin074.dedup
    output: data/lane1/sams/ucin074.sam
    jobid: 1045
    reason: Missing output files: data/lane1/sams/ucin074.sam; Software environment definition has changed since last execution
    wildcards: lane=1, sample=ucin074
    resources: tmpdir=/tmp

Activating conda environment: .snakemake/conda/5a9f9d52ae538974714638ca500ef74e_

[Fri Jun  7 15:54:11 2024]
rule align_reads_to_ref:
    input: data/ref_genome/UCinero_ref.1.bt2, data/ref_genome/UCinero_ref.2.bt2, data/ref_genome/UCinero_ref.3.bt2, data/ref_genome/UCinero_ref.4.bt2, data/ref_genome/UCinero_ref.rev.1.bt2, data/ref_genome/UCinero_ref.rev.2.bt2, data/lane1/deduped/ucin151.dedup
    output: data/lane1/sams/ucin151.sam
    jobid: 1395
    reason: Missing output files: data/lane1/sams/ucin151.sam; Software environment definition has changed since last execution
    wildcards: lane=1, sample=ucin151
    resources: tmpdir=/tmp

Activating conda environment: .snakemake/conda/5a9f9d52ae538974714638ca500ef74e_

[Fri Jun  7 15:54:11 2024]
rule align_reads_to_ref:
    input: data/ref_genome/UCinero_ref.1.bt2, data/ref_genome/UCinero_ref.2.bt2, data/ref_genome/UCinero_ref.3.bt2, data/ref_genome/UCinero_ref.4.bt2, data/ref_genome/UCinero_ref.rev.1.bt2, data/ref_genome/UCinero_ref.rev.2.bt2, data/lane1/deduped/109.dedup
    output: data/lane1/sams/109.sam
    jobid: 170
    reason: Missing output files: data/lane1/sams/109.sam; Software environment definition has changed since last execution
    wildcards: lane=1, sample=109
    resources: tmpdir=/tmp

Activating conda environment: .snakemake/conda/5a9f9d52ae538974714638ca500ef74e_

[Fri Jun  7 15:54:11 2024]
rule align_reads_to_ref:
    input: data/ref_genome/UCinero_ref.1.bt2, data/ref_genome/UCinero_ref.2.bt2, data/ref_genome/UCinero_ref.3.bt2, data/ref_genome/UCinero_ref.4.bt2, data/ref_genome/UCinero_ref.rev.1.bt2, data/ref_genome/UCinero_ref.rev.2.bt2, data/lane1/deduped/ucin238.dedup
    output: data/lane1/sams/ucin238.sam
    jobid: 1685
    reason: Missing output files: data/lane1/sams/ucin238.sam; Software environment definition has changed since last execution
    wildcards: lane=1, sample=ucin238
    resources: tmpdir=/tmp

Activating conda environment: .snakemake/conda/5a9f9d52ae538974714638ca500ef74e_

[Fri Jun  7 15:54:11 2024]
rule align_reads_to_ref:
    input: data/ref_genome/UCinero_ref.1.bt2, data/ref_genome/UCinero_ref.2.bt2, data/ref_genome/UCinero_ref.3.bt2, data/ref_genome/UCinero_ref.4.bt2, data/ref_genome/UCinero_ref.rev.1.bt2, data/ref_genome/UCinero_ref.rev.2.bt2, data/lane1/deduped/853.dedup
    output: data/lane1/sams/853.sam
    jobid: 360
    reason: Missing output files: data/lane1/sams/853.sam; Software environment definition has changed since last execution
    wildcards: lane=1, sample=853
    resources: tmpdir=/tmp

Activating conda environment: .snakemake/conda/5a9f9d52ae538974714638ca500ef74e_

[Fri Jun  7 15:54:11 2024]
rule align_reads_to_ref:
    input: data/ref_genome/UCinero_ref.1.bt2, data/ref_genome/UCinero_ref.2.bt2, data/ref_genome/UCinero_ref.3.bt2, data/ref_genome/UCinero_ref.4.bt2, data/ref_genome/UCinero_ref.rev.1.bt2, data/ref_genome/UCinero_ref.rev.2.bt2, data/lane1/deduped/ucin312.dedup
    output: data/lane1/sams/ucin312.sam
    jobid: 1935
    reason: Missing output files: data/lane1/sams/ucin312.sam; Software environment definition has changed since last execution
    wildcards: lane=1, sample=ucin312
    resources: tmpdir=/tmp

Activating conda environment: .snakemake/conda/5a9f9d52ae538974714638ca500ef74e_

[Fri Jun  7 15:54:11 2024]
rule align_reads_to_ref:
    input: data/ref_genome/UCinero_ref.1.bt2, data/ref_genome/UCinero_ref.2.bt2, data/ref_genome/UCinero_ref.3.bt2, data/ref_genome/UCinero_ref.4.bt2, data/ref_genome/UCinero_ref.rev.1.bt2, data/ref_genome/UCinero_ref.rev.2.bt2, data/lane1/deduped/ucin347conc.dedup
    output: data/lane1/sams/ucin347conc.sam
    jobid: 2110
    reason: Missing output files: data/lane1/sams/ucin347conc.sam; Software environment definition has changed since last execution
    wildcards: lane=1, sample=ucin347conc
    resources: tmpdir=/tmp

Activating conda environment: .snakemake/conda/5a9f9d52ae538974714638ca500ef74e_

[Fri Jun  7 15:54:11 2024]
rule align_reads_to_ref:
    input: data/ref_genome/UCinero_ref.1.bt2, data/ref_genome/UCinero_ref.2.bt2, data/ref_genome/UCinero_ref.3.bt2, data/ref_genome/UCinero_ref.4.bt2, data/ref_genome/UCinero_ref.rev.1.bt2, data/ref_genome/UCinero_ref.rev.2.bt2, data/lane1/deduped/858.dedup
    output: data/lane1/sams/858.sam
    jobid: 385
    reason: Missing output files: data/lane1/sams/858.sam; Software environment definition has changed since last execution
    wildcards: lane=1, sample=858
    resources: tmpdir=/tmp

Activating conda environment: .snakemake/conda/5a9f9d52ae538974714638ca500ef74e_

[Fri Jun  7 15:54:11 2024]
rule align_reads_to_ref:
    input: data/ref_genome/UCinero_ref.1.bt2, data/ref_genome/UCinero_ref.2.bt2, data/ref_genome/UCinero_ref.3.bt2, data/ref_genome/UCinero_ref.4.bt2, data/ref_genome/UCinero_ref.rev.1.bt2, data/ref_genome/UCinero_ref.rev.2.bt2, data/lane1/deduped/ucin139.dedup
    output: data/lane1/sams/ucin139.sam
    jobid: 1335
    reason: Missing output files: data/lane1/sams/ucin139.sam; Software environment definition has changed since last execution
    wildcards: lane=1, sample=ucin139
    resources: tmpdir=/tmp

Activating conda environment: .snakemake/conda/5a9f9d52ae538974714638ca500ef74e_

[Fri Jun  7 15:54:11 2024]
rule align_reads_to_ref:
    input: data/ref_genome/UCinero_ref.1.bt2, data/ref_genome/UCinero_ref.2.bt2, data/ref_genome/UCinero_ref.3.bt2, data/ref_genome/UCinero_ref.4.bt2, data/ref_genome/UCinero_ref.rev.1.bt2, data/ref_genome/UCinero_ref.rev.2.bt2, data/lane1/deduped/ucin224.dedup
    output: data/lane1/sams/ucin224.sam
    jobid: 1610
    reason: Missing output files: data/lane1/sams/ucin224.sam; Software environment definition has changed since last execution
    wildcards: lane=1, sample=ucin224
    resources: tmpdir=/tmp

Activating conda environment: .snakemake/conda/5a9f9d52ae538974714638ca500ef74e_

[Fri Jun  7 15:54:11 2024]
rule align_reads_to_ref:
    input: data/ref_genome/UCinero_ref.1.bt2, data/ref_genome/UCinero_ref.2.bt2, data/ref_genome/UCinero_ref.3.bt2, data/ref_genome/UCinero_ref.4.bt2, data/ref_genome/UCinero_ref.rev.1.bt2, data/ref_genome/UCinero_ref.rev.2.bt2, data/lane1/deduped/ucin427RE.dedup
    output: data/lane1/sams/ucin427RE.sam
    jobid: 2385
    reason: Missing output files: data/lane1/sams/ucin427RE.sam; Software environment definition has changed since last execution
    wildcards: lane=1, sample=ucin427RE
    resources: tmpdir=/tmp

Activating conda environment: .snakemake/conda/5a9f9d52ae538974714638ca500ef74e_

[Fri Jun  7 15:54:11 2024]
rule align_reads_to_ref:
    input: data/ref_genome/UCinero_ref.1.bt2, data/ref_genome/UCinero_ref.2.bt2, data/ref_genome/UCinero_ref.3.bt2, data/ref_genome/UCinero_ref.4.bt2, data/ref_genome/UCinero_ref.rev.1.bt2, data/ref_genome/UCinero_ref.rev.2.bt2, data/lane1/deduped/ucin214z.dedup
    output: data/lane1/sams/ucin214z.sam
    jobid: 1560
    reason: Missing output files: data/lane1/sams/ucin214z.sam; Software environment definition has changed since last execution
    wildcards: lane=1, sample=ucin214z
    resources: tmpdir=/tmp

Activating conda environment: .snakemake/conda/5a9f9d52ae538974714638ca500ef74e_

[Fri Jun  7 15:54:11 2024]
rule align_reads_to_ref:
    input: data/ref_genome/UCinero_ref.1.bt2, data/ref_genome/UCinero_ref.2.bt2, data/ref_genome/UCinero_ref.3.bt2, data/ref_genome/UCinero_ref.4.bt2, data/ref_genome/UCinero_ref.rev.1.bt2, data/ref_genome/UCinero_ref.rev.2.bt2, data/lane1/deduped/ucin108.dedup
    output: data/lane1/sams/ucin108.sam
    jobid: 1185
    reason: Missing output files: data/lane1/sams/ucin108.sam; Software environment definition has changed since last execution
    wildcards: lane=1, sample=ucin108
    resources: tmpdir=/tmp

Activating conda environment: .snakemake/conda/5a9f9d52ae538974714638ca500ef74e_

[Fri Jun  7 15:54:11 2024]
rule align_reads_to_ref:
    input: data/ref_genome/UCinero_ref.1.bt2, data/ref_genome/UCinero_ref.2.bt2, data/ref_genome/UCinero_ref.3.bt2, data/ref_genome/UCinero_ref.4.bt2, data/ref_genome/UCinero_ref.rev.1.bt2, data/ref_genome/UCinero_ref.rev.2.bt2, data/lane1/deduped/934.dedup
    output: data/lane1/sams/934.sam
    jobid: 410
    reason: Missing output files: data/lane1/sams/934.sam; Software environment definition has changed since last execution
    wildcards: lane=1, sample=934
    resources: tmpdir=/tmp

Activating conda environment: .snakemake/conda/5a9f9d52ae538974714638ca500ef74e_

[Fri Jun  7 15:54:11 2024]
rule align_reads_to_ref:
    input: data/ref_genome/UCinero_ref.1.bt2, data/ref_genome/UCinero_ref.2.bt2, data/ref_genome/UCinero_ref.3.bt2, data/ref_genome/UCinero_ref.4.bt2, data/ref_genome/UCinero_ref.rev.1.bt2, data/ref_genome/UCinero_ref.rev.2.bt2, data/lane1/deduped/143LC.dedup
    output: data/lane1/sams/143LC.sam
    jobid: 535
    reason: Missing output files: data/lane1/sams/143LC.sam; Software environment definition has changed since last execution
    wildcards: lane=1, sample=143LC
    resources: tmpdir=/tmp

Activating conda environment: .snakemake/conda/5a9f9d52ae538974714638ca500ef74e_

[Fri Jun  7 15:54:11 2024]
rule align_reads_to_ref:
    input: data/ref_genome/UCinero_ref.1.bt2, data/ref_genome/UCinero_ref.2.bt2, data/ref_genome/UCinero_ref.3.bt2, data/ref_genome/UCinero_ref.4.bt2, data/ref_genome/UCinero_ref.rev.1.bt2, data/ref_genome/UCinero_ref.rev.2.bt2, data/lane1/deduped/ucin098.dedup
    output: data/lane1/sams/ucin098.sam
    jobid: 1135
    reason: Missing output files: data/lane1/sams/ucin098.sam; Software environment definition has changed since last execution
    wildcards: lane=1, sample=ucin098
    resources: tmpdir=/tmp

Activating conda environment: .snakemake/conda/5a9f9d52ae538974714638ca500ef74e_

[Fri Jun  7 15:54:11 2024]
rule align_reads_to_ref:
    input: data/ref_genome/UCinero_ref.1.bt2, data/ref_genome/UCinero_ref.2.bt2, data/ref_genome/UCinero_ref.3.bt2, data/ref_genome/UCinero_ref.4.bt2, data/ref_genome/UCinero_ref.rev.1.bt2, data/ref_genome/UCinero_ref.rev.2.bt2, data/lane2/deduped/826RE.dedup
    output: data/lane2/sams/826RE.sam
    jobid: 641
    reason: Missing output files: data/lane2/sams/826RE.sam; Software environment definition has changed since last execution
    wildcards: lane=2, sample=826RE
    resources: tmpdir=/tmp

Activating conda environment: .snakemake/conda/5a9f9d52ae538974714638ca500ef74e_

[Fri Jun  7 15:54:11 2024]
rule align_reads_to_ref:
    input: data/ref_genome/UCinero_ref.1.bt2, data/ref_genome/UCinero_ref.2.bt2, data/ref_genome/UCinero_ref.3.bt2, data/ref_genome/UCinero_ref.4.bt2, data/ref_genome/UCinero_ref.rev.1.bt2, data/ref_genome/UCinero_ref.rev.2.bt2, data/lane2/deduped/ucin423z.dedup
    output: data/lane2/sams/ucin423z.sam
    jobid: 2366
    reason: Missing output files: data/lane2/sams/ucin423z.sam; Software environment definition has changed since last execution
    wildcards: lane=2, sample=ucin423z
    resources: tmpdir=/tmp

Activating conda environment: .snakemake/conda/5a9f9d52ae538974714638ca500ef74e_

[Fri Jun  7 15:54:11 2024]
rule align_reads_to_ref:
    input: data/ref_genome/UCinero_ref.1.bt2, data/ref_genome/UCinero_ref.2.bt2, data/ref_genome/UCinero_ref.3.bt2, data/ref_genome/UCinero_ref.4.bt2, data/ref_genome/UCinero_ref.rev.1.bt2, data/ref_genome/UCinero_ref.rev.2.bt2, data/lane2/deduped/ucin055.dedup
    output: data/lane2/sams/ucin055.sam
    jobid: 991
    reason: Missing output files: data/lane2/sams/ucin055.sam; Software environment definition has changed since last execution
    wildcards: lane=2, sample=ucin055
    resources: tmpdir=/tmp

Activating conda environment: .snakemake/conda/5a9f9d52ae538974714638ca500ef74e_

[Fri Jun  7 15:54:11 2024]
rule align_reads_to_ref:
    input: data/ref_genome/UCinero_ref.1.bt2, data/ref_genome/UCinero_ref.2.bt2, data/ref_genome/UCinero_ref.3.bt2, data/ref_genome/UCinero_ref.4.bt2, data/ref_genome/UCinero_ref.rev.1.bt2, data/ref_genome/UCinero_ref.rev.2.bt2, data/lane2/deduped/ucin259.dedup
    output: data/lane2/sams/ucin259.sam
    jobid: 1766
    reason: Missing output files: data/lane2/sams/ucin259.sam; Software environment definition has changed since last execution
    wildcards: lane=2, sample=ucin259
    resources: tmpdir=/tmp

Activating conda environment: .snakemake/conda/5a9f9d52ae538974714638ca500ef74e_

[Fri Jun  7 15:54:12 2024]
rule align_reads_to_ref:
    input: data/ref_genome/UCinero_ref.1.bt2, data/ref_genome/UCinero_ref.2.bt2, data/ref_genome/UCinero_ref.3.bt2, data/ref_genome/UCinero_ref.4.bt2, data/ref_genome/UCinero_ref.rev.1.bt2, data/ref_genome/UCinero_ref.rev.2.bt2, data/lane1/deduped/ucin041.dedup
    output: data/lane1/sams/ucin041.sam
    jobid: 925
    reason: Missing output files: data/lane1/sams/ucin041.sam; Software environment definition has changed since last execution
    wildcards: lane=1, sample=ucin041
    resources: tmpdir=/tmp

Activating conda environment: .snakemake/conda/5a9f9d52ae538974714638ca500ef74e_

[Fri Jun  7 15:54:12 2024]
rule align_reads_to_ref:
    input: data/ref_genome/UCinero_ref.1.bt2, data/ref_genome/UCinero_ref.2.bt2, data/ref_genome/UCinero_ref.3.bt2, data/ref_genome/UCinero_ref.4.bt2, data/ref_genome/UCinero_ref.rev.1.bt2, data/ref_genome/UCinero_ref.rev.2.bt2, data/lane1/deduped/ucin002.dedup
    output: data/lane1/sams/ucin002.sam
    jobid: 750
    reason: Missing output files: data/lane1/sams/ucin002.sam; Software environment definition has changed since last execution
    wildcards: lane=1, sample=ucin002
    resources: tmpdir=/tmp

Activating conda environment: .snakemake/conda/5a9f9d52ae538974714638ca500ef74e_

[Fri Jun  7 15:54:12 2024]
rule align_reads_to_ref:
    input: data/ref_genome/UCinero_ref.1.bt2, data/ref_genome/UCinero_ref.2.bt2, data/ref_genome/UCinero_ref.3.bt2, data/ref_genome/UCinero_ref.4.bt2, data/ref_genome/UCinero_ref.rev.1.bt2, data/ref_genome/UCinero_ref.rev.2.bt2, data/lane1/deduped/ucin152.dedup
    output: data/lane1/sams/ucin152.sam
    jobid: 1400
    reason: Missing output files: data/lane1/sams/ucin152.sam; Software environment definition has changed since last execution
    wildcards: lane=1, sample=ucin152
    resources: tmpdir=/tmp

Activating conda environment: .snakemake/conda/5a9f9d52ae538974714638ca500ef74e_

[Fri Jun  7 15:54:12 2024]
rule align_reads_to_ref:
    input: data/ref_genome/UCinero_ref.1.bt2, data/ref_genome/UCinero_ref.2.bt2, data/ref_genome/UCinero_ref.3.bt2, data/ref_genome/UCinero_ref.4.bt2, data/ref_genome/UCinero_ref.rev.1.bt2, data/ref_genome/UCinero_ref.rev.2.bt2, data/lane2/deduped/ucin021.dedup
    output: data/lane2/sams/ucin021.sam
    jobid: 831
    reason: Missing output files: data/lane2/sams/ucin021.sam; Software environment definition has changed since last execution
    wildcards: lane=2, sample=ucin021
    resources: tmpdir=/tmp

Activating conda environment: .snakemake/conda/5a9f9d52ae538974714638ca500ef74e_

[Fri Jun  7 15:54:12 2024]
rule align_reads_to_ref:
    input: data/ref_genome/UCinero_ref.1.bt2, data/ref_genome/UCinero_ref.2.bt2, data/ref_genome/UCinero_ref.3.bt2, data/ref_genome/UCinero_ref.4.bt2, data/ref_genome/UCinero_ref.rev.1.bt2, data/ref_genome/UCinero_ref.rev.2.bt2, data/lane1/deduped/ucin230.dedup
    output: data/lane1/sams/ucin230.sam
    jobid: 1640
    reason: Missing output files: data/lane1/sams/ucin230.sam; Software environment definition has changed since last execution
    wildcards: lane=1, sample=ucin230
    resources: tmpdir=/tmp

Activating conda environment: .snakemake/conda/5a9f9d52ae538974714638ca500ef74e_

[Fri Jun  7 15:54:12 2024]
rule align_reads_to_ref:
    input: data/ref_genome/UCinero_ref.1.bt2, data/ref_genome/UCinero_ref.2.bt2, data/ref_genome/UCinero_ref.3.bt2, data/ref_genome/UCinero_ref.4.bt2, data/ref_genome/UCinero_ref.rev.1.bt2, data/ref_genome/UCinero_ref.rev.2.bt2, data/lane1/deduped/ucin068B.dedup
    output: data/lane1/sams/ucin068B.sam
    jobid: 1040
    reason: Missing output files: data/lane1/sams/ucin068B.sam; Software environment definition has changed since last execution
    wildcards: lane=1, sample=ucin068B
    resources: tmpdir=/tmp

Activating conda environment: .snakemake/conda/5a9f9d52ae538974714638ca500ef74e_

[Fri Jun  7 15:54:12 2024]
rule align_reads_to_ref:
    input: data/ref_genome/UCinero_ref.1.bt2, data/ref_genome/UCinero_ref.2.bt2, data/ref_genome/UCinero_ref.3.bt2, data/ref_genome/UCinero_ref.4.bt2, data/ref_genome/UCinero_ref.rev.1.bt2, data/ref_genome/UCinero_ref.rev.2.bt2, data/lane1/deduped/ucin381.dedup
    output: data/lane1/sams/ucin381.sam
    jobid: 2215
    reason: Missing output files: data/lane1/sams/ucin381.sam; Software environment definition has changed since last execution
    wildcards: lane=1, sample=ucin381
    resources: tmpdir=/tmp

Activating conda environment: .snakemake/conda/5a9f9d52ae538974714638ca500ef74e_

[Fri Jun  7 15:54:12 2024]
rule align_reads_to_ref:
    input: data/ref_genome/UCinero_ref.1.bt2, data/ref_genome/UCinero_ref.2.bt2, data/ref_genome/UCinero_ref.3.bt2, data/ref_genome/UCinero_ref.4.bt2, data/ref_genome/UCinero_ref.rev.1.bt2, data/ref_genome/UCinero_ref.rev.2.bt2, data/lane2/deduped/ucin324z.dedup
    output: data/lane2/sams/ucin324z.sam
    jobid: 1996
    reason: Missing output files: data/lane2/sams/ucin324z.sam; Software environment definition has changed since last execution
    wildcards: lane=2, sample=ucin324z
    resources: tmpdir=/tmp

Activating conda environment: .snakemake/conda/5a9f9d52ae538974714638ca500ef74e_

[Fri Jun  7 15:54:12 2024]
rule align_reads_to_ref:
    input: data/ref_genome/UCinero_ref.1.bt2, data/ref_genome/UCinero_ref.2.bt2, data/ref_genome/UCinero_ref.3.bt2, data/ref_genome/UCinero_ref.4.bt2, data/ref_genome/UCinero_ref.rev.1.bt2, data/ref_genome/UCinero_ref.rev.2.bt2, data/lane1/deduped/ucin144.dedup
    output: data/lane1/sams/ucin144.sam
    jobid: 1360
    reason: Missing output files: data/lane1/sams/ucin144.sam; Software environment definition has changed since last execution
    wildcards: lane=1, sample=ucin144
    resources: tmpdir=/tmp

Activating conda environment: .snakemake/conda/5a9f9d52ae538974714638ca500ef74e_

[Fri Jun  7 15:54:12 2024]
rule align_reads_to_ref:
    input: data/ref_genome/UCinero_ref.1.bt2, data/ref_genome/UCinero_ref.2.bt2, data/ref_genome/UCinero_ref.3.bt2, data/ref_genome/UCinero_ref.4.bt2, data/ref_genome/UCinero_ref.rev.1.bt2, data/ref_genome/UCinero_ref.rev.2.bt2, data/lane1/deduped/ucin436.dedup
    output: data/lane1/sams/ucin436.sam
    jobid: 2430
    reason: Missing output files: data/lane1/sams/ucin436.sam; Software environment definition has changed since last execution
    wildcards: lane=1, sample=ucin436
    resources: tmpdir=/tmp

Activating conda environment: .snakemake/conda/5a9f9d52ae538974714638ca500ef74e_

[Fri Jun  7 15:54:12 2024]
rule align_reads_to_ref:
    input: data/ref_genome/UCinero_ref.1.bt2, data/ref_genome/UCinero_ref.2.bt2, data/ref_genome/UCinero_ref.3.bt2, data/ref_genome/UCinero_ref.4.bt2, data/ref_genome/UCinero_ref.rev.1.bt2, data/ref_genome/UCinero_ref.rev.2.bt2, data/lane1/deduped/801RE.dedup
    output: data/lane1/sams/801RE.sam
    jobid: 580
    reason: Missing output files: data/lane1/sams/801RE.sam; Software environment definition has changed since last execution
    wildcards: lane=1, sample=801RE
    resources: tmpdir=/tmp

Activating conda environment: .snakemake/conda/5a9f9d52ae538974714638ca500ef74e_
[Fri Jun  7 15:54:12 2024]
Error in rule align_reads_to_ref:
    jobid: 1661
    input: data/ref_genome/UCinero_ref.1.bt2, data/ref_genome/UCinero_ref.2.bt2, data/ref_genome/UCinero_ref.3.bt2, data/ref_genome/UCinero_ref.4.bt2, data/ref_genome/UCinero_ref.rev.1.bt2, data/ref_genome/UCinero_ref.rev.2.bt2, data/lane2/deduped/ucin234.dedup
    output: data/lane2/sams/ucin234.sam
    conda-env: /home/LC/kollad01/gray_fox_east_structure/.snakemake/conda/5a9f9d52ae538974714638ca500ef74e_
    shell:
        
        bowtie2 --no-unal --score-min L,16,1 --local -L 16 -x data/ref_genome/UCinero_ref -U data/lane2/deduped/ucin234.dedup -S data/lane2/sams/ucin234.sam
        
        (one of the commands exited with non-zero exit code; note that snakemake uses bash strict mode!)

[Fri Jun  7 15:54:12 2024]
Error in rule align_reads_to_ref:
    jobid: 786
    input: data/ref_genome/UCinero_ref.1.bt2, data/ref_genome/UCinero_ref.2.bt2, data/ref_genome/UCinero_ref.3.bt2, data/ref_genome/UCinero_ref.4.bt2, data/ref_genome/UCinero_ref.rev.1.bt2, data/ref_genome/UCinero_ref.rev.2.bt2, data/lane2/deduped/ucin009z.dedup
    output: data/lane2/sams/ucin009z.sam
    conda-env: /home/LC/kollad01/gray_fox_east_structure/.snakemake/conda/5a9f9d52ae538974714638ca500ef74e_
    shell:
        
        bowtie2 --no-unal --score-min L,16,1 --local -L 16 -x data/ref_genome/UCinero_ref -U data/lane2/deduped/ucin009z.dedup -S data/lane2/sams/ucin009z.sam
        
        (one of the commands exited with non-zero exit code; note that snakemake uses bash strict mode!)

[Fri Jun  7 15:54:12 2024]
Error in rule align_reads_to_ref:
    jobid: 410
    input: data/ref_genome/UCinero_ref.1.bt2, data/ref_genome/UCinero_ref.2.bt2, data/ref_genome/UCinero_ref.3.bt2, data/ref_genome/UCinero_ref.4.bt2, data/ref_genome/UCinero_ref.rev.1.bt2, data/ref_genome/UCinero_ref.rev.2.bt2, data/lane1/deduped/934.dedup
    output: data/lane1/sams/934.sam
    conda-env: /home/LC/kollad01/gray_fox_east_structure/.snakemake/conda/5a9f9d52ae538974714638ca500ef74e_
    shell:
        
        bowtie2 --no-unal --score-min L,16,1 --local -L 16 -x data/ref_genome/UCinero_ref -U data/lane1/deduped/934.dedup -S data/lane1/sams/934.sam
        
        (one of the commands exited with non-zero exit code; note that snakemake uses bash strict mode!)

[Fri Jun  7 15:54:12 2024]
Error in rule align_reads_to_ref:
    jobid: 1736
    input: data/ref_genome/UCinero_ref.1.bt2, data/ref_genome/UCinero_ref.2.bt2, data/ref_genome/UCinero_ref.3.bt2, data/ref_genome/UCinero_ref.4.bt2, data/ref_genome/UCinero_ref.rev.1.bt2, data/ref_genome/UCinero_ref.rev.2.bt2, data/lane2/deduped/ucin251.dedup
    output: data/lane2/sams/ucin251.sam
    conda-env: /home/LC/kollad01/gray_fox_east_structure/.snakemake/conda/5a9f9d52ae538974714638ca500ef74e_
    shell:
        
        bowtie2 --no-unal --score-min L,16,1 --local -L 16 -x data/ref_genome/UCinero_ref -U data/lane2/deduped/ucin251.dedup -S data/lane2/sams/ucin251.sam
        
        (one of the commands exited with non-zero exit code; note that snakemake uses bash strict mode!)

[Fri Jun  7 15:54:12 2024]
Error in rule align_reads_to_ref:
    jobid: 991
    input: data/ref_genome/UCinero_ref.1.bt2, data/ref_genome/UCinero_ref.2.bt2, data/ref_genome/UCinero_ref.3.bt2, data/ref_genome/UCinero_ref.4.bt2, data/ref_genome/UCinero_ref.rev.1.bt2, data/ref_genome/UCinero_ref.rev.2.bt2, data/lane2/deduped/ucin055.dedup
    output: data/lane2/sams/ucin055.sam
    conda-env: /home/LC/kollad01/gray_fox_east_structure/.snakemake/conda/5a9f9d52ae538974714638ca500ef74e_
    shell:
        
        bowtie2 --no-unal --score-min L,16,1 --local -L 16 -x data/ref_genome/UCinero_ref -U data/lane2/deduped/ucin055.dedup -S data/lane2/sams/ucin055.sam
        
        (one of the commands exited with non-zero exit code; note that snakemake uses bash strict mode!)

[Fri Jun  7 15:54:12 2024]
Error in rule align_reads_to_ref:
    jobid: 1185
    input: data/ref_genome/UCinero_ref.1.bt2, data/ref_genome/UCinero_ref.2.bt2, data/ref_genome/UCinero_ref.3.bt2, data/ref_genome/UCinero_ref.4.bt2, data/ref_genome/UCinero_ref.rev.1.bt2, data/ref_genome/UCinero_ref.rev.2.bt2, data/lane1/deduped/ucin108.dedup
    output: data/lane1/sams/ucin108.sam
    conda-env: /home/LC/kollad01/gray_fox_east_structure/.snakemake/conda/5a9f9d52ae538974714638ca500ef74e_
    shell:
        
        bowtie2 --no-unal --score-min L,16,1 --local -L 16 -x data/ref_genome/UCinero_ref -U data/lane1/deduped/ucin108.dedup -S data/lane1/sams/ucin108.sam
        
        (one of the commands exited with non-zero exit code; note that snakemake uses bash strict mode!)

[Fri Jun  7 15:54:12 2024]
Error in rule align_reads_to_ref:
    jobid: 620
    input: data/ref_genome/UCinero_ref.1.bt2, data/ref_genome/UCinero_ref.2.bt2, data/ref_genome/UCinero_ref.3.bt2, data/ref_genome/UCinero_ref.4.bt2, data/ref_genome/UCinero_ref.rev.1.bt2, data/ref_genome/UCinero_ref.rev.2.bt2, data/lane1/deduped/818RE.dedup
    output: data/lane1/sams/818RE.sam
    conda-env: /home/LC/kollad01/gray_fox_east_structure/.snakemake/conda/5a9f9d52ae538974714638ca500ef74e_
    shell:
        
        bowtie2 --no-unal --score-min L,16,1 --local -L 16 -x data/ref_genome/UCinero_ref -U data/lane1/deduped/818RE.dedup -S data/lane1/sams/818RE.sam
        
        (one of the commands exited with non-zero exit code; note that snakemake uses bash strict mode!)

[Fri Jun  7 15:54:12 2024]
Error in rule align_reads_to_ref:
    jobid: 360
    input: data/ref_genome/UCinero_ref.1.bt2, data/ref_genome/UCinero_ref.2.bt2, data/ref_genome/UCinero_ref.3.bt2, data/ref_genome/UCinero_ref.4.bt2, data/ref_genome/UCinero_ref.rev.1.bt2, data/ref_genome/UCinero_ref.rev.2.bt2, data/lane1/deduped/853.dedup
    output: data/lane1/sams/853.sam
    conda-env: /home/LC/kollad01/gray_fox_east_structure/.snakemake/conda/5a9f9d52ae538974714638ca500ef74e_
    shell:
        
        bowtie2 --no-unal --score-min L,16,1 --local -L 16 -x data/ref_genome/UCinero_ref -U data/lane1/deduped/853.dedup -S data/lane1/sams/853.sam
        
        (one of the commands exited with non-zero exit code; note that snakemake uses bash strict mode!)

[Fri Jun  7 15:54:12 2024]
Error in rule align_reads_to_ref:
    jobid: 1610
    input: data/ref_genome/UCinero_ref.1.bt2, data/ref_genome/UCinero_ref.2.bt2, data/ref_genome/UCinero_ref.3.bt2, data/ref_genome/UCinero_ref.4.bt2, data/ref_genome/UCinero_ref.rev.1.bt2, data/ref_genome/UCinero_ref.rev.2.bt2, data/lane1/deduped/ucin224.dedup
    output: data/lane1/sams/ucin224.sam
    conda-env: /home/LC/kollad01/gray_fox_east_structure/.snakemake/conda/5a9f9d52ae538974714638ca500ef74e_
    shell:
        
        bowtie2 --no-unal --score-min L,16,1 --local -L 16 -x data/ref_genome/UCinero_ref -U data/lane1/deduped/ucin224.dedup -S data/lane1/sams/ucin224.sam
        
        (one of the commands exited with non-zero exit code; note that snakemake uses bash strict mode!)

[Fri Jun  7 15:54:12 2024]
Error in rule align_reads_to_ref:
    jobid: 535
    input: data/ref_genome/UCinero_ref.1.bt2, data/ref_genome/UCinero_ref.2.bt2, data/ref_genome/UCinero_ref.3.bt2, data/ref_genome/UCinero_ref.4.bt2, data/ref_genome/UCinero_ref.rev.1.bt2, data/ref_genome/UCinero_ref.rev.2.bt2, data/lane1/deduped/143LC.dedup
    output: data/lane1/sams/143LC.sam
    conda-env: /home/LC/kollad01/gray_fox_east_structure/.snakemake/conda/5a9f9d52ae538974714638ca500ef74e_
    shell:
        
        bowtie2 --no-unal --score-min L,16,1 --local -L 16 -x data/ref_genome/UCinero_ref -U data/lane1/deduped/143LC.dedup -S data/lane1/sams/143LC.sam
        
        (one of the commands exited with non-zero exit code; note that snakemake uses bash strict mode!)

[Fri Jun  7 15:54:12 2024]
Error in rule align_reads_to_ref:
    jobid: 2385
    input: data/ref_genome/UCinero_ref.1.bt2, data/ref_genome/UCinero_ref.2.bt2, data/ref_genome/UCinero_ref.3.bt2, data/ref_genome/UCinero_ref.4.bt2, data/ref_genome/UCinero_ref.rev.1.bt2, data/ref_genome/UCinero_ref.rev.2.bt2, data/lane1/deduped/ucin427RE.dedup
    output: data/lane1/sams/ucin427RE.sam
    conda-env: /home/LC/kollad01/gray_fox_east_structure/.snakemake/conda/5a9f9d52ae538974714638ca500ef74e_
    shell:
        
        bowtie2 --no-unal --score-min L,16,1 --local -L 16 -x data/ref_genome/UCinero_ref -U data/lane1/deduped/ucin427RE.dedup -S data/lane1/sams/ucin427RE.sam
        
        (one of the commands exited with non-zero exit code; note that snakemake uses bash strict mode!)

[Fri Jun  7 15:54:12 2024]
Error in rule align_reads_to_ref:
    jobid: 1395
    input: data/ref_genome/UCinero_ref.1.bt2, data/ref_genome/UCinero_ref.2.bt2, data/ref_genome/UCinero_ref.3.bt2, data/ref_genome/UCinero_ref.4.bt2, data/ref_genome/UCinero_ref.rev.1.bt2, data/ref_genome/UCinero_ref.rev.2.bt2, data/lane1/deduped/ucin151.dedup
    output: data/lane1/sams/ucin151.sam
    conda-env: /home/LC/kollad01/gray_fox_east_structure/.snakemake/conda/5a9f9d52ae538974714638ca500ef74e_
    shell:
        
        bowtie2 --no-unal --score-min L,16,1 --local -L 16 -x data/ref_genome/UCinero_ref -U data/lane1/deduped/ucin151.dedup -S data/lane1/sams/ucin151.sam
        
        (one of the commands exited with non-zero exit code; note that snakemake uses bash strict mode!)

[Fri Jun  7 15:54:12 2024]
Error in rule align_reads_to_ref:
    jobid: 1935
    input: data/ref_genome/UCinero_ref.1.bt2, data/ref_genome/UCinero_ref.2.bt2, data/ref_genome/UCinero_ref.3.bt2, data/ref_genome/UCinero_ref.4.bt2, data/ref_genome/UCinero_ref.rev.1.bt2, data/ref_genome/UCinero_ref.rev.2.bt2, data/lane1/deduped/ucin312.dedup
    output: data/lane1/sams/ucin312.sam
    conda-env: /home/LC/kollad01/gray_fox_east_structure/.snakemake/conda/5a9f9d52ae538974714638ca500ef74e_
    shell:
        
        bowtie2 --no-unal --score-min L,16,1 --local -L 16 -x data/ref_genome/UCinero_ref -U data/lane1/deduped/ucin312.dedup -S data/lane1/sams/ucin312.sam
        
        (one of the commands exited with non-zero exit code; note that snakemake uses bash strict mode!)

[Fri Jun  7 15:54:12 2024]
Error in rule align_reads_to_ref:
    jobid: 170
    input: data/ref_genome/UCinero_ref.1.bt2, data/ref_genome/UCinero_ref.2.bt2, data/ref_genome/UCinero_ref.3.bt2, data/ref_genome/UCinero_ref.4.bt2, data/ref_genome/UCinero_ref.rev.1.bt2, data/ref_genome/UCinero_ref.rev.2.bt2, data/lane1/deduped/109.dedup
    output: data/lane1/sams/109.sam
    conda-env: /home/LC/kollad01/gray_fox_east_structure/.snakemake/conda/5a9f9d52ae538974714638ca500ef74e_
    shell:
        
        bowtie2 --no-unal --score-min L,16,1 --local -L 16 -x data/ref_genome/UCinero_ref -U data/lane1/deduped/109.dedup -S data/lane1/sams/109.sam
        
        (one of the commands exited with non-zero exit code; note that snakemake uses bash strict mode!)

[Fri Jun  7 15:54:12 2024]
Error in rule align_reads_to_ref:
    jobid: 1685
    input: data/ref_genome/UCinero_ref.1.bt2, data/ref_genome/UCinero_ref.2.bt2, data/ref_genome/UCinero_ref.3.bt2, data/ref_genome/UCinero_ref.4.bt2, data/ref_genome/UCinero_ref.rev.1.bt2, data/ref_genome/UCinero_ref.rev.2.bt2, data/lane1/deduped/ucin238.dedup
    output: data/lane1/sams/ucin238.sam
    conda-env: /home/LC/kollad01/gray_fox_east_structure/.snakemake/conda/5a9f9d52ae538974714638ca500ef74e_
    shell:
        
        bowtie2 --no-unal --score-min L,16,1 --local -L 16 -x data/ref_genome/UCinero_ref -U data/lane1/deduped/ucin238.dedup -S data/lane1/sams/ucin238.sam
        
        (one of the commands exited with non-zero exit code; note that snakemake uses bash strict mode!)

[Fri Jun  7 15:54:12 2024]
[Fri Jun  7 15:54:12 2024]
Error in rule align_reads_to_ref:
    jobid: 1045
    input: data/ref_genome/UCinero_ref.1.bt2, data/ref_genome/UCinero_ref.2.bt2, data/ref_genome/UCinero_ref.3.bt2, data/ref_genome/UCinero_ref.4.bt2, data/ref_genome/UCinero_ref.rev.1.bt2, data/ref_genome/UCinero_ref.rev.2.bt2, data/lane1/deduped/ucin074.dedup
    output: data/lane1/sams/ucin074.sam
    conda-env: /home/LC/kollad01/gray_fox_east_structure/.snakemake/conda/5a9f9d52ae538974714638ca500ef74e_
    shell:
        
        bowtie2 --no-unal --score-min L,16,1 --local -L 16 -x data/ref_genome/UCinero_ref -U data/lane1/deduped/ucin074.dedup -S data/lane1/sams/ucin074.sam
        
        (one of the commands exited with non-zero exit code; note that snakemake uses bash strict mode!)

Error in rule align_reads_to_ref:
    jobid: 1335
    input: data/ref_genome/UCinero_ref.1.bt2, data/ref_genome/UCinero_ref.2.bt2, data/ref_genome/UCinero_ref.3.bt2, data/ref_genome/UCinero_ref.4.bt2, data/ref_genome/UCinero_ref.rev.1.bt2, data/ref_genome/UCinero_ref.rev.2.bt2, data/lane1/deduped/ucin139.dedup
    output: data/lane1/sams/ucin139.sam
    conda-env: /home/LC/kollad01/gray_fox_east_structure/.snakemake/conda/5a9f9d52ae538974714638ca500ef74e_
    shell:
        
        bowtie2 --no-unal --score-min L,16,1 --local -L 16 -x data/ref_genome/UCinero_ref -U data/lane1/deduped/ucin139.dedup -S data/lane1/sams/ucin139.sam
        
        (one of the commands exited with non-zero exit code; note that snakemake uses bash strict mode!)

[Fri Jun  7 15:54:12 2024]
Error in rule align_reads_to_ref:
    jobid: 385
    input: data/ref_genome/UCinero_ref.1.bt2, data/ref_genome/UCinero_ref.2.bt2, data/ref_genome/UCinero_ref.3.bt2, data/ref_genome/UCinero_ref.4.bt2, data/ref_genome/UCinero_ref.rev.1.bt2, data/ref_genome/UCinero_ref.rev.2.bt2, data/lane1/deduped/858.dedup
    output: data/lane1/sams/858.sam
    conda-env: /home/LC/kollad01/gray_fox_east_structure/.snakemake/conda/5a9f9d52ae538974714638ca500ef74e_
    shell:
        
        bowtie2 --no-unal --score-min L,16,1 --local -L 16 -x data/ref_genome/UCinero_ref -U data/lane1/deduped/858.dedup -S data/lane1/sams/858.sam
        
        (one of the commands exited with non-zero exit code; note that snakemake uses bash strict mode!)

[Fri Jun  7 15:54:12 2024]
Error in rule align_reads_to_ref:
    jobid: 2110
    input: data/ref_genome/UCinero_ref.1.bt2, data/ref_genome/UCinero_ref.2.bt2, data/ref_genome/UCinero_ref.3.bt2, data/ref_genome/UCinero_ref.4.bt2, data/ref_genome/UCinero_ref.rev.1.bt2, data/ref_genome/UCinero_ref.rev.2.bt2, data/lane1/deduped/ucin347conc.dedup
    output: data/lane1/sams/ucin347conc.sam
    conda-env: /home/LC/kollad01/gray_fox_east_structure/.snakemake/conda/5a9f9d52ae538974714638ca500ef74e_
    shell:
        
        bowtie2 --no-unal --score-min L,16,1 --local -L 16 -x data/ref_genome/UCinero_ref -U data/lane1/deduped/ucin347conc.dedup -S data/lane1/sams/ucin347conc.sam
        
        (one of the commands exited with non-zero exit code; note that snakemake uses bash strict mode!)

[Fri Jun  7 15:54:12 2024]
Error in rule align_reads_to_ref:
    jobid: 1560
    input: data/ref_genome/UCinero_ref.1.bt2, data/ref_genome/UCinero_ref.2.bt2, data/ref_genome/UCinero_ref.3.bt2, data/ref_genome/UCinero_ref.4.bt2, data/ref_genome/UCinero_ref.rev.1.bt2, data/ref_genome/UCinero_ref.rev.2.bt2, data/lane1/deduped/ucin214z.dedup
    output: data/lane1/sams/ucin214z.sam
    conda-env: /home/LC/kollad01/gray_fox_east_structure/.snakemake/conda/5a9f9d52ae538974714638ca500ef74e_
    shell:
        
        bowtie2 --no-unal --score-min L,16,1 --local -L 16 -x data/ref_genome/UCinero_ref -U data/lane1/deduped/ucin214z.dedup -S data/lane1/sams/ucin214z.sam
        
        (one of the commands exited with non-zero exit code; note that snakemake uses bash strict mode!)

[Fri Jun  7 15:54:12 2024]
Error in rule align_reads_to_ref:
    jobid: 1135
    input: data/ref_genome/UCinero_ref.1.bt2, data/ref_genome/UCinero_ref.2.bt2, data/ref_genome/UCinero_ref.3.bt2, data/ref_genome/UCinero_ref.4.bt2, data/ref_genome/UCinero_ref.rev.1.bt2, data/ref_genome/UCinero_ref.rev.2.bt2, data/lane1/deduped/ucin098.dedup
    output: data/lane1/sams/ucin098.sam
    conda-env: /home/LC/kollad01/gray_fox_east_structure/.snakemake/conda/5a9f9d52ae538974714638ca500ef74e_
    shell:
        
        bowtie2 --no-unal --score-min L,16,1 --local -L 16 -x data/ref_genome/UCinero_ref -U data/lane1/deduped/ucin098.dedup -S data/lane1/sams/ucin098.sam
        
        (one of the commands exited with non-zero exit code; note that snakemake uses bash strict mode!)

[Fri Jun  7 15:54:12 2024]
Error in rule align_reads_to_ref:
    jobid: 580
    input: data/ref_genome/UCinero_ref.1.bt2, data/ref_genome/UCinero_ref.2.bt2, data/ref_genome/UCinero_ref.3.bt2, data/ref_genome/UCinero_ref.4.bt2, data/ref_genome/UCinero_ref.rev.1.bt2, data/ref_genome/UCinero_ref.rev.2.bt2, data/lane1/deduped/801RE.dedup
    output: data/lane1/sams/801RE.sam
    conda-env: /home/LC/kollad01/gray_fox_east_structure/.snakemake/conda/5a9f9d52ae538974714638ca500ef74e_
    shell:
        
        bowtie2 --no-unal --score-min L,16,1 --local -L 16 -x data/ref_genome/UCinero_ref -U data/lane1/deduped/801RE.dedup -S data/lane1/sams/801RE.sam
        
        (one of the commands exited with non-zero exit code; note that snakemake uses bash strict mode!)

[Fri Jun  7 15:54:12 2024]
Error in rule align_reads_to_ref:
    jobid: 2366
    input: data/ref_genome/UCinero_ref.1.bt2, data/ref_genome/UCinero_ref.2.bt2, data/ref_genome/UCinero_ref.3.bt2, data/ref_genome/UCinero_ref.4.bt2, data/ref_genome/UCinero_ref.rev.1.bt2, data/ref_genome/UCinero_ref.rev.2.bt2, data/lane2/deduped/ucin423z.dedup
    output: data/lane2/sams/ucin423z.sam
    conda-env: /home/LC/kollad01/gray_fox_east_structure/.snakemake/conda/5a9f9d52ae538974714638ca500ef74e_
    shell:
        
        bowtie2 --no-unal --score-min L,16,1 --local -L 16 -x data/ref_genome/UCinero_ref -U data/lane2/deduped/ucin423z.dedup -S data/lane2/sams/ucin423z.sam
        
        (one of the commands exited with non-zero exit code; note that snakemake uses bash strict mode!)

[Fri Jun  7 15:54:12 2024]
Error in rule align_reads_to_ref:
    jobid: 641
    input: data/ref_genome/UCinero_ref.1.bt2, data/ref_genome/UCinero_ref.2.bt2, data/ref_genome/UCinero_ref.3.bt2, data/ref_genome/UCinero_ref.4.bt2, data/ref_genome/UCinero_ref.rev.1.bt2, data/ref_genome/UCinero_ref.rev.2.bt2, data/lane2/deduped/826RE.dedup
    output: data/lane2/sams/826RE.sam
    conda-env: /home/LC/kollad01/gray_fox_east_structure/.snakemake/conda/5a9f9d52ae538974714638ca500ef74e_
    shell:
        
        bowtie2 --no-unal --score-min L,16,1 --local -L 16 -x data/ref_genome/UCinero_ref -U data/lane2/deduped/826RE.dedup -S data/lane2/sams/826RE.sam
        
        (one of the commands exited with non-zero exit code; note that snakemake uses bash strict mode!)

[Fri Jun  7 15:54:12 2024]
Error in rule align_reads_to_ref:
    jobid: 2215
    input: data/ref_genome/UCinero_ref.1.bt2, data/ref_genome/UCinero_ref.2.bt2, data/ref_genome/UCinero_ref.3.bt2, data/ref_genome/UCinero_ref.4.bt2, data/ref_genome/UCinero_ref.rev.1.bt2, data/ref_genome/UCinero_ref.rev.2.bt2, data/lane1/deduped/ucin381.dedup
    output: data/lane1/sams/ucin381.sam
    conda-env: /home/LC/kollad01/gray_fox_east_structure/.snakemake/conda/5a9f9d52ae538974714638ca500ef74e_
    shell:
        
        bowtie2 --no-unal --score-min L,16,1 --local -L 16 -x data/ref_genome/UCinero_ref -U data/lane1/deduped/ucin381.dedup -S data/lane1/sams/ucin381.sam
        
        (one of the commands exited with non-zero exit code; note that snakemake uses bash strict mode!)

[Fri Jun  7 15:54:12 2024]
Error in rule align_reads_to_ref:
    jobid: 925
    input: data/ref_genome/UCinero_ref.1.bt2, data/ref_genome/UCinero_ref.2.bt2, data/ref_genome/UCinero_ref.3.bt2, data/ref_genome/UCinero_ref.4.bt2, data/ref_genome/UCinero_ref.rev.1.bt2, data/ref_genome/UCinero_ref.rev.2.bt2, data/lane1/deduped/ucin041.dedup
    output: data/lane1/sams/ucin041.sam
    conda-env: /home/LC/kollad01/gray_fox_east_structure/.snakemake/conda/5a9f9d52ae538974714638ca500ef74e_
    shell:
        
        bowtie2 --no-unal --score-min L,16,1 --local -L 16 -x data/ref_genome/UCinero_ref -U data/lane1/deduped/ucin041.dedup -S data/lane1/sams/ucin041.sam
        
        (one of the commands exited with non-zero exit code; note that snakemake uses bash strict mode!)

[Fri Jun  7 15:54:12 2024]
Error in rule align_reads_to_ref:
    jobid: 1766
    input: data/ref_genome/UCinero_ref.1.bt2, data/ref_genome/UCinero_ref.2.bt2, data/ref_genome/UCinero_ref.3.bt2, data/ref_genome/UCinero_ref.4.bt2, data/ref_genome/UCinero_ref.rev.1.bt2, data/ref_genome/UCinero_ref.rev.2.bt2, data/lane2/deduped/ucin259.dedup
    output: data/lane2/sams/ucin259.sam
    conda-env: /home/LC/kollad01/gray_fox_east_structure/.snakemake/conda/5a9f9d52ae538974714638ca500ef74e_
    shell:
        
        bowtie2 --no-unal --score-min L,16,1 --local -L 16 -x data/ref_genome/UCinero_ref -U data/lane2/deduped/ucin259.dedup -S data/lane2/sams/ucin259.sam
        
        (one of the commands exited with non-zero exit code; note that snakemake uses bash strict mode!)

[Fri Jun  7 15:54:12 2024]
Error in rule align_reads_to_ref:
    jobid: 1640
    input: data/ref_genome/UCinero_ref.1.bt2, data/ref_genome/UCinero_ref.2.bt2, data/ref_genome/UCinero_ref.3.bt2, data/ref_genome/UCinero_ref.4.bt2, data/ref_genome/UCinero_ref.rev.1.bt2, data/ref_genome/UCinero_ref.rev.2.bt2, data/lane1/deduped/ucin230.dedup
    output: data/lane1/sams/ucin230.sam
    conda-env: /home/LC/kollad01/gray_fox_east_structure/.snakemake/conda/5a9f9d52ae538974714638ca500ef74e_
    shell:
        
        bowtie2 --no-unal --score-min L,16,1 --local -L 16 -x data/ref_genome/UCinero_ref -U data/lane1/deduped/ucin230.dedup -S data/lane1/sams/ucin230.sam
        
        (one of the commands exited with non-zero exit code; note that snakemake uses bash strict mode!)

[Fri Jun  7 15:54:12 2024]
Error in rule align_reads_to_ref:
    jobid: 750
    input: data/ref_genome/UCinero_ref.1.bt2, data/ref_genome/UCinero_ref.2.bt2, data/ref_genome/UCinero_ref.3.bt2, data/ref_genome/UCinero_ref.4.bt2, data/ref_genome/UCinero_ref.rev.1.bt2, data/ref_genome/UCinero_ref.rev.2.bt2, data/lane1/deduped/ucin002.dedup
    output: data/lane1/sams/ucin002.sam
    conda-env: /home/LC/kollad01/gray_fox_east_structure/.snakemake/conda/5a9f9d52ae538974714638ca500ef74e_
    shell:
        
        bowtie2 --no-unal --score-min L,16,1 --local -L 16 -x data/ref_genome/UCinero_ref -U data/lane1/deduped/ucin002.dedup -S data/lane1/sams/ucin002.sam
        
        (one of the commands exited with non-zero exit code; note that snakemake uses bash strict mode!)

[Fri Jun  7 15:54:12 2024]
Error in rule align_reads_to_ref:
    jobid: 831
    input: data/ref_genome/UCinero_ref.1.bt2, data/ref_genome/UCinero_ref.2.bt2, data/ref_genome/UCinero_ref.3.bt2, data/ref_genome/UCinero_ref.4.bt2, data/ref_genome/UCinero_ref.rev.1.bt2, data/ref_genome/UCinero_ref.rev.2.bt2, data/lane2/deduped/ucin021.dedup
    output: data/lane2/sams/ucin021.sam
    conda-env: /home/LC/kollad01/gray_fox_east_structure/.snakemake/conda/5a9f9d52ae538974714638ca500ef74e_
    shell:
        
        bowtie2 --no-unal --score-min L,16,1 --local -L 16 -x data/ref_genome/UCinero_ref -U data/lane2/deduped/ucin021.dedup -S data/lane2/sams/ucin021.sam
        
        (one of the commands exited with non-zero exit code; note that snakemake uses bash strict mode!)

[Fri Jun  7 15:54:12 2024]
[Fri Jun  7 15:54:12 2024]
Error in rule align_reads_to_ref:
    jobid: 1360
    input: data/ref_genome/UCinero_ref.1.bt2, data/ref_genome/UCinero_ref.2.bt2, data/ref_genome/UCinero_ref.3.bt2, data/ref_genome/UCinero_ref.4.bt2, data/ref_genome/UCinero_ref.rev.1.bt2, data/ref_genome/UCinero_ref.rev.2.bt2, data/lane1/deduped/ucin144.dedup
    output: data/lane1/sams/ucin144.sam
    conda-env: /home/LC/kollad01/gray_fox_east_structure/.snakemake/conda/5a9f9d52ae538974714638ca500ef74e_
    shell:
        
        bowtie2 --no-unal --score-min L,16,1 --local -L 16 -x data/ref_genome/UCinero_ref -U data/lane1/deduped/ucin144.dedup -S data/lane1/sams/ucin144.sam
        
        (one of the commands exited with non-zero exit code; note that snakemake uses bash strict mode!)

Error in rule align_reads_to_ref:
    jobid: 1040
    input: data/ref_genome/UCinero_ref.1.bt2, data/ref_genome/UCinero_ref.2.bt2, data/ref_genome/UCinero_ref.3.bt2, data/ref_genome/UCinero_ref.4.bt2, data/ref_genome/UCinero_ref.rev.1.bt2, data/ref_genome/UCinero_ref.rev.2.bt2, data/lane1/deduped/ucin068B.dedup
    output: data/lane1/sams/ucin068B.sam
    conda-env: /home/LC/kollad01/gray_fox_east_structure/.snakemake/conda/5a9f9d52ae538974714638ca500ef74e_
    shell:
        
        bowtie2 --no-unal --score-min L,16,1 --local -L 16 -x data/ref_genome/UCinero_ref -U data/lane1/deduped/ucin068B.dedup -S data/lane1/sams/ucin068B.sam
        
        (one of the commands exited with non-zero exit code; note that snakemake uses bash strict mode!)

[Fri Jun  7 15:54:12 2024]
Error in rule align_reads_to_ref:
    jobid: 1400
    input: data/ref_genome/UCinero_ref.1.bt2, data/ref_genome/UCinero_ref.2.bt2, data/ref_genome/UCinero_ref.3.bt2, data/ref_genome/UCinero_ref.4.bt2, data/ref_genome/UCinero_ref.rev.1.bt2, data/ref_genome/UCinero_ref.rev.2.bt2, data/lane1/deduped/ucin152.dedup
    output: data/lane1/sams/ucin152.sam
    conda-env: /home/LC/kollad01/gray_fox_east_structure/.snakemake/conda/5a9f9d52ae538974714638ca500ef74e_
    shell:
        
        bowtie2 --no-unal --score-min L,16,1 --local -L 16 -x data/ref_genome/UCinero_ref -U data/lane1/deduped/ucin152.dedup -S data/lane1/sams/ucin152.sam
        
        (one of the commands exited with non-zero exit code; note that snakemake uses bash strict mode!)

[Fri Jun  7 15:54:12 2024]
Error in rule align_reads_to_ref:
    jobid: 2430
    input: data/ref_genome/UCinero_ref.1.bt2, data/ref_genome/UCinero_ref.2.bt2, data/ref_genome/UCinero_ref.3.bt2, data/ref_genome/UCinero_ref.4.bt2, data/ref_genome/UCinero_ref.rev.1.bt2, data/ref_genome/UCinero_ref.rev.2.bt2, data/lane1/deduped/ucin436.dedup
    output: data/lane1/sams/ucin436.sam
    conda-env: /home/LC/kollad01/gray_fox_east_structure/.snakemake/conda/5a9f9d52ae538974714638ca500ef74e_
    shell:
        
        bowtie2 --no-unal --score-min L,16,1 --local -L 16 -x data/ref_genome/UCinero_ref -U data/lane1/deduped/ucin436.dedup -S data/lane1/sams/ucin436.sam
        
        (one of the commands exited with non-zero exit code; note that snakemake uses bash strict mode!)

[Fri Jun  7 15:54:12 2024]
Error in rule align_reads_to_ref:
    jobid: 1996
    input: data/ref_genome/UCinero_ref.1.bt2, data/ref_genome/UCinero_ref.2.bt2, data/ref_genome/UCinero_ref.3.bt2, data/ref_genome/UCinero_ref.4.bt2, data/ref_genome/UCinero_ref.rev.1.bt2, data/ref_genome/UCinero_ref.rev.2.bt2, data/lane2/deduped/ucin324z.dedup
    output: data/lane2/sams/ucin324z.sam
    conda-env: /home/LC/kollad01/gray_fox_east_structure/.snakemake/conda/5a9f9d52ae538974714638ca500ef74e_
    shell:
        
        bowtie2 --no-unal --score-min L,16,1 --local -L 16 -x data/ref_genome/UCinero_ref -U data/lane2/deduped/ucin324z.dedup -S data/lane2/sams/ucin324z.sam
        
        (one of the commands exited with non-zero exit code; note that snakemake uses bash strict mode!)

Shutting down, this might take some time.
Exiting because a job execution failed. Look above for error message
Complete log: .snakemake/log/2024-06-07T155346.006307.snakemake.log
